<?xml version="1.0" encoding="UTF-8"?>
<robot generator="Robot 7.2.2 (Python 3.13.3 on win32)" generated="2025-05-26T16:44:35.111683" rpa="false" schemaversion="5">
<suite id="s1" name="TestCases" source="C:\Users\yuvar\ROBOTFRAMEWORK\POMRobotSwag\TestCases">
<suite id="s1-s1" name="CancelbtnTest" source="C:\Users\yuvar\ROBOTFRAMEWORK\POMRobotSwag\TestCases\CancelbtnTest.robot">
<test id="s1-s1-t1" name="Add the product to the cart and go to checkout and verify the cancel button" line="16">
<kw name="Open the browser with URL" owner="GenericResources" type="SETUP">
<kw name="Create Webdriver" owner="SeleniumLibrary">
<msg time="2025-05-26T16:44:35.721459" level="INFO">Creating an instance of the Firefox WebDriver.</msg>
<arg>${browser_name}</arg>
<doc>Creates an instance of Selenium WebDriver.</doc>
<status status="PASS" start="2025-05-26T16:44:35.721278" elapsed="7.198778"/>
</kw>
<kw name="Go To" owner="SeleniumLibrary">
<msg time="2025-05-26T16:44:42.920986" level="INFO">Opening url 'https://www.saucedemo.com/'</msg>
<arg>${url}</arg>
<doc>Navigates the current browser window to the provided ``url``.</doc>
<status status="PASS" start="2025-05-26T16:44:42.920567" elapsed="1.011876"/>
</kw>
<kw name="Maximize Browser Window" owner="SeleniumLibrary">
<doc>Maximizes current browser window.</doc>
<status status="PASS" start="2025-05-26T16:44:43.932881" elapsed="0.275476"/>
</kw>
<kw name="Set Selenium Implicit Wait" owner="SeleniumLibrary">
<arg>5</arg>
<doc>Sets the implicit wait value used by Selenium.</doc>
<status status="PASS" start="2025-05-26T16:44:44.208646" elapsed="0.005178"/>
</kw>
<status status="PASS" start="2025-05-26T16:44:35.720765" elapsed="8.493285"/>
</kw>
<kw name="Fill the login form" owner="LoginResources">
<kw name="Input Text" owner="SeleniumLibrary">
<msg time="2025-05-26T16:44:44.217557" level="INFO">Typing text 'standard_user' into text field 'id:user-name'.</msg>
<arg>id:user-name</arg>
<arg>${username}</arg>
<doc>Types the given ``text`` into the text field identified by ``locator``.</doc>
<status status="PASS" start="2025-05-26T16:44:44.216809" elapsed="0.141757"/>
</kw>
<kw name="Input Password" owner="SeleniumLibrary">
<msg time="2025-05-26T16:44:44.359224" level="INFO">Typing password into text field 'id:password'.</msg>
<msg time="2025-05-26T16:44:44.365745" level="INFO">Temporally setting log level to: NONE</msg>
<arg>id:password</arg>
<arg>${password}</arg>
<doc>Types the given password into the text field identified by ``locator``.</doc>
<status status="PASS" start="2025-05-26T16:44:44.358864" elapsed="0.030887"/>
</kw>
<kw name="Click Button" owner="SeleniumLibrary">
<msg time="2025-05-26T16:44:44.390319" level="INFO">Clicking button 'id:login-button'.</msg>
<arg>id:login-button</arg>
<doc>Clicks the button identified by ``locator``.</doc>
<status status="PASS" start="2025-05-26T16:44:44.390038" elapsed="0.436463"/>
</kw>
<arg>${username}</arg>
<arg>${password}</arg>
<status status="PASS" start="2025-05-26T16:44:44.216183" elapsed="0.610525"/>
</kw>
<kw name="click the add to cart for a product" owner="CancelbtnResources">
<kw name="Click Button" owner="SeleniumLibrary">
<msg time="2025-05-26T16:44:44.828040" level="INFO">Clicking button 'id:add-to-cart-sauce-labs-backpack'.</msg>
<arg>${addtocart}</arg>
<doc>Clicks the button identified by ``locator``.</doc>
<status status="PASS" start="2025-05-26T16:44:44.827786" elapsed="0.225016"/>
</kw>
<status status="PASS" start="2025-05-26T16:44:44.827399" elapsed="0.225573"/>
</kw>
<kw name="click the shopping cart link" owner="CancelbtnResources">
<kw name="Click Element" owner="SeleniumLibrary">
<msg time="2025-05-26T16:44:45.054163" level="INFO">Clicking element 'xpath://a[@data-test='shopping-cart-link']'.</msg>
<arg>${shoppingCart}</arg>
<doc>Click the element identified by ``locator``.</doc>
<status status="PASS" start="2025-05-26T16:44:45.053883" elapsed="0.233285"/>
</kw>
<status status="PASS" start="2025-05-26T16:44:45.053515" elapsed="0.233869"/>
</kw>
<kw name="click the checkout button" owner="CancelbtnResources">
<kw name="Click Button" owner="SeleniumLibrary">
<msg time="2025-05-26T16:44:45.288901" level="INFO">Clicking button 'id:checkout'.</msg>
<arg>${checkout}</arg>
<doc>Clicks the button identified by ``locator``.</doc>
<status status="PASS" start="2025-05-26T16:44:45.288503" elapsed="0.235505"/>
</kw>
<status status="PASS" start="2025-05-26T16:44:45.287953" elapsed="0.236305"/>
</kw>
<kw name="provide the firstname" owner="CancelbtnResources">
<kw name="Input Text" owner="SeleniumLibrary">
<msg time="2025-05-26T16:44:45.525676" level="INFO">Typing text 'Yuvaraj' into text field 'id:first-name'.</msg>
<arg>${firstname}</arg>
<arg>Yuvaraj</arg>
<doc>Types the given ``text`` into the text field identified by ``locator``.</doc>
<status status="PASS" start="2025-05-26T16:44:45.525338" elapsed="0.053733"/>
</kw>
<status status="PASS" start="2025-05-26T16:44:45.524817" elapsed="0.054430"/>
</kw>
<kw name="provide the lastname" owner="CancelbtnResources">
<kw name="Input Text" owner="SeleniumLibrary">
<msg time="2025-05-26T16:44:45.580419" level="INFO">Typing text 'raj' into text field 'id:last-name'.</msg>
<arg>${lastname}</arg>
<arg>raj</arg>
<doc>Types the given ``text`` into the text field identified by ``locator``.</doc>
<status status="PASS" start="2025-05-26T16:44:45.580179" elapsed="0.030601"/>
</kw>
<status status="PASS" start="2025-05-26T16:44:45.579715" elapsed="0.031210"/>
</kw>
<kw name="provide the zipcode" owner="CancelbtnResources">
<kw name="Input Text" owner="SeleniumLibrary">
<msg time="2025-05-26T16:44:45.612004" level="INFO">Typing text '636305' into text field 'id:postal-code'.</msg>
<arg>${Zipcode}</arg>
<arg>636305</arg>
<doc>Types the given ``text`` into the text field identified by ``locator``.</doc>
<status status="PASS" start="2025-05-26T16:44:45.611767" elapsed="0.029736"/>
</kw>
<status status="PASS" start="2025-05-26T16:44:45.611389" elapsed="0.030413"/>
</kw>
<kw name="click the continue btn" owner="CancelbtnResources">
<kw name="Click Button" owner="SeleniumLibrary">
<msg time="2025-05-26T16:44:45.643239" level="INFO">Clicking button 'id:continue'.</msg>
<arg>${continue}</arg>
<doc>Clicks the button identified by ``locator``.</doc>
<status status="PASS" start="2025-05-26T16:44:45.642938" elapsed="0.222097"/>
</kw>
<status status="PASS" start="2025-05-26T16:44:45.642446" elapsed="0.222713"/>
</kw>
<kw name="click the cancel btn" owner="CancelbtnResources">
<kw name="Click Button" owner="SeleniumLibrary">
<msg time="2025-05-26T16:44:45.866903" level="INFO">Clicking button 'id:cancel'.</msg>
<arg>${cancel}</arg>
<doc>Clicks the button identified by ``locator``.</doc>
<status status="PASS" start="2025-05-26T16:44:45.866689" elapsed="0.241003"/>
</kw>
<status status="PASS" start="2025-05-26T16:44:45.866370" elapsed="0.241449"/>
</kw>
<kw name="verify the page is the home page" owner="CancelbtnResources">
<kw name="Page Should Contain" owner="SeleniumLibrary">
<msg time="2025-05-26T16:44:46.124341" level="INFO">Current page contains text 'Products'.</msg>
<arg>Products</arg>
<doc>Verifies that current page contains ``text``.</doc>
<status status="PASS" start="2025-05-26T16:44:46.108773" elapsed="0.015678"/>
</kw>
<status status="PASS" start="2025-05-26T16:44:46.108390" elapsed="0.016169"/>
</kw>
<kw name="Close the browser Session" owner="GenericResources" type="TEARDOWN">
<kw name="Close Browser" owner="SeleniumLibrary">
<doc>Closes the current browser.</doc>
<status status="PASS" start="2025-05-26T16:44:46.125598" elapsed="3.117921"/>
</kw>
<status status="PASS" start="2025-05-26T16:44:46.125228" elapsed="3.118432"/>
</kw>
<status status="PASS" start="2025-05-26T16:44:35.719830" elapsed="13.524213"/>
</test>
<doc>Tests to Validate the Checkout cancel button</doc>
<status status="PASS" start="2025-05-26T16:44:35.160738" elapsed="14.084551"/>
</suite>
<suite id="s1-s2" name="FilterTest" source="C:\Users\yuvar\ROBOTFRAMEWORK\POMRobotSwag\TestCases\FilterTest.robot">
<test id="s1-s2-t1" name="Add the product to the cart and remove the product" line="16">
<kw name="Open the browser with URL" owner="GenericResources" type="SETUP">
<kw name="Create Webdriver" owner="SeleniumLibrary">
<msg time="2025-05-26T16:44:49.276369" level="INFO">Creating an instance of the Firefox WebDriver.</msg>
<arg>${browser_name}</arg>
<doc>Creates an instance of Selenium WebDriver.</doc>
<status status="PASS" start="2025-05-26T16:44:49.276078" elapsed="6.145873"/>
</kw>
<kw name="Go To" owner="SeleniumLibrary">
<msg time="2025-05-26T16:44:55.422563" level="INFO">Opening url 'https://www.saucedemo.com/'</msg>
<arg>${url}</arg>
<doc>Navigates the current browser window to the provided ``url``.</doc>
<status status="PASS" start="2025-05-26T16:44:55.422287" elapsed="0.816173"/>
</kw>
<kw name="Maximize Browser Window" owner="SeleniumLibrary">
<doc>Maximizes current browser window.</doc>
<status status="PASS" start="2025-05-26T16:44:56.238963" elapsed="0.285506"/>
</kw>
<kw name="Set Selenium Implicit Wait" owner="SeleniumLibrary">
<arg>5</arg>
<doc>Sets the implicit wait value used by Selenium.</doc>
<status status="PASS" start="2025-05-26T16:44:56.524980" elapsed="0.005394"/>
</kw>
<status status="PASS" start="2025-05-26T16:44:49.274931" elapsed="7.255589"/>
</kw>
<kw name="Fill the login form" owner="LoginResources">
<kw name="Input Text" owner="SeleniumLibrary">
<msg time="2025-05-26T16:44:56.531979" level="INFO">Typing text 'standard_user' into text field 'id:user-name'.</msg>
<arg>id:user-name</arg>
<arg>${username}</arg>
<doc>Types the given ``text`` into the text field identified by ``locator``.</doc>
<status status="PASS" start="2025-05-26T16:44:56.531674" elapsed="0.149961"/>
</kw>
<kw name="Input Password" owner="SeleniumLibrary">
<msg time="2025-05-26T16:44:56.682296" level="INFO">Typing password into text field 'id:password'.</msg>
<msg time="2025-05-26T16:44:56.690724" level="INFO">Temporally setting log level to: NONE</msg>
<arg>id:password</arg>
<arg>${password}</arg>
<doc>Types the given password into the text field identified by ``locator``.</doc>
<status status="PASS" start="2025-05-26T16:44:56.681937" elapsed="0.036500"/>
</kw>
<kw name="Click Button" owner="SeleniumLibrary">
<msg time="2025-05-26T16:44:56.718770" level="INFO">Clicking button 'id:login-button'.</msg>
<arg>id:login-button</arg>
<doc>Clicks the button identified by ``locator``.</doc>
<status status="PASS" start="2025-05-26T16:44:56.718605" elapsed="0.273035"/>
</kw>
<arg>${username}</arg>
<arg>${password}</arg>
<status status="PASS" start="2025-05-26T16:44:56.531088" elapsed="0.460662"/>
</kw>
<kw name="get the products price list before using filter" owner="FilterResources">
<kw name="Get WebElements" owner="SeleniumLibrary">
<msg time="2025-05-26T16:44:56.996506" level="INFO">${elements} = [&lt;selenium.webdriver.remote.webelement.WebElement (session="d0ed1eac-4a5a-4ad3-bf4d-75cdd9199199", element="493c163f-bf10-43e6-851e-2808f73f7a5f")&gt;, &lt;selenium.webdriver.remote.webelement.WebElement (s...</msg>
<var>${elements}</var>
<arg>${pricelist}</arg>
<doc>Returns a list of WebElement objects matching the ``locator``.</doc>
<status status="PASS" start="2025-05-26T16:44:56.992460" elapsed="0.004103"/>
</kw>
<for flavor="IN">
<iter>
<kw name="Log To Console" owner="BuiltIn">
<arg>${element.text}</arg>
<doc>Logs the given message to the console.</doc>
<status status="PASS" start="2025-05-26T16:44:56.997060" elapsed="0.012435"/>
</kw>
<var name="${element}">&lt;selenium.webdriver.remote.webelement.WebElement (session="d0ed1eac-4a5a-4ad3-bf4d-75cdd9199199", element="493c163f-bf10-43e6-851e-2808f73f7a5f")&gt;</var>
<status status="PASS" start="2025-05-26T16:44:56.996914" elapsed="0.012730"/>
</iter>
<iter>
<kw name="Log To Console" owner="BuiltIn">
<arg>${element.text}</arg>
<doc>Logs the given message to the console.</doc>
<status status="PASS" start="2025-05-26T16:44:57.010115" elapsed="0.008321"/>
</kw>
<var name="${element}">&lt;selenium.webdriver.remote.webelement.WebElement (session="d0ed1eac-4a5a-4ad3-bf4d-75cdd9199199", element="a3233c61-6d2c-4bf5-a128-2a09bfcf500e")&gt;</var>
<status status="PASS" start="2025-05-26T16:44:57.009905" elapsed="0.008623"/>
</iter>
<iter>
<kw name="Log To Console" owner="BuiltIn">
<arg>${element.text}</arg>
<doc>Logs the given message to the console.</doc>
<status status="PASS" start="2025-05-26T16:44:57.018788" elapsed="0.008720"/>
</kw>
<var name="${element}">&lt;selenium.webdriver.remote.webelement.WebElement (session="d0ed1eac-4a5a-4ad3-bf4d-75cdd9199199", element="8077a3a0-a748-40da-963c-7a5c8c65bdcc")&gt;</var>
<status status="PASS" start="2025-05-26T16:44:57.018675" elapsed="0.008969"/>
</iter>
<iter>
<kw name="Log To Console" owner="BuiltIn">
<arg>${element.text}</arg>
<doc>Logs the given message to the console.</doc>
<status status="PASS" start="2025-05-26T16:44:57.028066" elapsed="0.013026"/>
</kw>
<var name="${element}">&lt;selenium.webdriver.remote.webelement.WebElement (session="d0ed1eac-4a5a-4ad3-bf4d-75cdd9199199", element="2102beb7-bb24-4004-8435-f03edc89b514")&gt;</var>
<status status="PASS" start="2025-05-26T16:44:57.027861" elapsed="0.013347"/>
</iter>
<iter>
<kw name="Log To Console" owner="BuiltIn">
<arg>${element.text}</arg>
<doc>Logs the given message to the console.</doc>
<status status="PASS" start="2025-05-26T16:44:57.041646" elapsed="0.006994"/>
</kw>
<var name="${element}">&lt;selenium.webdriver.remote.webelement.WebElement (session="d0ed1eac-4a5a-4ad3-bf4d-75cdd9199199", element="7561826e-8625-4d6d-9f95-568a0951b77a")&gt;</var>
<status status="PASS" start="2025-05-26T16:44:57.041448" elapsed="0.007298"/>
</iter>
<iter>
<kw name="Log To Console" owner="BuiltIn">
<arg>${element.text}</arg>
<doc>Logs the given message to the console.</doc>
<status status="PASS" start="2025-05-26T16:44:57.049046" elapsed="0.007245"/>
</kw>
<var name="${element}">&lt;selenium.webdriver.remote.webelement.WebElement (session="d0ed1eac-4a5a-4ad3-bf4d-75cdd9199199", element="39d67b4a-0651-4808-816b-d26c1e4eb84f")&gt;</var>
<status status="PASS" start="2025-05-26T16:44:57.048918" elapsed="0.007529"/>
</iter>
<var>${element}</var>
<value>@{elements}</value>
<status status="PASS" start="2025-05-26T16:44:56.996680" elapsed="0.059870"/>
</for>
<status status="PASS" start="2025-05-26T16:44:56.992189" elapsed="0.064542"/>
</kw>
<kw name="click the filter option and select the price low to high" owner="FilterResources">
<kw name="Click Element" owner="SeleniumLibrary">
<msg time="2025-05-26T16:44:57.057861" level="INFO">Clicking element '//div[@class='right_component']'.</msg>
<arg>${filter}</arg>
<doc>Click the element identified by ``locator``.</doc>
<status status="PASS" start="2025-05-26T16:44:57.057644" elapsed="0.266316"/>
</kw>
<kw name="Select From List By Value" owner="SeleniumLibrary">
<msg time="2025-05-26T16:44:57.324410" level="INFO">Selecting options from selection list 'css:.product_sort_container' by value lohi.</msg>
<arg>css:.product_sort_container</arg>
<arg>lohi</arg>
<doc>Selects options from selection list ``locator`` by ``values``.</doc>
<status status="PASS" start="2025-05-26T16:44:57.324174" elapsed="0.250917"/>
</kw>
<status status="PASS" start="2025-05-26T16:44:57.057267" elapsed="0.518037"/>
</kw>
<kw name="now get the products according to the selected filter option" owner="FilterResources">
<kw name="Create List" owner="BuiltIn">
<msg time="2025-05-26T16:44:57.576727" level="INFO">@{expectedlist} = [ $7.99 | $9.99 | $15.99 | $15.99 | $29.99 | $49.99 ]</msg>
<var>@{expectedlist}</var>
<arg>$7.99</arg>
<arg>$9.99</arg>
<arg>$15.99</arg>
<arg>$15.99</arg>
<arg>$29.99</arg>
<arg>$49.99</arg>
<doc>Returns a list containing given items.</doc>
<status status="PASS" start="2025-05-26T16:44:57.576508" elapsed="0.000263"/>
</kw>
<kw name="Get WebElements" owner="SeleniumLibrary">
<msg time="2025-05-26T16:44:57.581217" level="INFO">${elements} = [&lt;selenium.webdriver.remote.webelement.WebElement (session="d0ed1eac-4a5a-4ad3-bf4d-75cdd9199199", element="7561826e-8625-4d6d-9f95-568a0951b77a")&gt;, &lt;selenium.webdriver.remote.webelement.WebElement (s...</msg>
<var>${elements}</var>
<arg>${pricelist}</arg>
<doc>Returns a list of WebElement objects matching the ``locator``.</doc>
<status status="PASS" start="2025-05-26T16:44:57.576930" elapsed="0.005569"/>
</kw>
<kw name="Create List" owner="BuiltIn">
<msg time="2025-05-26T16:44:57.582917" level="INFO">@{actualList} = [ ]</msg>
<var>@{actualList}</var>
<doc>Returns a list containing given items.</doc>
<status status="PASS" start="2025-05-26T16:44:57.582687" elapsed="0.000269"/>
</kw>
<for flavor="IN">
<iter>
<kw name="Log To Console" owner="BuiltIn">
<arg>${element.text}</arg>
<doc>Logs the given message to the console.</doc>
<status status="PASS" start="2025-05-26T16:44:57.583362" elapsed="0.009142"/>
</kw>
<kw name="Append To List" owner="Collections">
<arg>${actualList}</arg>
<arg>${element.text}</arg>
<doc>Adds ``values`` to the end of ``list``.</doc>
<status status="PASS" start="2025-05-26T16:44:57.592749" elapsed="0.007342"/>
</kw>
<var name="${element}">&lt;selenium.webdriver.remote.webelement.WebElement (session="d0ed1eac-4a5a-4ad3-bf4d-75cdd9199199", element="7561826e-8625-4d6d-9f95-568a0951b77a")&gt;</var>
<status status="PASS" start="2025-05-26T16:44:57.583253" elapsed="0.016998"/>
</iter>
<iter>
<kw name="Log To Console" owner="BuiltIn">
<arg>${element.text}</arg>
<doc>Logs the given message to the console.</doc>
<status status="PASS" start="2025-05-26T16:44:57.600514" elapsed="0.008372"/>
</kw>
<kw name="Append To List" owner="Collections">
<arg>${actualList}</arg>
<arg>${element.text}</arg>
<doc>Adds ``values`` to the end of ``list``.</doc>
<status status="PASS" start="2025-05-26T16:44:57.609247" elapsed="0.007908"/>
</kw>
<var name="${element}">&lt;selenium.webdriver.remote.webelement.WebElement (session="d0ed1eac-4a5a-4ad3-bf4d-75cdd9199199", element="a3233c61-6d2c-4bf5-a128-2a09bfcf500e")&gt;</var>
<status status="PASS" start="2025-05-26T16:44:57.600395" elapsed="0.016836"/>
</iter>
<iter>
<kw name="Log To Console" owner="BuiltIn">
<arg>${element.text}</arg>
<doc>Logs the given message to the console.</doc>
<status status="PASS" start="2025-05-26T16:44:57.617448" elapsed="0.010450"/>
</kw>
<kw name="Append To List" owner="Collections">
<arg>${actualList}</arg>
<arg>${element.text}</arg>
<doc>Adds ``values`` to the end of ``list``.</doc>
<status status="PASS" start="2025-05-26T16:44:57.628106" elapsed="0.007564"/>
</kw>
<var name="${element}">&lt;selenium.webdriver.remote.webelement.WebElement (session="d0ed1eac-4a5a-4ad3-bf4d-75cdd9199199", element="8077a3a0-a748-40da-963c-7a5c8c65bdcc")&gt;</var>
<status status="PASS" start="2025-05-26T16:44:57.617346" elapsed="0.018392"/>
</iter>
<iter>
<kw name="Log To Console" owner="BuiltIn">
<arg>${element.text}</arg>
<doc>Logs the given message to the console.</doc>
<status status="PASS" start="2025-05-26T16:44:57.635950" elapsed="0.009712"/>
</kw>
<kw name="Append To List" owner="Collections">
<arg>${actualList}</arg>
<arg>${element.text}</arg>
<doc>Adds ``values`` to the end of ``list``.</doc>
<status status="PASS" start="2025-05-26T16:44:57.645844" elapsed="0.008191"/>
</kw>
<var name="${element}">&lt;selenium.webdriver.remote.webelement.WebElement (session="d0ed1eac-4a5a-4ad3-bf4d-75cdd9199199", element="39d67b4a-0651-4808-816b-d26c1e4eb84f")&gt;</var>
<status status="PASS" start="2025-05-26T16:44:57.635848" elapsed="0.018291"/>
</iter>
<iter>
<kw name="Log To Console" owner="BuiltIn">
<arg>${element.text}</arg>
<doc>Logs the given message to the console.</doc>
<status status="PASS" start="2025-05-26T16:44:57.654422" elapsed="0.008680"/>
</kw>
<kw name="Append To List" owner="Collections">
<arg>${actualList}</arg>
<arg>${element.text}</arg>
<doc>Adds ``values`` to the end of ``list``.</doc>
<status status="PASS" start="2025-05-26T16:44:57.663303" elapsed="0.008623"/>
</kw>
<var name="${element}">&lt;selenium.webdriver.remote.webelement.WebElement (session="d0ed1eac-4a5a-4ad3-bf4d-75cdd9199199", element="493c163f-bf10-43e6-851e-2808f73f7a5f")&gt;</var>
<status status="PASS" start="2025-05-26T16:44:57.654276" elapsed="0.017764"/>
</iter>
<iter>
<kw name="Log To Console" owner="BuiltIn">
<arg>${element.text}</arg>
<doc>Logs the given message to the console.</doc>
<status status="PASS" start="2025-05-26T16:44:57.672374" elapsed="0.008687"/>
</kw>
<kw name="Append To List" owner="Collections">
<arg>${actualList}</arg>
<arg>${element.text}</arg>
<doc>Adds ``values`` to the end of ``list``.</doc>
<status status="PASS" start="2025-05-26T16:44:57.681313" elapsed="0.010623"/>
</kw>
<var name="${element}">&lt;selenium.webdriver.remote.webelement.WebElement (session="d0ed1eac-4a5a-4ad3-bf4d-75cdd9199199", element="2102beb7-bb24-4004-8435-f03edc89b514")&gt;</var>
<status status="PASS" start="2025-05-26T16:44:57.672212" elapsed="0.019825"/>
</iter>
<var>${element}</var>
<value>@{elements}</value>
<status status="PASS" start="2025-05-26T16:44:57.583065" elapsed="0.109034"/>
</for>
<kw name="Lists Should Be Equal" owner="Collections">
<arg>${actualList}</arg>
<arg>${expectedlist}</arg>
<doc>Fails if given lists are unequal.</doc>
<status status="PASS" start="2025-05-26T16:44:57.692271" elapsed="0.000260"/>
</kw>
<status status="PASS" start="2025-05-26T16:44:57.576096" elapsed="0.116525"/>
</kw>
<kw name="Close the browser Session" owner="GenericResources" type="TEARDOWN">
<kw name="Close Browser" owner="SeleniumLibrary">
<doc>Closes the current browser.</doc>
<status status="PASS" start="2025-05-26T16:44:57.693571" elapsed="2.858451"/>
</kw>
<status status="PASS" start="2025-05-26T16:44:57.693266" elapsed="2.858933"/>
</kw>
<status status="PASS" start="2025-05-26T16:44:49.273505" elapsed="11.279053"/>
</test>
<doc>Tests to Validate the filter button</doc>
<status status="PASS" start="2025-05-26T16:44:49.246498" elapsed="11.307552"/>
</suite>
<suite id="s1-s3" name="Logintest" source="C:\Users\yuvar\ROBOTFRAMEWORK\POMRobotSwag\TestCases\Logintest.robot">
<test id="s1-s3-t1" name="Validate Login with" line="17">
<kw name="Open the browser with URL" owner="GenericResources" type="SETUP">
<kw name="Create Webdriver" owner="SeleniumLibrary">
<msg time="2025-05-26T16:45:02.374884" level="INFO">Creating an instance of the Firefox WebDriver.</msg>
<arg>${browser_name}</arg>
<doc>Creates an instance of Selenium WebDriver.</doc>
<status status="PASS" start="2025-05-26T16:45:02.374629" elapsed="6.223551"/>
</kw>
<kw name="Go To" owner="SeleniumLibrary">
<msg time="2025-05-26T16:45:08.599029" level="INFO">Opening url 'https://www.saucedemo.com/'</msg>
<arg>${url}</arg>
<doc>Navigates the current browser window to the provided ``url``.</doc>
<status status="PASS" start="2025-05-26T16:45:08.598649" elapsed="0.862666"/>
</kw>
<kw name="Maximize Browser Window" owner="SeleniumLibrary">
<doc>Maximizes current browser window.</doc>
<status status="PASS" start="2025-05-26T16:45:09.461645" elapsed="0.294131"/>
</kw>
<kw name="Set Selenium Implicit Wait" owner="SeleniumLibrary">
<arg>5</arg>
<doc>Sets the implicit wait value used by Selenium.</doc>
<status status="PASS" start="2025-05-26T16:45:09.756122" elapsed="0.005121"/>
</kw>
<status status="PASS" start="2025-05-26T16:45:02.374100" elapsed="7.387351"/>
</kw>
<kw name="Validate Login Scenarios">
<kw name="Fill the login form" owner="LoginResources">
<kw name="Input Text" owner="SeleniumLibrary">
<msg time="2025-05-26T16:45:09.764246" level="INFO">Typing text 'standard_user' into text field 'id:user-name'.</msg>
<arg>id:user-name</arg>
<arg>${username}</arg>
<doc>Types the given ``text`` into the text field identified by ``locator``.</doc>
<status status="PASS" start="2025-05-26T16:45:09.763511" elapsed="0.131506"/>
</kw>
<kw name="Input Password" owner="SeleniumLibrary">
<msg time="2025-05-26T16:45:09.895454" level="INFO">Typing password into text field 'id:password'.</msg>
<msg time="2025-05-26T16:45:09.902260" level="INFO">Temporally setting log level to: NONE</msg>
<arg>id:password</arg>
<arg>${password}</arg>
<doc>Types the given password into the text field identified by ``locator``.</doc>
<status status="PASS" start="2025-05-26T16:45:09.895232" elapsed="0.030105"/>
</kw>
<kw name="Click Button" owner="SeleniumLibrary">
<msg time="2025-05-26T16:45:09.925916" level="INFO">Clicking button 'id:login-button'.</msg>
<arg>id:login-button</arg>
<doc>Clicks the button identified by ``locator``.</doc>
<status status="PASS" start="2025-05-26T16:45:09.925713" elapsed="0.275135"/>
</kw>
<arg>${username}</arg>
<arg>${password}</arg>
<status status="PASS" start="2025-05-26T16:45:09.763000" elapsed="0.438033"/>
</kw>
<if>
<branch type="IF" condition="'${username}' == 'standard_user' or '${username}'=='performance_glitch_user' or '${username}'=='error_user' or '${username}'=='visual_user'">
<kw name="Verify the product title" owner="LoginResources">
<kw name="Element Text Should Be" owner="SeleniumLibrary">
<msg time="2025-05-26T16:45:10.202440" level="INFO">Verifying element 'xpath://span[text()='Products']' contains exact text 'Products'.</msg>
<arg>${products_title}</arg>
<arg>Products</arg>
<doc>Verifies that element ``locator`` contains exact the text ``expected``.</doc>
<status status="PASS" start="2025-05-26T16:45:10.202193" elapsed="0.013333"/>
</kw>
<status status="PASS" start="2025-05-26T16:45:10.201934" elapsed="0.013775"/>
</kw>
<status status="PASS" start="2025-05-26T16:45:10.201263" elapsed="0.014511"/>
</branch>
<branch type="ELSE IF" condition="'${username}' == 'locked_out_user'">
<kw name="Verify the error message is displayed for lockedoutuser" owner="LoginResources">
<status status="NOT RUN" start="2025-05-26T16:45:10.216150" elapsed="0.000051"/>
</kw>
<status status="NOT RUN" start="2025-05-26T16:45:10.215875" elapsed="0.000374"/>
</branch>
<branch type="ELSE IF" condition="'${username}' == 'problem_user'">
<kw name="Verify the error message is displayed for wrong Credentials" owner="LoginResources">
<status status="NOT RUN" start="2025-05-26T16:45:10.216475" elapsed="0.000039"/>
</kw>
<status status="NOT RUN" start="2025-05-26T16:45:10.216302" elapsed="0.000257"/>
</branch>
<branch type="ELSE IF" condition="'${password}' == 'emptyusername'">
<kw name="verify the error message is displayed for empty username" owner="LoginResources">
<status status="NOT RUN" start="2025-05-26T16:45:10.216765" elapsed="0.000038"/>
</kw>
<status status="NOT RUN" start="2025-05-26T16:45:10.216608" elapsed="0.000253"/>
</branch>
<branch type="ELSE IF" condition="'${username}' == 'emptypassword'">
<kw name="Verify the error message is displayed for empty password" owner="LoginResources">
<status status="NOT RUN" start="2025-05-26T16:45:10.217053" elapsed="0.000036"/>
</kw>
<status status="NOT RUN" start="2025-05-26T16:45:10.216910" elapsed="0.000220"/>
</branch>
<status status="PASS" start="2025-05-26T16:45:10.201188" elapsed="0.015994"/>
</if>
<arg>username=standard_user</arg>
<arg>password=secret_sauce</arg>
<status status="PASS" start="2025-05-26T16:45:09.762305" elapsed="0.454960"/>
</kw>
<kw name="Close the browser Session" owner="GenericResources" type="TEARDOWN">
<kw name="Close Browser" owner="SeleniumLibrary">
<doc>Closes the current browser.</doc>
<status status="PASS" start="2025-05-26T16:45:10.218185" elapsed="2.958374"/>
</kw>
<status status="PASS" start="2025-05-26T16:45:10.217776" elapsed="2.959084"/>
</kw>
<status status="PASS" start="2025-05-26T16:45:02.371974" elapsed="10.805304"/>
</test>
<test id="s1-s3-t2" name="Validate Login with" line="17">
<kw name="Open the browser with URL" owner="GenericResources" type="SETUP">
<kw name="Create Webdriver" owner="SeleniumLibrary">
<msg time="2025-05-26T16:45:13.180144" level="INFO">Creating an instance of the Firefox WebDriver.</msg>
<arg>${browser_name}</arg>
<doc>Creates an instance of Selenium WebDriver.</doc>
<status status="PASS" start="2025-05-26T16:45:13.179995" elapsed="5.908887"/>
</kw>
<kw name="Go To" owner="SeleniumLibrary">
<msg time="2025-05-26T16:45:19.089668" level="INFO">Opening url 'https://www.saucedemo.com/'</msg>
<arg>${url}</arg>
<doc>Navigates the current browser window to the provided ``url``.</doc>
<status status="PASS" start="2025-05-26T16:45:19.089246" elapsed="0.862291"/>
</kw>
<kw name="Maximize Browser Window" owner="SeleniumLibrary">
<doc>Maximizes current browser window.</doc>
<status status="PASS" start="2025-05-26T16:45:19.952003" elapsed="0.268202"/>
</kw>
<kw name="Set Selenium Implicit Wait" owner="SeleniumLibrary">
<arg>5</arg>
<doc>Sets the implicit wait value used by Selenium.</doc>
<status status="PASS" start="2025-05-26T16:45:20.220471" elapsed="0.003914"/>
</kw>
<status status="PASS" start="2025-05-26T16:45:13.179692" elapsed="7.044842"/>
</kw>
<kw name="Validate Login Scenarios">
<kw name="Fill the login form" owner="LoginResources">
<kw name="Input Text" owner="SeleniumLibrary">
<msg time="2025-05-26T16:45:20.226249" level="INFO">Typing text 'locked_out_user' into text field 'id:user-name'.</msg>
<arg>id:user-name</arg>
<arg>${username}</arg>
<doc>Types the given ``text`` into the text field identified by ``locator``.</doc>
<status status="PASS" start="2025-05-26T16:45:20.226010" elapsed="0.106846"/>
</kw>
<kw name="Input Password" owner="SeleniumLibrary">
<msg time="2025-05-26T16:45:20.333237" level="INFO">Typing password into text field 'id:password'.</msg>
<msg time="2025-05-26T16:45:20.341382" level="INFO">Temporally setting log level to: NONE</msg>
<arg>id:password</arg>
<arg>${password}</arg>
<doc>Types the given password into the text field identified by ``locator``.</doc>
<status status="PASS" start="2025-05-26T16:45:20.333027" elapsed="0.031529"/>
</kw>
<kw name="Click Button" owner="SeleniumLibrary">
<msg time="2025-05-26T16:45:20.364885" level="INFO">Clicking button 'id:login-button'.</msg>
<arg>id:login-button</arg>
<doc>Clicks the button identified by ``locator``.</doc>
<status status="PASS" start="2025-05-26T16:45:20.364725" elapsed="0.244047"/>
</kw>
<arg>${username}</arg>
<arg>${password}</arg>
<status status="PASS" start="2025-05-26T16:45:20.225648" elapsed="0.383312"/>
</kw>
<if>
<branch type="IF" condition="'${username}' == 'standard_user' or '${username}'=='performance_glitch_user' or '${username}'=='error_user' or '${username}'=='visual_user'">
<kw name="Verify the product title" owner="LoginResources">
<status status="NOT RUN" start="2025-05-26T16:45:20.609553" elapsed="0.000044"/>
</kw>
<status status="NOT RUN" start="2025-05-26T16:45:20.609108" elapsed="0.000524"/>
</branch>
<branch type="ELSE IF" condition="'${username}' == 'locked_out_user'">
<kw name="Verify the error message is displayed for lockedoutuser" owner="LoginResources">
<kw name="Element Text Should Be" owner="SeleniumLibrary">
<msg time="2025-05-26T16:45:20.610265" level="INFO">Verifying element 'xpath://h3[@data-test='error']' contains exact text 'Epic sadface: Sorry, this user has been locked out.'.</msg>
<arg>${error_msg}</arg>
<arg>Epic sadface: Sorry, this user has been locked out.</arg>
<doc>Verifies that element ``locator`` contains exact the text ``expected``.</doc>
<status status="PASS" start="2025-05-26T16:45:20.610068" elapsed="0.012802"/>
</kw>
<status status="PASS" start="2025-05-26T16:45:20.609832" elapsed="0.013166"/>
</kw>
<status status="PASS" start="2025-05-26T16:45:20.609667" elapsed="0.013371"/>
</branch>
<branch type="ELSE IF" condition="'${username}' == 'problem_user'">
<kw name="Verify the error message is displayed for wrong Credentials" owner="LoginResources">
<status status="NOT RUN" start="2025-05-26T16:45:20.623298" elapsed="0.000039"/>
</kw>
<status status="NOT RUN" start="2025-05-26T16:45:20.623094" elapsed="0.000276"/>
</branch>
<branch type="ELSE IF" condition="'${password}' == 'emptyusername'">
<kw name="verify the error message is displayed for empty username" owner="LoginResources">
<status status="NOT RUN" start="2025-05-26T16:45:20.623530" elapsed="0.000026"/>
</kw>
<status status="NOT RUN" start="2025-05-26T16:45:20.623404" elapsed="0.000181"/>
</branch>
<branch type="ELSE IF" condition="'${username}' == 'emptypassword'">
<kw name="Verify the error message is displayed for empty password" owner="LoginResources">
<status status="NOT RUN" start="2025-05-26T16:45:20.623710" elapsed="0.000170"/>
</kw>
<status status="NOT RUN" start="2025-05-26T16:45:20.623615" elapsed="0.000319"/>
</branch>
<status status="PASS" start="2025-05-26T16:45:20.609062" elapsed="0.014913"/>
</if>
<arg>username=locked_out_user</arg>
<arg>password=secret_sauce</arg>
<status status="PASS" start="2025-05-26T16:45:20.225188" elapsed="0.398848"/>
</kw>
<kw name="Close the browser Session" owner="GenericResources" type="TEARDOWN">
<kw name="Close Browser" owner="SeleniumLibrary">
<doc>Closes the current browser.</doc>
<status status="PASS" start="2025-05-26T16:45:20.624825" elapsed="2.910396"/>
</kw>
<status status="PASS" start="2025-05-26T16:45:20.624533" elapsed="2.910960"/>
</kw>
<status status="PASS" start="2025-05-26T16:45:13.178265" elapsed="10.357851"/>
</test>
<test id="s1-s3-t3" name="Validate Login with" line="17">
<kw name="Open the browser with URL" owner="GenericResources" type="SETUP">
<kw name="Create Webdriver" owner="SeleniumLibrary">
<msg time="2025-05-26T16:45:23.542780" level="INFO">Creating an instance of the Firefox WebDriver.</msg>
<arg>${browser_name}</arg>
<doc>Creates an instance of Selenium WebDriver.</doc>
<status status="PASS" start="2025-05-26T16:45:23.542384" elapsed="6.053742"/>
</kw>
<kw name="Go To" owner="SeleniumLibrary">
<msg time="2025-05-26T16:45:29.596814" level="INFO">Opening url 'https://www.saucedemo.com/'</msg>
<arg>${url}</arg>
<doc>Navigates the current browser window to the provided ``url``.</doc>
<status status="PASS" start="2025-05-26T16:45:29.596509" elapsed="0.678295"/>
</kw>
<kw name="Maximize Browser Window" owner="SeleniumLibrary">
<doc>Maximizes current browser window.</doc>
<status status="PASS" start="2025-05-26T16:45:30.275076" elapsed="0.263054"/>
</kw>
<kw name="Set Selenium Implicit Wait" owner="SeleniumLibrary">
<arg>5</arg>
<doc>Sets the implicit wait value used by Selenium.</doc>
<status status="PASS" start="2025-05-26T16:45:30.538849" elapsed="0.003437"/>
</kw>
<status status="PASS" start="2025-05-26T16:45:23.541763" elapsed="7.000652"/>
</kw>
<kw name="Validate Login Scenarios">
<kw name="Fill the login form" owner="LoginResources">
<kw name="Input Text" owner="SeleniumLibrary">
<msg time="2025-05-26T16:45:30.544226" level="INFO">Typing text 'problem_user' into text field 'id:user-name'.</msg>
<arg>id:user-name</arg>
<arg>${username}</arg>
<doc>Types the given ``text`` into the text field identified by ``locator``.</doc>
<status status="PASS" start="2025-05-26T16:45:30.543952" elapsed="0.172816"/>
</kw>
<kw name="Input Password" owner="SeleniumLibrary">
<msg time="2025-05-26T16:45:30.717173" level="INFO">Typing password into text field 'id:password'.</msg>
<msg time="2025-05-26T16:45:30.725564" level="INFO">Temporally setting log level to: NONE</msg>
<arg>id:password</arg>
<arg>${password}</arg>
<doc>Types the given password into the text field identified by ``locator``.</doc>
<status status="PASS" start="2025-05-26T16:45:30.716954" elapsed="0.041044"/>
</kw>
<kw name="Click Button" owner="SeleniumLibrary">
<msg time="2025-05-26T16:45:30.758560" level="INFO">Clicking button 'id:login-button'.</msg>
<arg>id:login-button</arg>
<doc>Clicks the button identified by ``locator``.</doc>
<status status="PASS" start="2025-05-26T16:45:30.758328" elapsed="0.258535"/>
</kw>
<arg>${username}</arg>
<arg>${password}</arg>
<status status="PASS" start="2025-05-26T16:45:30.543529" elapsed="0.473468"/>
</kw>
<if>
<branch type="IF" condition="'${username}' == 'standard_user' or '${username}'=='performance_glitch_user' or '${username}'=='error_user' or '${username}'=='visual_user'">
<kw name="Verify the product title" owner="LoginResources">
<status status="NOT RUN" start="2025-05-26T16:45:31.017666" elapsed="0.000053"/>
</kw>
<status status="NOT RUN" start="2025-05-26T16:45:31.017137" elapsed="0.000630"/>
</branch>
<branch type="ELSE IF" condition="'${username}' == 'locked_out_user'">
<kw name="Verify the error message is displayed for lockedoutuser" owner="LoginResources">
<status status="NOT RUN" start="2025-05-26T16:45:31.018059" elapsed="0.000071"/>
</kw>
<status status="NOT RUN" start="2025-05-26T16:45:31.017819" elapsed="0.000354"/>
</branch>
<branch type="ELSE IF" condition="'${username}' == 'problem_user'">
<kw name="Verify the error message is displayed for wrong Credentials" owner="LoginResources">
<kw name="Element Text Should Be" owner="SeleniumLibrary">
<msg time="2025-05-26T16:45:31.019025" level="INFO">Verifying element 'xpath://h3[@data-test='error']' contains exact text 'Epic sadface: Username and password do not match any user in this service'.</msg>
<arg>${error_msg}</arg>
<arg>Epic sadface: Username and password do not match any user in this service</arg>
<doc>Verifies that element ``locator`` contains exact the text ``expected``.</doc>
<status status="PASS" start="2025-05-26T16:45:31.018780" elapsed="0.015106"/>
</kw>
<status status="PASS" start="2025-05-26T16:45:31.018459" elapsed="0.015585"/>
</kw>
<status status="PASS" start="2025-05-26T16:45:31.018216" elapsed="0.015894"/>
</branch>
<branch type="ELSE IF" condition="'${password}' == 'emptyusername'">
<kw name="verify the error message is displayed for empty username" owner="LoginResources">
<status status="NOT RUN" start="2025-05-26T16:45:31.034442" elapsed="0.000056"/>
</kw>
<status status="NOT RUN" start="2025-05-26T16:45:31.034175" elapsed="0.000383"/>
</branch>
<branch type="ELSE IF" condition="'${username}' == 'emptypassword'">
<kw name="Verify the error message is displayed for empty password" owner="LoginResources">
<status status="NOT RUN" start="2025-05-26T16:45:31.034764" elapsed="0.000037"/>
</kw>
<status status="NOT RUN" start="2025-05-26T16:45:31.034606" elapsed="0.000235"/>
</branch>
<status status="PASS" start="2025-05-26T16:45:31.017090" elapsed="0.017792"/>
</if>
<arg>username=problem_user</arg>
<arg>password=secret_sau</arg>
<status status="PASS" start="2025-05-26T16:45:30.543027" elapsed="0.491921"/>
</kw>
<kw name="Close the browser Session" owner="GenericResources" type="TEARDOWN">
<kw name="Close Browser" owner="SeleniumLibrary">
<doc>Closes the current browser.</doc>
<status status="PASS" start="2025-05-26T16:45:31.036113" elapsed="2.991105"/>
</kw>
<status status="PASS" start="2025-05-26T16:45:31.035628" elapsed="2.991832"/>
</kw>
<status status="PASS" start="2025-05-26T16:45:23.538346" elapsed="10.489639"/>
</test>
<test id="s1-s3-t4" name="Validate Login with" line="17">
<kw name="Open the browser with URL" owner="GenericResources" type="SETUP">
<kw name="Create Webdriver" owner="SeleniumLibrary">
<msg time="2025-05-26T16:45:34.032139" level="INFO">Creating an instance of the Firefox WebDriver.</msg>
<arg>${browser_name}</arg>
<doc>Creates an instance of Selenium WebDriver.</doc>
<status status="PASS" start="2025-05-26T16:45:34.031918" elapsed="6.010767"/>
</kw>
<kw name="Go To" owner="SeleniumLibrary">
<msg time="2025-05-26T16:45:40.043458" level="INFO">Opening url 'https://www.saucedemo.com/'</msg>
<arg>${url}</arg>
<doc>Navigates the current browser window to the provided ``url``.</doc>
<status status="PASS" start="2025-05-26T16:45:40.043109" elapsed="0.812703"/>
</kw>
<kw name="Maximize Browser Window" owner="SeleniumLibrary">
<doc>Maximizes current browser window.</doc>
<status status="PASS" start="2025-05-26T16:45:40.856180" elapsed="0.278317"/>
</kw>
<kw name="Set Selenium Implicit Wait" owner="SeleniumLibrary">
<arg>5</arg>
<doc>Sets the implicit wait value used by Selenium.</doc>
<status status="PASS" start="2025-05-26T16:45:41.134859" elapsed="0.004703"/>
</kw>
<status status="PASS" start="2025-05-26T16:45:34.031498" elapsed="7.108235"/>
</kw>
<kw name="Validate Login Scenarios">
<kw name="Fill the login form" owner="LoginResources">
<kw name="Input Text" owner="SeleniumLibrary">
<msg time="2025-05-26T16:45:41.141578" level="INFO">Typing text 'performance_glitch_user' into text field 'id:user-name'.</msg>
<arg>id:user-name</arg>
<arg>${username}</arg>
<doc>Types the given ``text`` into the text field identified by ``locator``.</doc>
<status status="PASS" start="2025-05-26T16:45:41.141342" elapsed="0.162449"/>
</kw>
<kw name="Input Password" owner="SeleniumLibrary">
<msg time="2025-05-26T16:45:41.304492" level="INFO">Typing password into text field 'id:password'.</msg>
<msg time="2025-05-26T16:45:41.311227" level="INFO">Temporally setting log level to: NONE</msg>
<arg>id:password</arg>
<arg>${password}</arg>
<doc>Types the given password into the text field identified by ``locator``.</doc>
<status status="PASS" start="2025-05-26T16:45:41.304167" elapsed="0.032314"/>
</kw>
<kw name="Click Button" owner="SeleniumLibrary">
<msg time="2025-05-26T16:45:41.336817" level="INFO">Clicking button 'id:login-button'.</msg>
<arg>id:login-button</arg>
<doc>Clicks the button identified by ``locator``.</doc>
<status status="PASS" start="2025-05-26T16:45:41.336648" elapsed="5.258496"/>
</kw>
<arg>${username}</arg>
<arg>${password}</arg>
<status status="PASS" start="2025-05-26T16:45:41.140990" elapsed="5.454497"/>
</kw>
<if>
<branch type="IF" condition="'${username}' == 'standard_user' or '${username}'=='performance_glitch_user' or '${username}'=='error_user' or '${username}'=='visual_user'">
<kw name="Verify the product title" owner="LoginResources">
<kw name="Element Text Should Be" owner="SeleniumLibrary">
<msg time="2025-05-26T16:45:46.597648" level="INFO">Verifying element 'xpath://span[text()='Products']' contains exact text 'Products'.</msg>
<arg>${products_title}</arg>
<arg>Products</arg>
<doc>Verifies that element ``locator`` contains exact the text ``expected``.</doc>
<status status="PASS" start="2025-05-26T16:45:46.597183" elapsed="0.016294"/>
</kw>
<status status="PASS" start="2025-05-26T16:45:46.596583" elapsed="0.017040"/>
</kw>
<status status="PASS" start="2025-05-26T16:45:46.595717" elapsed="0.017959"/>
</branch>
<branch type="ELSE IF" condition="'${username}' == 'locked_out_user'">
<kw name="Verify the error message is displayed for lockedoutuser" owner="LoginResources">
<status status="NOT RUN" start="2025-05-26T16:45:46.613959" elapsed="0.000064"/>
</kw>
<status status="NOT RUN" start="2025-05-26T16:45:46.613735" elapsed="0.000335"/>
</branch>
<branch type="ELSE IF" condition="'${username}' == 'problem_user'">
<kw name="Verify the error message is displayed for wrong Credentials" owner="LoginResources">
<status status="NOT RUN" start="2025-05-26T16:45:46.614267" elapsed="0.000036"/>
</kw>
<status status="NOT RUN" start="2025-05-26T16:45:46.614127" elapsed="0.000216"/>
</branch>
<branch type="ELSE IF" condition="'${password}' == 'emptyusername'">
<kw name="verify the error message is displayed for empty username" owner="LoginResources">
<status status="NOT RUN" start="2025-05-26T16:45:46.614510" elapsed="0.000033"/>
</kw>
<status status="NOT RUN" start="2025-05-26T16:45:46.614385" elapsed="0.000199"/>
</branch>
<branch type="ELSE IF" condition="'${username}' == 'emptypassword'">
<kw name="Verify the error message is displayed for empty password" owner="LoginResources">
<status status="NOT RUN" start="2025-05-26T16:45:46.614744" elapsed="0.000032"/>
</kw>
<status status="NOT RUN" start="2025-05-26T16:45:46.614623" elapsed="0.000191"/>
</branch>
<status status="PASS" start="2025-05-26T16:45:46.595655" elapsed="0.019198"/>
</if>
<arg>username=performance_glitch_user</arg>
<arg>password=secret_sauce</arg>
<status status="PASS" start="2025-05-26T16:45:41.140544" elapsed="5.474373"/>
</kw>
<kw name="Close the browser Session" owner="GenericResources" type="TEARDOWN">
<kw name="Close Browser" owner="SeleniumLibrary">
<doc>Closes the current browser.</doc>
<status status="PASS" start="2025-05-26T16:45:46.616190" elapsed="2.907066"/>
</kw>
<status status="PASS" start="2025-05-26T16:45:46.615741" elapsed="2.907738"/>
</kw>
<status status="PASS" start="2025-05-26T16:45:34.029513" elapsed="15.494321"/>
</test>
<test id="s1-s3-t5" name="Validate Login with" line="17">
<kw name="Open the browser with URL" owner="GenericResources" type="SETUP">
<kw name="Create Webdriver" owner="SeleniumLibrary">
<msg time="2025-05-26T16:45:49.527390" level="INFO">Creating an instance of the Firefox WebDriver.</msg>
<arg>${browser_name}</arg>
<doc>Creates an instance of Selenium WebDriver.</doc>
<status status="PASS" start="2025-05-26T16:45:49.527187" elapsed="5.967145"/>
</kw>
<kw name="Go To" owner="SeleniumLibrary">
<msg time="2025-05-26T16:45:55.495019" level="INFO">Opening url 'https://www.saucedemo.com/'</msg>
<arg>${url}</arg>
<doc>Navigates the current browser window to the provided ``url``.</doc>
<status status="PASS" start="2025-05-26T16:45:55.494692" elapsed="0.697978"/>
</kw>
<kw name="Maximize Browser Window" owner="SeleniumLibrary">
<doc>Maximizes current browser window.</doc>
<status status="PASS" start="2025-05-26T16:45:56.192904" elapsed="0.289654"/>
</kw>
<kw name="Set Selenium Implicit Wait" owner="SeleniumLibrary">
<arg>5</arg>
<doc>Sets the implicit wait value used by Selenium.</doc>
<status status="PASS" start="2025-05-26T16:45:56.483068" elapsed="0.003949"/>
</kw>
<status status="PASS" start="2025-05-26T16:45:49.526832" elapsed="6.960317"/>
</kw>
<kw name="Validate Login Scenarios">
<kw name="Fill the login form" owner="LoginResources">
<kw name="Input Text" owner="SeleniumLibrary">
<msg time="2025-05-26T16:45:56.488617" level="INFO">Typing text 'error_user' into text field 'id:user-name'.</msg>
<arg>id:user-name</arg>
<arg>${username}</arg>
<doc>Types the given ``text`` into the text field identified by ``locator``.</doc>
<status status="PASS" start="2025-05-26T16:45:56.488419" elapsed="0.099780"/>
</kw>
<kw name="Input Password" owner="SeleniumLibrary">
<msg time="2025-05-26T16:45:56.588769" level="INFO">Typing password into text field 'id:password'.</msg>
<msg time="2025-05-26T16:45:56.596223" level="INFO">Temporally setting log level to: NONE</msg>
<arg>id:password</arg>
<arg>${password}</arg>
<doc>Types the given password into the text field identified by ``locator``.</doc>
<status status="PASS" start="2025-05-26T16:45:56.588458" elapsed="0.033736"/>
</kw>
<kw name="Click Button" owner="SeleniumLibrary">
<msg time="2025-05-26T16:45:56.622497" level="INFO">Clicking button 'id:login-button'.</msg>
<arg>id:login-button</arg>
<doc>Clicks the button identified by ``locator``.</doc>
<status status="PASS" start="2025-05-26T16:45:56.622348" elapsed="0.258156"/>
</kw>
<arg>${username}</arg>
<arg>${password}</arg>
<status status="PASS" start="2025-05-26T16:45:56.488127" elapsed="0.392562"/>
</kw>
<if>
<branch type="IF" condition="'${username}' == 'standard_user' or '${username}'=='performance_glitch_user' or '${username}'=='error_user' or '${username}'=='visual_user'">
<kw name="Verify the product title" owner="LoginResources">
<kw name="Element Text Should Be" owner="SeleniumLibrary">
<msg time="2025-05-26T16:45:56.882284" level="INFO">Verifying element 'xpath://span[text()='Products']' contains exact text 'Products'.</msg>
<arg>${products_title}</arg>
<arg>Products</arg>
<doc>Verifies that element ``locator`` contains exact the text ``expected``.</doc>
<status status="PASS" start="2025-05-26T16:45:56.881898" elapsed="0.012933"/>
</kw>
<status status="PASS" start="2025-05-26T16:45:56.881484" elapsed="0.013500"/>
</kw>
<status status="PASS" start="2025-05-26T16:45:56.880905" elapsed="0.014134"/>
</branch>
<branch type="ELSE IF" condition="'${username}' == 'locked_out_user'">
<kw name="Verify the error message is displayed for lockedoutuser" owner="LoginResources">
<status status="NOT RUN" start="2025-05-26T16:45:56.895319" elapsed="0.000044"/>
</kw>
<status status="NOT RUN" start="2025-05-26T16:45:56.895102" elapsed="0.000305"/>
</branch>
<branch type="ELSE IF" condition="'${username}' == 'problem_user'">
<kw name="Verify the error message is displayed for wrong Credentials" owner="LoginResources">
<status status="NOT RUN" start="2025-05-26T16:45:56.895611" elapsed="0.000037"/>
</kw>
<status status="NOT RUN" start="2025-05-26T16:45:56.895467" elapsed="0.000223"/>
</branch>
<branch type="ELSE IF" condition="'${password}' == 'emptyusername'">
<kw name="verify the error message is displayed for empty username" owner="LoginResources">
<status status="NOT RUN" start="2025-05-26T16:45:56.896047" elapsed="0.000042"/>
</kw>
<status status="NOT RUN" start="2025-05-26T16:45:56.895731" elapsed="0.000403"/>
</branch>
<branch type="ELSE IF" condition="'${username}' == 'emptypassword'">
<kw name="Verify the error message is displayed for empty password" owner="LoginResources">
<status status="NOT RUN" start="2025-05-26T16:45:56.896305" elapsed="0.000034"/>
</kw>
<status status="NOT RUN" start="2025-05-26T16:45:56.896176" elapsed="0.000201"/>
</branch>
<status status="PASS" start="2025-05-26T16:45:56.880844" elapsed="0.015572"/>
</if>
<arg>username=error_user</arg>
<arg>password=secret_sauce</arg>
<status status="PASS" start="2025-05-26T16:45:56.487737" elapsed="0.408748"/>
</kw>
<kw name="Close the browser Session" owner="GenericResources" type="TEARDOWN">
<kw name="Close Browser" owner="SeleniumLibrary">
<doc>Closes the current browser.</doc>
<status status="PASS" start="2025-05-26T16:45:56.897566" elapsed="2.851522"/>
</kw>
<status status="PASS" start="2025-05-26T16:45:56.897166" elapsed="2.852087"/>
</kw>
<status status="PASS" start="2025-05-26T16:45:49.524817" elapsed="10.224760"/>
</test>
<test id="s1-s3-t6" name="Validate Login with" line="17">
<kw name="Open the browser with URL" owner="GenericResources" type="SETUP">
<kw name="Create Webdriver" owner="SeleniumLibrary">
<msg time="2025-05-26T16:45:59.753175" level="INFO">Creating an instance of the Firefox WebDriver.</msg>
<arg>${browser_name}</arg>
<doc>Creates an instance of Selenium WebDriver.</doc>
<status status="PASS" start="2025-05-26T16:45:59.752959" elapsed="5.980002"/>
</kw>
<kw name="Go To" owner="SeleniumLibrary">
<msg time="2025-05-26T16:46:05.733737" level="INFO">Opening url 'https://www.saucedemo.com/'</msg>
<arg>${url}</arg>
<doc>Navigates the current browser window to the provided ``url``.</doc>
<status status="PASS" start="2025-05-26T16:46:05.733398" elapsed="0.746687"/>
</kw>
<kw name="Maximize Browser Window" owner="SeleniumLibrary">
<doc>Maximizes current browser window.</doc>
<status status="PASS" start="2025-05-26T16:46:06.480409" elapsed="0.300377"/>
</kw>
<kw name="Set Selenium Implicit Wait" owner="SeleniumLibrary">
<arg>5</arg>
<doc>Sets the implicit wait value used by Selenium.</doc>
<status status="PASS" start="2025-05-26T16:46:06.781048" elapsed="0.003925"/>
</kw>
<status status="PASS" start="2025-05-26T16:45:59.752607" elapsed="7.032529"/>
</kw>
<kw name="Validate Login Scenarios">
<kw name="Fill the login form" owner="LoginResources">
<kw name="Input Text" owner="SeleniumLibrary">
<msg time="2025-05-26T16:46:06.786846" level="INFO">Typing text 'visual_user' into text field 'id:user-name'.</msg>
<arg>id:user-name</arg>
<arg>${username}</arg>
<doc>Types the given ``text`` into the text field identified by ``locator``.</doc>
<status status="PASS" start="2025-05-26T16:46:06.786608" elapsed="0.119269"/>
</kw>
<kw name="Input Password" owner="SeleniumLibrary">
<msg time="2025-05-26T16:46:06.906357" level="INFO">Typing password into text field 'id:password'.</msg>
<msg time="2025-05-26T16:46:06.912735" level="INFO">Temporally setting log level to: NONE</msg>
<arg>id:password</arg>
<arg>${password}</arg>
<doc>Types the given password into the text field identified by ``locator``.</doc>
<status status="PASS" start="2025-05-26T16:46:06.906087" elapsed="0.030192"/>
</kw>
<kw name="Click Button" owner="SeleniumLibrary">
<msg time="2025-05-26T16:46:06.936651" level="INFO">Clicking button 'id:login-button'.</msg>
<arg>id:login-button</arg>
<doc>Clicks the button identified by ``locator``.</doc>
<status status="PASS" start="2025-05-26T16:46:06.936473" elapsed="0.254847"/>
</kw>
<arg>${username}</arg>
<arg>${password}</arg>
<status status="PASS" start="2025-05-26T16:46:06.786263" elapsed="0.405210"/>
</kw>
<if>
<branch type="IF" condition="'${username}' == 'standard_user' or '${username}'=='performance_glitch_user' or '${username}'=='error_user' or '${username}'=='visual_user'">
<kw name="Verify the product title" owner="LoginResources">
<kw name="Element Text Should Be" owner="SeleniumLibrary">
<msg time="2025-05-26T16:46:07.192743" level="INFO">Verifying element 'xpath://span[text()='Products']' contains exact text 'Products'.</msg>
<arg>${products_title}</arg>
<arg>Products</arg>
<doc>Verifies that element ``locator`` contains exact the text ``expected``.</doc>
<status status="PASS" start="2025-05-26T16:46:07.192458" elapsed="0.014696"/>
</kw>
<status status="PASS" start="2025-05-26T16:46:07.192132" elapsed="0.015202"/>
</kw>
<status status="PASS" start="2025-05-26T16:46:07.191627" elapsed="0.015765"/>
</branch>
<branch type="ELSE IF" condition="'${username}' == 'locked_out_user'">
<kw name="Verify the error message is displayed for lockedoutuser" owner="LoginResources">
<status status="NOT RUN" start="2025-05-26T16:46:07.207739" elapsed="0.000074"/>
</kw>
<status status="NOT RUN" start="2025-05-26T16:46:07.207474" elapsed="0.000392"/>
</branch>
<branch type="ELSE IF" condition="'${username}' == 'problem_user'">
<kw name="Verify the error message is displayed for wrong Credentials" owner="LoginResources">
<status status="NOT RUN" start="2025-05-26T16:46:07.208117" elapsed="0.000051"/>
</kw>
<status status="NOT RUN" start="2025-05-26T16:46:07.207916" elapsed="0.000297"/>
</branch>
<branch type="ELSE IF" condition="'${password}' == 'emptyusername'">
<kw name="verify the error message is displayed for empty username" owner="LoginResources">
<status status="NOT RUN" start="2025-05-26T16:46:07.208392" elapsed="0.000033"/>
</kw>
<status status="NOT RUN" start="2025-05-26T16:46:07.208257" elapsed="0.000205"/>
</branch>
<branch type="ELSE IF" condition="'${username}' == 'emptypassword'">
<kw name="Verify the error message is displayed for empty password" owner="LoginResources">
<status status="NOT RUN" start="2025-05-26T16:46:07.208653" elapsed="0.000039"/>
</kw>
<status status="NOT RUN" start="2025-05-26T16:46:07.208509" elapsed="0.000228"/>
</branch>
<status status="PASS" start="2025-05-26T16:46:07.191588" elapsed="0.017189"/>
</if>
<arg>username=visual_user</arg>
<arg>password=secret_sauce</arg>
<status status="PASS" start="2025-05-26T16:46:06.785801" elapsed="0.423062"/>
</kw>
<kw name="Close the browser Session" owner="GenericResources" type="TEARDOWN">
<kw name="Close Browser" owner="SeleniumLibrary">
<doc>Closes the current browser.</doc>
<status status="PASS" start="2025-05-26T16:46:07.209645" elapsed="2.952459"/>
</kw>
<status status="PASS" start="2025-05-26T16:46:07.209281" elapsed="2.953069"/>
</kw>
<status status="PASS" start="2025-05-26T16:45:59.750850" elapsed="10.412012"/>
</test>
<test id="s1-s3-t7" name="Validate Login with" line="17">
<kw name="Open the browser with URL" owner="GenericResources" type="SETUP">
<kw name="Create Webdriver" owner="SeleniumLibrary">
<msg time="2025-05-26T16:46:10.167126" level="INFO">Creating an instance of the Firefox WebDriver.</msg>
<arg>${browser_name}</arg>
<doc>Creates an instance of Selenium WebDriver.</doc>
<status status="PASS" start="2025-05-26T16:46:10.166910" elapsed="5.868981"/>
</kw>
<kw name="Go To" owner="SeleniumLibrary">
<msg time="2025-05-26T16:46:16.036551" level="INFO">Opening url 'https://www.saucedemo.com/'</msg>
<arg>${url}</arg>
<doc>Navigates the current browser window to the provided ``url``.</doc>
<status status="PASS" start="2025-05-26T16:46:16.036239" elapsed="0.885893"/>
</kw>
<kw name="Maximize Browser Window" owner="SeleniumLibrary">
<doc>Maximizes current browser window.</doc>
<status status="PASS" start="2025-05-26T16:46:16.922598" elapsed="0.273827"/>
</kw>
<kw name="Set Selenium Implicit Wait" owner="SeleniumLibrary">
<arg>5</arg>
<doc>Sets the implicit wait value used by Selenium.</doc>
<status status="PASS" start="2025-05-26T16:46:17.196776" elapsed="0.004369"/>
</kw>
<status status="PASS" start="2025-05-26T16:46:10.166541" elapsed="7.034773"/>
</kw>
<kw name="Validate Login Scenarios">
<kw name="Fill the login form" owner="LoginResources">
<kw name="Input Text" owner="SeleniumLibrary">
<msg time="2025-05-26T16:46:17.202868" level="INFO">Typing text '' into text field 'id:user-name'.</msg>
<arg>id:user-name</arg>
<arg>${username}</arg>
<doc>Types the given ``text`` into the text field identified by ``locator``.</doc>
<status status="PASS" start="2025-05-26T16:46:17.202635" elapsed="0.107314"/>
</kw>
<kw name="Input Password" owner="SeleniumLibrary">
<msg time="2025-05-26T16:46:17.310545" level="INFO">Typing password into text field 'id:password'.</msg>
<msg time="2025-05-26T16:46:17.320058" level="INFO">Temporally setting log level to: NONE</msg>
<arg>id:password</arg>
<arg>${password}</arg>
<doc>Types the given password into the text field identified by ``locator``.</doc>
<status status="PASS" start="2025-05-26T16:46:17.310219" elapsed="0.068547"/>
</kw>
<kw name="Click Button" owner="SeleniumLibrary">
<msg time="2025-05-26T16:46:17.379543" level="INFO">Clicking button 'id:login-button'.</msg>
<arg>id:login-button</arg>
<doc>Clicks the button identified by ``locator``.</doc>
<status status="PASS" start="2025-05-26T16:46:17.379152" elapsed="0.250708"/>
</kw>
<arg>${username}</arg>
<arg>${password}</arg>
<status status="PASS" start="2025-05-26T16:46:17.202346" elapsed="0.427794"/>
</kw>
<if>
<branch type="IF" condition="'${username}' == 'standard_user' or '${username}'=='performance_glitch_user' or '${username}'=='error_user' or '${username}'=='visual_user'">
<kw name="Verify the product title" owner="LoginResources">
<status status="NOT RUN" start="2025-05-26T16:46:17.631051" elapsed="0.000078"/>
</kw>
<status status="NOT RUN" start="2025-05-26T16:46:17.630319" elapsed="0.000901"/>
</branch>
<branch type="ELSE IF" condition="'${username}' == 'locked_out_user'">
<kw name="Verify the error message is displayed for lockedoutuser" owner="LoginResources">
<status status="NOT RUN" start="2025-05-26T16:46:17.631706" elapsed="0.000114"/>
</kw>
<status status="NOT RUN" start="2025-05-26T16:46:17.631301" elapsed="0.000582"/>
</branch>
<branch type="ELSE IF" condition="'${username}' == 'problem_user'">
<kw name="Verify the error message is displayed for wrong Credentials" owner="LoginResources">
<status status="NOT RUN" start="2025-05-26T16:46:17.632411" elapsed="0.000075"/>
</kw>
<status status="NOT RUN" start="2025-05-26T16:46:17.631973" elapsed="0.000578"/>
</branch>
<branch type="ELSE IF" condition="'${password}' == 'emptyusername'">
<kw name="verify the error message is displayed for empty username" owner="LoginResources">
<kw name="Element Text Should Be" owner="SeleniumLibrary">
<msg time="2025-05-26T16:46:17.633639" level="INFO">Verifying element 'xpath://h3[@data-test='error']' contains exact text 'Epic sadface: Username is required'.</msg>
<arg>${error_msg}</arg>
<arg>Epic sadface: Username is required</arg>
<doc>Verifies that element ``locator`` contains exact the text ``expected``.</doc>
<status status="PASS" start="2025-05-26T16:46:17.633351" elapsed="0.014112"/>
</kw>
<status status="PASS" start="2025-05-26T16:46:17.632954" elapsed="0.014657"/>
</kw>
<status status="PASS" start="2025-05-26T16:46:17.632614" elapsed="0.015049"/>
</branch>
<branch type="ELSE IF" condition="'${username}' == 'emptypassword'">
<kw name="Verify the error message is displayed for empty password" owner="LoginResources">
<status status="NOT RUN" start="2025-05-26T16:46:17.647932" elapsed="0.000042"/>
</kw>
<status status="NOT RUN" start="2025-05-26T16:46:17.647718" elapsed="0.000299"/>
</branch>
<status status="PASS" start="2025-05-26T16:46:17.630260" elapsed="0.017802"/>
</if>
<arg>username=</arg>
<arg>password=emptyusername</arg>
<status status="PASS" start="2025-05-26T16:46:17.201802" elapsed="0.446347"/>
</kw>
<kw name="Close the browser Session" owner="GenericResources" type="TEARDOWN">
<kw name="Close Browser" owner="SeleniumLibrary">
<doc>Closes the current browser.</doc>
<status status="PASS" start="2025-05-26T16:46:17.648863" elapsed="2.873752"/>
</kw>
<status status="PASS" start="2025-05-26T16:46:17.648592" elapsed="2.874136"/>
</kw>
<status status="PASS" start="2025-05-26T16:46:10.164327" elapsed="10.358843"/>
</test>
<test id="s1-s3-t8" name="Validate Login with" line="17">
<kw name="Open the browser with URL" owner="GenericResources" type="SETUP">
<kw name="Create Webdriver" owner="SeleniumLibrary">
<msg time="2025-05-26T16:46:20.526018" level="INFO">Creating an instance of the Firefox WebDriver.</msg>
<arg>${browser_name}</arg>
<doc>Creates an instance of Selenium WebDriver.</doc>
<status status="PASS" start="2025-05-26T16:46:20.525899" elapsed="6.392863"/>
</kw>
<kw name="Go To" owner="SeleniumLibrary">
<msg time="2025-05-26T16:46:26.919608" level="INFO">Opening url 'https://www.saucedemo.com/'</msg>
<arg>${url}</arg>
<doc>Navigates the current browser window to the provided ``url``.</doc>
<status status="PASS" start="2025-05-26T16:46:26.919256" elapsed="0.865275"/>
</kw>
<kw name="Maximize Browser Window" owner="SeleniumLibrary">
<doc>Maximizes current browser window.</doc>
<status status="PASS" start="2025-05-26T16:46:27.784967" elapsed="0.329024"/>
</kw>
<kw name="Set Selenium Implicit Wait" owner="SeleniumLibrary">
<arg>5</arg>
<doc>Sets the implicit wait value used by Selenium.</doc>
<status status="PASS" start="2025-05-26T16:46:28.114331" elapsed="0.003309"/>
</kw>
<status status="PASS" start="2025-05-26T16:46:20.525683" elapsed="7.592137"/>
</kw>
<kw name="Validate Login Scenarios">
<kw name="Fill the login form" owner="LoginResources">
<kw name="Input Text" owner="SeleniumLibrary">
<msg time="2025-05-26T16:46:28.123539" level="INFO">Typing text 'emptypassword' into text field 'id:user-name'.</msg>
<arg>id:user-name</arg>
<arg>${username}</arg>
<doc>Types the given ``text`` into the text field identified by ``locator``.</doc>
<status status="PASS" start="2025-05-26T16:46:28.123100" elapsed="0.124222"/>
</kw>
<kw name="Input Password" owner="SeleniumLibrary">
<msg time="2025-05-26T16:46:28.248077" level="INFO">Typing password into text field 'id:password'.</msg>
<msg time="2025-05-26T16:46:28.263089" level="INFO">Temporally setting log level to: NONE</msg>
<arg>id:password</arg>
<arg>${password}</arg>
<doc>Types the given password into the text field identified by ``locator``.</doc>
<status status="PASS" start="2025-05-26T16:46:28.247611" elapsed="0.020944"/>
</kw>
<kw name="Click Button" owner="SeleniumLibrary">
<msg time="2025-05-26T16:46:28.269013" level="INFO">Clicking button 'id:login-button'.</msg>
<arg>id:login-button</arg>
<doc>Clicks the button identified by ``locator``.</doc>
<status status="PASS" start="2025-05-26T16:46:28.268796" elapsed="0.256716"/>
</kw>
<arg>${username}</arg>
<arg>${password}</arg>
<status status="PASS" start="2025-05-26T16:46:28.119775" elapsed="0.406046"/>
</kw>
<if>
<branch type="IF" condition="'${username}' == 'standard_user' or '${username}'=='performance_glitch_user' or '${username}'=='error_user' or '${username}'=='visual_user'">
<kw name="Verify the product title" owner="LoginResources">
<status status="NOT RUN" start="2025-05-26T16:46:28.526890" elapsed="0.000057"/>
</kw>
<status status="NOT RUN" start="2025-05-26T16:46:28.526050" elapsed="0.000951"/>
</branch>
<branch type="ELSE IF" condition="'${username}' == 'locked_out_user'">
<kw name="Verify the error message is displayed for lockedoutuser" owner="LoginResources">
<status status="NOT RUN" start="2025-05-26T16:46:28.527354" elapsed="0.000043"/>
</kw>
<status status="NOT RUN" start="2025-05-26T16:46:28.527060" elapsed="0.000382"/>
</branch>
<branch type="ELSE IF" condition="'${username}' == 'problem_user'">
<kw name="Verify the error message is displayed for wrong Credentials" owner="LoginResources">
<status status="NOT RUN" start="2025-05-26T16:46:28.527768" elapsed="0.000041"/>
</kw>
<status status="NOT RUN" start="2025-05-26T16:46:28.527495" elapsed="0.000375"/>
</branch>
<branch type="ELSE IF" condition="'${password}' == 'emptyusername'">
<kw name="verify the error message is displayed for empty username" owner="LoginResources">
<status status="NOT RUN" start="2025-05-26T16:46:28.528167" elapsed="0.000173"/>
</kw>
<status status="NOT RUN" start="2025-05-26T16:46:28.527919" elapsed="0.000471"/>
</branch>
<branch type="ELSE IF" condition="'${username}' == 'emptypassword'">
<kw name="Verify the error message is displayed for empty password" owner="LoginResources">
<kw name="Element Text Should Be" owner="SeleniumLibrary">
<msg time="2025-05-26T16:46:28.529494" level="INFO">Verifying element 'xpath://h3[@data-test='error']' contains exact text 'Epic sadface: Password is required'.</msg>
<arg>${error_msg}</arg>
<arg>Epic sadface: Password is required</arg>
<doc>Verifies that element ``locator`` contains exact the text ``expected``.</doc>
<status status="PASS" start="2025-05-26T16:46:28.529141" elapsed="0.018607"/>
</kw>
<status status="PASS" start="2025-05-26T16:46:28.528732" elapsed="0.019184"/>
</kw>
<status status="PASS" start="2025-05-26T16:46:28.528437" elapsed="0.019536"/>
</branch>
<status status="PASS" start="2025-05-26T16:46:28.525992" elapsed="0.022063"/>
</if>
<arg>username=emptypassword</arg>
<arg>password=</arg>
<status status="PASS" start="2025-05-26T16:46:28.119119" elapsed="0.429000"/>
</kw>
<kw name="Close the browser Session" owner="GenericResources" type="TEARDOWN">
<kw name="Close Browser" owner="SeleniumLibrary">
<doc>Closes the current browser.</doc>
<status status="PASS" start="2025-05-26T16:46:28.551866" elapsed="2.892787"/>
</kw>
<status status="PASS" start="2025-05-26T16:46:28.549422" elapsed="2.895383"/>
</kw>
<status status="PASS" start="2025-05-26T16:46:20.524279" elapsed="10.920868"/>
</test>
<doc>Tests to Login to Login Page</doc>
<status status="PASS" start="2025-05-26T16:45:00.555919" elapsed="90.890734"/>
</suite>
<suite id="s1-s4" name="RemoveAddtoCartTest" source="C:\Users\yuvar\ROBOTFRAMEWORK\POMRobotSwag\TestCases\RemoveAddtoCartTest.robot">
<test id="s1-s4-t1" name="Add the product to the cart and remove the product" line="16">
<kw name="Open the browser with URL" owner="GenericResources" type="SETUP">
<kw name="Create Webdriver" owner="SeleniumLibrary">
<msg time="2025-05-26T16:46:31.478492" level="INFO">Creating an instance of the Firefox WebDriver.</msg>
<arg>${browser_name}</arg>
<doc>Creates an instance of Selenium WebDriver.</doc>
<status status="PASS" start="2025-05-26T16:46:31.478249" elapsed="6.074326"/>
</kw>
<kw name="Go To" owner="SeleniumLibrary">
<msg time="2025-05-26T16:46:37.553350" level="INFO">Opening url 'https://www.saucedemo.com/'</msg>
<arg>${url}</arg>
<doc>Navigates the current browser window to the provided ``url``.</doc>
<status status="PASS" start="2025-05-26T16:46:37.553016" elapsed="0.897363"/>
</kw>
<kw name="Maximize Browser Window" owner="SeleniumLibrary">
<doc>Maximizes current browser window.</doc>
<status status="PASS" start="2025-05-26T16:46:38.450823" elapsed="0.293523"/>
</kw>
<kw name="Set Selenium Implicit Wait" owner="SeleniumLibrary">
<arg>5</arg>
<doc>Sets the implicit wait value used by Selenium.</doc>
<status status="PASS" start="2025-05-26T16:46:38.744751" elapsed="0.005376"/>
</kw>
<status status="PASS" start="2025-05-26T16:46:31.477886" elapsed="7.272464"/>
</kw>
<kw name="Fill the login form" owner="LoginResources">
<kw name="Input Text" owner="SeleniumLibrary">
<msg time="2025-05-26T16:46:38.752160" level="INFO">Typing text 'standard_user' into text field 'id:user-name'.</msg>
<arg>id:user-name</arg>
<arg>${username}</arg>
<doc>Types the given ``text`` into the text field identified by ``locator``.</doc>
<status status="PASS" start="2025-05-26T16:46:38.751784" elapsed="0.164581"/>
</kw>
<kw name="Input Password" owner="SeleniumLibrary">
<msg time="2025-05-26T16:46:38.916945" level="INFO">Typing password into text field 'id:password'.</msg>
<msg time="2025-05-26T16:46:38.926516" level="INFO">Temporally setting log level to: NONE</msg>
<arg>id:password</arg>
<arg>${password}</arg>
<doc>Types the given password into the text field identified by ``locator``.</doc>
<status status="PASS" start="2025-05-26T16:46:38.916639" elapsed="0.036193"/>
</kw>
<kw name="Click Button" owner="SeleniumLibrary">
<msg time="2025-05-26T16:46:38.953208" level="INFO">Clicking button 'id:login-button'.</msg>
<arg>id:login-button</arg>
<doc>Clicks the button identified by ``locator``.</doc>
<status status="PASS" start="2025-05-26T16:46:38.953023" elapsed="0.274376"/>
</kw>
<arg>${username}</arg>
<arg>${password}</arg>
<status status="PASS" start="2025-05-26T16:46:38.751121" elapsed="0.476485"/>
</kw>
<kw name="get the text of the product to add to cart" owner="RemoveAddtoCartResources">
<kw name="Get Text" owner="SeleniumLibrary">
<msg time="2025-05-26T16:46:39.240965" level="INFO">${product_text} = Sauce Labs Backpack</msg>
<var>${product_text}</var>
<arg>${productsaucelabs}</arg>
<doc>Returns the text value of the element identified by ``locator``.</doc>
<status status="PASS" start="2025-05-26T16:46:39.228683" elapsed="0.012346"/>
</kw>
<kw name="Log To Console" owner="BuiltIn">
<arg>${product_text}</arg>
<doc>Logs the given message to the console.</doc>
<status status="PASS" start="2025-05-26T16:46:39.241268" elapsed="0.000450"/>
</kw>
<status status="PASS" start="2025-05-26T16:46:39.228116" elapsed="0.013689"/>
</kw>
<kw name="click the Add to cart button" owner="RemoveAddtoCartResources">
<kw name="Click Button" owner="SeleniumLibrary">
<msg time="2025-05-26T16:46:39.243951" level="INFO">Clicking button 'id:add-to-cart-sauce-labs-backpack'.</msg>
<arg>${addtocart}</arg>
<doc>Clicks the button identified by ``locator``.</doc>
<status status="PASS" start="2025-05-26T16:46:39.243435" elapsed="0.226768"/>
</kw>
<status status="PASS" start="2025-05-26T16:46:39.242508" elapsed="0.227887"/>
</kw>
<kw name="click the Shopping cart button" owner="RemoveAddtoCartResources">
<kw name="Click Element" owner="SeleniumLibrary">
<msg time="2025-05-26T16:46:39.471621" level="INFO">Clicking element 'xpath://a[@data-test='shopping-cart-link']'.</msg>
<arg>${shoppingCart}</arg>
<doc>Click the element identified by ``locator``.</doc>
<status status="PASS" start="2025-05-26T16:46:39.471343" elapsed="0.220166"/>
</kw>
<status status="PASS" start="2025-05-26T16:46:39.470896" elapsed="0.220745"/>
</kw>
<kw name="check the same product is added in the shopping cart" owner="RemoveAddtoCartResources">
<kw name="Element Text Should Be" owner="SeleniumLibrary">
<msg time="2025-05-26T16:46:39.693469" level="INFO">Verifying element 'id:item_4_title_link' contains exact text 'Sauce Labs Backpack'.</msg>
<arg>${productsaucelabs}</arg>
<arg>Sauce Labs Backpack</arg>
<doc>Verifies that element ``locator`` contains exact the text ``expected``.</doc>
<status status="PASS" start="2025-05-26T16:46:39.693005" elapsed="0.014719"/>
</kw>
<status status="PASS" start="2025-05-26T16:46:39.692282" elapsed="0.015538"/>
</kw>
<kw name="click the remove button in the shopping cart" owner="RemoveAddtoCartResources">
<kw name="Click Button" owner="SeleniumLibrary">
<msg time="2025-05-26T16:46:39.708978" level="INFO">Clicking button 'id:remove-sauce-labs-backpack'.</msg>
<arg>${remove}</arg>
<doc>Clicks the button identified by ``locator``.</doc>
<status status="PASS" start="2025-05-26T16:46:39.708547" elapsed="0.226103"/>
</kw>
<status status="PASS" start="2025-05-26T16:46:39.708095" elapsed="0.226687"/>
</kw>
<kw name="now check the product is removed successfully" owner="RemoveAddtoCartResources">
<kw name="Element Should Not Be Visible" owner="SeleniumLibrary">
<msg time="2025-05-26T16:46:44.948396" level="INFO">Element 'id:item_4_title_link' did not exist.</msg>
<arg>${productsaucelabs}</arg>
<doc>Verifies that the element identified by ``locator`` is NOT visible.</doc>
<status status="PASS" start="2025-05-26T16:46:39.935823" elapsed="5.012782"/>
</kw>
<status status="PASS" start="2025-05-26T16:46:39.935401" elapsed="5.013388"/>
</kw>
<kw name="Close the browser Session" owner="GenericResources" type="TEARDOWN">
<kw name="Close Browser" owner="SeleniumLibrary">
<doc>Closes the current browser.</doc>
<status status="PASS" start="2025-05-26T16:46:44.950253" elapsed="2.894516"/>
</kw>
<status status="PASS" start="2025-05-26T16:46:44.949754" elapsed="2.895294"/>
</kw>
<status status="PASS" start="2025-05-26T16:46:31.476936" elapsed="16.368821"/>
</test>
<doc>Tests to Validate the AddtoCart remove button</doc>
<status status="PASS" start="2025-05-26T16:46:31.450342" elapsed="16.396577"/>
</suite>
<status status="PASS" start="2025-05-26T16:44:35.113569" elapsed="132.735573"/>
</suite>
<statistics>
<total>
<stat pass="11" fail="0" skip="0">All Tests</stat>
</total>
<tag>
</tag>
<suite>
<stat name="TestCases" id="s1" pass="11" fail="0" skip="0">TestCases</stat>
<stat name="CancelbtnTest" id="s1-s1" pass="1" fail="0" skip="0">TestCases.CancelbtnTest</stat>
<stat name="FilterTest" id="s1-s2" pass="1" fail="0" skip="0">TestCases.FilterTest</stat>
<stat name="Logintest" id="s1-s3" pass="8" fail="0" skip="0">TestCases.Logintest</stat>
<stat name="RemoveAddtoCartTest" id="s1-s4" pass="1" fail="0" skip="0">TestCases.RemoveAddtoCartTest</stat>
</suite>
</statistics>
<errors>
<msg time="2025-05-26T16:45:13.178325" level="WARN">Multiple tests with name 'Validate Login with' executed in suite 'TestCases.Logintest'.</msg>
<msg time="2025-05-26T16:45:23.538484" level="WARN">Multiple tests with name 'Validate Login with' executed in suite 'TestCases.Logintest'.</msg>
<msg time="2025-05-26T16:45:34.029578" level="WARN">Multiple tests with name 'Validate Login with' executed in suite 'TestCases.Logintest'.</msg>
<msg time="2025-05-26T16:45:49.524879" level="WARN">Multiple tests with name 'Validate Login with' executed in suite 'TestCases.Logintest'.</msg>
<msg time="2025-05-26T16:45:59.750926" level="WARN">Multiple tests with name 'Validate Login with' executed in suite 'TestCases.Logintest'.</msg>
<msg time="2025-05-26T16:46:10.164390" level="WARN">Multiple tests with name 'Validate Login with' executed in suite 'TestCases.Logintest'.</msg>
<msg time="2025-05-26T16:46:20.524338" level="WARN">Multiple tests with name 'Validate Login with' executed in suite 'TestCases.Logintest'.</msg>
</errors>
</robot>
