<?xml version="1.0" encoding="UTF-8"?>
<robot generator="Robot 7.2.2 (Python 3.13.3 on win32)" generated="2025-05-20T13:16:24.136779" rpa="false" schemaversion="5">
<suite id="s1" name="TestCases" source="C:\Users\yuvar\ROBOTFRAMEWORK\POMRobotSwag\TestCases">
<suite id="s1-s1" name="RemoveAddtoCartTest" source="C:\Users\yuvar\ROBOTFRAMEWORK\POMRobotSwag\TestCases\RemoveAddtoCartTest.robot">
<test id="s1-s1-t1" name="Add the product to the cart and remove the product" line="16">
<kw name="Open the browser with URL" owner="GenericResources" type="SETUP">
<kw name="Create Webdriver" owner="SeleniumLibrary">
<msg time="2025-05-20T13:16:24.499861" level="INFO">Creating an instance of the Chrome WebDriver.</msg>
<arg>${browser_name}</arg>
<doc>Creates an instance of Selenium WebDriver.</doc>
<status status="PASS" start="2025-05-20T13:16:24.499480" elapsed="1.665122"/>
</kw>
<kw name="Go To" owner="SeleniumLibrary">
<msg time="2025-05-20T13:16:26.166006" level="INFO">Opening url 'https://www.saucedemo.com/'</msg>
<arg>${url}</arg>
<doc>Navigates the current browser window to the provided ``url``.</doc>
<status status="PASS" start="2025-05-20T13:16:26.165260" elapsed="1.889286"/>
</kw>
<kw name="Maximize Browser Window" owner="SeleniumLibrary">
<doc>Maximizes current browser window.</doc>
<status status="PASS" start="2025-05-20T13:16:28.054994" elapsed="0.134817"/>
</kw>
<kw name="Set Selenium Implicit Wait" owner="SeleniumLibrary">
<arg>5</arg>
<doc>Sets the implicit wait value used by Selenium.</doc>
<status status="PASS" start="2025-05-20T13:16:28.191710" elapsed="0.020312"/>
</kw>
<status status="PASS" start="2025-05-20T13:16:24.498336" elapsed="3.713928"/>
</kw>
<kw name="Fill the login form" owner="LoginResources">
<kw name="Input Text" owner="SeleniumLibrary">
<msg time="2025-05-20T13:16:28.215246" level="INFO">Typing text 'standard_user' into text field 'id:user-name'.</msg>
<arg>id:user-name</arg>
<arg>${username}</arg>
<doc>Types the given ``text`` into the text field identified by ``locator``.</doc>
<status status="PASS" start="2025-05-20T13:16:28.214270" elapsed="0.605663"/>
</kw>
<kw name="Input Password" owner="SeleniumLibrary">
<msg time="2025-05-20T13:16:28.820892" level="INFO">Typing password into text field 'id:password'.</msg>
<msg time="2025-05-20T13:16:29.019504" level="INFO">Temporally setting log level to: NONE</msg>
<arg>id:password</arg>
<arg>${password}</arg>
<doc>Types the given password into the text field identified by ``locator``.</doc>
<status status="PASS" start="2025-05-20T13:16:28.820305" elapsed="0.412823"/>
</kw>
<kw name="Click Button" owner="SeleniumLibrary">
<msg time="2025-05-20T13:16:29.233842" level="INFO">Clicking button 'id:login-button'.</msg>
<arg>id:login-button</arg>
<doc>Clicks the button identified by ``locator``.</doc>
<status status="PASS" start="2025-05-20T13:16:29.233415" elapsed="0.205824"/>
</kw>
<arg>${username}</arg>
<arg>${password}</arg>
<status status="PASS" start="2025-05-20T13:16:28.212811" elapsed="1.226618"/>
</kw>
<kw name="get the text of the product to add to cart" owner="RemoveAddtoCartResources">
<kw name="Get Text" owner="SeleniumLibrary">
<msg time="2025-05-20T13:16:29.551281" level="INFO">${product_text} = Sauce Labs Backpack</msg>
<var>${product_text}</var>
<arg>${productsaucelabs}</arg>
<doc>Returns the text value of the element identified by ``locator``.</doc>
<status status="PASS" start="2025-05-20T13:16:29.440311" elapsed="0.111058"/>
</kw>
<kw name="Log To Console" owner="BuiltIn">
<arg>${product_text}</arg>
<doc>Logs the given message to the console.</doc>
<status status="PASS" start="2025-05-20T13:16:29.551666" elapsed="0.000640"/>
</kw>
<status status="PASS" start="2025-05-20T13:16:29.439748" elapsed="0.112728"/>
</kw>
<kw name="click the Add to cart button" owner="RemoveAddtoCartResources">
<kw name="Click Button" owner="SeleniumLibrary">
<msg time="2025-05-20T13:16:29.553672" level="INFO">Clicking button 'id:add-to-cart-sauce-labs-backpack'.</msg>
<arg>${addtocart}</arg>
<doc>Clicks the button identified by ``locator``.</doc>
<status status="PASS" start="2025-05-20T13:16:29.553268" elapsed="0.531855"/>
</kw>
<status status="PASS" start="2025-05-20T13:16:29.552755" elapsed="0.532571"/>
</kw>
<kw name="click the Shopping cart button" owner="RemoveAddtoCartResources">
<kw name="Click Element" owner="SeleniumLibrary">
<msg time="2025-05-20T13:16:30.086779" level="INFO">Clicking element 'xpath://a[@data-test='shopping-cart-link']'.</msg>
<arg>${shoppingCart}</arg>
<doc>Click the element identified by ``locator``.</doc>
<status status="PASS" start="2025-05-20T13:16:30.086228" elapsed="0.170213"/>
</kw>
<status status="PASS" start="2025-05-20T13:16:30.085651" elapsed="0.171032"/>
</kw>
<kw name="check the same product is added in the shopping cart" owner="RemoveAddtoCartResources">
<kw name="Element Text Should Be" owner="SeleniumLibrary">
<msg time="2025-05-20T13:16:30.258141" level="INFO">Verifying element 'id:item_4_title_link' contains exact text 'Sauce Labs Backpack'.</msg>
<arg>${productsaucelabs}</arg>
<arg>Sauce Labs Backpack</arg>
<doc>Verifies that element ``locator`` contains exact the text ``expected``.</doc>
<status status="PASS" start="2025-05-20T13:16:30.257652" elapsed="0.031690"/>
</kw>
<status status="PASS" start="2025-05-20T13:16:30.257047" elapsed="0.032488"/>
</kw>
<kw name="click the remove button in the shopping cart" owner="RemoveAddtoCartResources">
<kw name="Click Button" owner="SeleniumLibrary">
<msg time="2025-05-20T13:16:30.290917" level="INFO">Clicking button 'id:remove-sauce-labs-backpack'.</msg>
<arg>${remove}</arg>
<doc>Clicks the button identified by ``locator``.</doc>
<status status="PASS" start="2025-05-20T13:16:30.290492" elapsed="10.375557"/>
</kw>
<status status="PASS" start="2025-05-20T13:16:30.289917" elapsed="10.376470"/>
</kw>
<kw name="now check the product is removed successfully" owner="RemoveAddtoCartResources">
<kw name="Element Should Not Be Visible" owner="SeleniumLibrary">
<msg time="2025-05-20T13:16:41.491277" level="INFO" html="true">&lt;/td&gt;&lt;/tr&gt;&lt;tr&gt;&lt;td colspan="3"&gt;&lt;a href="selenium-screenshot-1.png"&gt;&lt;img src="selenium-screenshot-1.png" width="800px"&gt;&lt;/a&gt;</msg>
<msg time="2025-05-20T13:16:41.504745" level="FAIL">The element 'id:item_4_title_link' should not be visible, but it is.</msg>
<arg>${productsaucelabs}</arg>
<doc>Verifies that the element identified by ``locator`` is NOT visible.</doc>
<status status="FAIL" start="2025-05-20T13:16:40.667568" elapsed="0.902054">The element 'id:item_4_title_link' should not be visible, but it is.</status>
</kw>
<status status="FAIL" start="2025-05-20T13:16:40.666837" elapsed="0.903853">The element 'id:item_4_title_link' should not be visible, but it is.</status>
</kw>
<kw name="Close the browser Session" owner="GenericResources" type="TEARDOWN">
<kw name="Close Browser" owner="SeleniumLibrary">
<doc>Closes the current browser.</doc>
<status status="PASS" start="2025-05-20T13:16:41.577073" elapsed="4.630024"/>
</kw>
<status status="PASS" start="2025-05-20T13:16:41.576205" elapsed="4.631128"/>
</kw>
<status status="FAIL" start="2025-05-20T13:16:24.497390" elapsed="21.710036">The element 'id:item_4_title_link' should not be visible, but it is.</status>
</test>
<doc>Tests to Validate the AddtoCart remove button</doc>
<status status="FAIL" start="2025-05-20T13:16:24.177803" elapsed="22.030911"/>
</suite>
<status status="FAIL" start="2025-05-20T13:16:24.162017" elapsed="22.047805"/>
</suite>
<statistics>
<total>
<stat pass="0" fail="1" skip="0">All Tests</stat>
</total>
<tag>
</tag>
<suite>
<stat name="TestCases" id="s1" pass="0" fail="1" skip="0">TestCases</stat>
<stat name="RemoveAddtoCartTest" id="s1-s1" pass="0" fail="1" skip="0">TestCases.RemoveAddtoCartTest</stat>
</suite>
</statistics>
<errors>
</errors>
</robot>
