<?xml version="1.0" encoding="UTF-8"?>
<robot generator="Robot 7.2.2 (Python 3.13.3 on win32)" generated="2025-05-20T13:16:27.037516" rpa="false" schemaversion="5">
<suite id="s1" name="TestCases" source="C:\Users\yuvar\ROBOTFRAMEWORK\POMRobotSwag\TestCases">
<suite id="s1-s1" name="Logintest" source="C:\Users\yuvar\ROBOTFRAMEWORK\POMRobotSwag\TestCases\Logintest.robot">
<test id="s1-s1-t1" name="Validate Login with" line="17">
<kw name="Open the browser with URL" owner="GenericResources" type="SETUP">
<kw name="Create Webdriver" owner="SeleniumLibrary">
<msg time="2025-05-20T13:16:29.661725" level="INFO">Creating an instance of the Chrome WebDriver.</msg>
<arg>${browser_name}</arg>
<doc>Creates an instance of Selenium WebDriver.</doc>
<status status="PASS" start="2025-05-20T13:16:29.661055" elapsed="4.470812"/>
</kw>
<kw name="Go To" owner="SeleniumLibrary">
<msg time="2025-05-20T13:16:34.134098" level="INFO">Opening url 'https://www.saucedemo.com/'</msg>
<arg>${url}</arg>
<doc>Navigates the current browser window to the provided ``url``.</doc>
<status status="PASS" start="2025-05-20T13:16:34.132986" elapsed="4.005750"/>
</kw>
<kw name="Maximize Browser Window" owner="SeleniumLibrary">
<doc>Maximizes current browser window.</doc>
<status status="PASS" start="2025-05-20T13:16:38.142915" elapsed="0.427927"/>
</kw>
<kw name="Set Selenium Implicit Wait" owner="SeleniumLibrary">
<arg>5</arg>
<doc>Sets the implicit wait value used by Selenium.</doc>
<status status="PASS" start="2025-05-20T13:16:38.571457" elapsed="0.015985"/>
</kw>
<status status="PASS" start="2025-05-20T13:16:29.658630" elapsed="8.929102"/>
</kw>
<kw name="Validate Login Scenarios">
<kw name="Fill the login form" owner="LoginResources">
<kw name="Input Text" owner="SeleniumLibrary">
<msg time="2025-05-20T13:16:38.595779" level="INFO">Typing text 'standard_user' into text field 'id:user-name'.</msg>
<arg>id:user-name</arg>
<arg>${username}</arg>
<doc>Types the given ``text`` into the text field identified by ``locator``.</doc>
<status status="PASS" start="2025-05-20T13:16:38.590953" elapsed="1.023116"/>
</kw>
<kw name="Input Password" owner="SeleniumLibrary">
<msg time="2025-05-20T13:16:39.615291" level="INFO">Typing password into text field 'id:password'.</msg>
<msg time="2025-05-20T13:16:39.872529" level="INFO">Temporally setting log level to: NONE</msg>
<arg>id:password</arg>
<arg>${password}</arg>
<doc>Types the given password into the text field identified by ``locator``.</doc>
<status status="PASS" start="2025-05-20T13:16:39.614630" elapsed="1.000948"/>
</kw>
<kw name="Click Button" owner="SeleniumLibrary">
<msg time="2025-05-20T13:16:40.616868" level="INFO">Clicking button 'id:login-button'.</msg>
<arg>id:login-button</arg>
<doc>Clicks the button identified by ``locator``.</doc>
<status status="PASS" start="2025-05-20T13:16:40.616138" elapsed="1.508362"/>
</kw>
<arg>${username}</arg>
<arg>${password}</arg>
<status status="PASS" start="2025-05-20T13:16:38.590178" elapsed="3.535067"/>
</kw>
<if>
<branch type="IF" condition="'${username}' == 'standard_user' or '${username}'=='performance_glitch_user' or '${username}'=='error_user' or '${username}'=='visual_user'">
<kw name="Verify the product title" owner="LoginResources">
<kw name="Element Text Should Be" owner="SeleniumLibrary">
<msg time="2025-05-20T13:16:42.133751" level="INFO">Verifying element 'xpath://span[text()='Products']' contains exact text 'Products'.</msg>
<arg>${products_title}</arg>
<arg>Products</arg>
<doc>Verifies that element ``locator`` contains exact the text ``expected``.</doc>
<status status="PASS" start="2025-05-20T13:16:42.132771" elapsed="0.551354"/>
</kw>
<status status="PASS" start="2025-05-20T13:16:42.127995" elapsed="0.556459"/>
</kw>
<status status="PASS" start="2025-05-20T13:16:42.125939" elapsed="0.558616"/>
</branch>
<branch type="ELSE IF" condition="'${username}' == 'locked_out_user'">
<kw name="Verify the error message is displayed for lockedoutuser" owner="LoginResources">
<status status="NOT RUN" start="2025-05-20T13:16:42.685744" elapsed="0.000150"/>
</kw>
<status status="NOT RUN" start="2025-05-20T13:16:42.685121" elapsed="0.000857"/>
</branch>
<branch type="ELSE IF" condition="'${username}' == 'problem_user'">
<kw name="Verify the error message is displayed for wrong Credentials" owner="LoginResources">
<status status="NOT RUN" start="2025-05-20T13:16:42.686400" elapsed="0.000132"/>
</kw>
<status status="NOT RUN" start="2025-05-20T13:16:42.686069" elapsed="0.000546"/>
</branch>
<branch type="ELSE IF" condition="'${password}' == 'emptyusername'">
<kw name="verify the error message is displayed for empty username" owner="LoginResources">
<status status="NOT RUN" start="2025-05-20T13:16:42.686927" elapsed="0.000126"/>
</kw>
<status status="NOT RUN" start="2025-05-20T13:16:42.686678" elapsed="0.000439"/>
</branch>
<branch type="ELSE IF" condition="'${username}' == 'emptypassword'">
<kw name="Verify the error message is displayed for empty password" owner="LoginResources">
<status status="NOT RUN" start="2025-05-20T13:16:42.687654" elapsed="0.000168"/>
</kw>
<status status="NOT RUN" start="2025-05-20T13:16:42.687183" elapsed="0.000724"/>
</branch>
<status status="PASS" start="2025-05-20T13:16:42.125702" elapsed="0.562278"/>
</if>
<arg>username=standard_user</arg>
<arg>password=secret_sauce</arg>
<status status="PASS" start="2025-05-20T13:16:38.588405" elapsed="4.099709"/>
</kw>
<kw name="Close the browser Session" owner="GenericResources" type="TEARDOWN">
<kw name="Close Browser" owner="SeleniumLibrary">
<doc>Closes the current browser.</doc>
<status status="PASS" start="2025-05-20T13:16:42.692972" elapsed="3.514205"/>
</kw>
<status status="PASS" start="2025-05-20T13:16:42.690790" elapsed="3.516569"/>
</kw>
<status status="PASS" start="2025-05-20T13:16:29.655311" elapsed="16.552138"/>
</test>
<test id="s1-s1-t2" name="Validate Login with" line="17">
<kw name="Open the browser with URL" owner="GenericResources" type="SETUP">
<kw name="Create Webdriver" owner="SeleniumLibrary">
<msg time="2025-05-20T13:16:46.211601" level="INFO">Creating an instance of the Chrome WebDriver.</msg>
<arg>${browser_name}</arg>
<doc>Creates an instance of Selenium WebDriver.</doc>
<status status="PASS" start="2025-05-20T13:16:46.211207" elapsed="2.636702"/>
</kw>
<kw name="Go To" owner="SeleniumLibrary">
<msg time="2025-05-20T13:16:48.848905" level="INFO">Opening url 'https://www.saucedemo.com/'</msg>
<arg>${url}</arg>
<doc>Navigates the current browser window to the provided ``url``.</doc>
<status status="PASS" start="2025-05-20T13:16:48.848367" elapsed="3.131828"/>
</kw>
<kw name="Maximize Browser Window" owner="SeleniumLibrary">
<doc>Maximizes current browser window.</doc>
<status status="PASS" start="2025-05-20T13:16:51.980812" elapsed="0.200945"/>
</kw>
<kw name="Set Selenium Implicit Wait" owner="SeleniumLibrary">
<arg>5</arg>
<doc>Sets the implicit wait value used by Selenium.</doc>
<status status="PASS" start="2025-05-20T13:16:52.182126" elapsed="0.004579"/>
</kw>
<status status="PASS" start="2025-05-20T13:16:46.210636" elapsed="5.976372"/>
</kw>
<kw name="Validate Login Scenarios">
<kw name="Fill the login form" owner="LoginResources">
<kw name="Input Text" owner="SeleniumLibrary">
<msg time="2025-05-20T13:16:52.191096" level="INFO">Typing text 'locked_out_user' into text field 'id:user-name'.</msg>
<arg>id:user-name</arg>
<arg>${username}</arg>
<doc>Types the given ``text`` into the text field identified by ``locator``.</doc>
<status status="PASS" start="2025-05-20T13:16:52.190481" elapsed="1.280375"/>
</kw>
<kw name="Input Password" owner="SeleniumLibrary">
<msg time="2025-05-20T13:16:53.472860" level="INFO">Typing password into text field 'id:password'.</msg>
<msg time="2025-05-20T13:16:54.234707" level="INFO">Temporally setting log level to: NONE</msg>
<arg>id:password</arg>
<arg>${password}</arg>
<doc>Types the given password into the text field identified by ``locator``.</doc>
<status status="PASS" start="2025-05-20T13:16:53.471763" elapsed="1.142075"/>
</kw>
<kw name="Click Button" owner="SeleniumLibrary">
<msg time="2025-05-20T13:16:54.615130" level="INFO">Clicking button 'id:login-button'.</msg>
<arg>id:login-button</arg>
<doc>Clicks the button identified by ``locator``.</doc>
<status status="PASS" start="2025-05-20T13:16:54.614582" elapsed="0.284972"/>
</kw>
<arg>${username}</arg>
<arg>${password}</arg>
<status status="PASS" start="2025-05-20T13:16:52.189448" elapsed="2.710368"/>
</kw>
<if>
<branch type="IF" condition="'${username}' == 'standard_user' or '${username}'=='performance_glitch_user' or '${username}'=='error_user' or '${username}'=='visual_user'">
<kw name="Verify the product title" owner="LoginResources">
<status status="NOT RUN" start="2025-05-20T13:16:54.901130" elapsed="0.000207"/>
</kw>
<status status="NOT RUN" start="2025-05-20T13:16:54.900095" elapsed="0.001355"/>
</branch>
<branch type="ELSE IF" condition="'${username}' == 'locked_out_user'">
<kw name="Verify the error message is displayed for lockedoutuser" owner="LoginResources">
<kw name="Element Text Should Be" owner="SeleniumLibrary">
<msg time="2025-05-20T13:16:54.904209" level="INFO">Verifying element 'xpath://h3[@data-test='error']' contains exact text 'Epic sadface: Sorry, this user has been locked out.'.</msg>
<arg>${error_msg}</arg>
<arg>Epic sadface: Sorry, this user has been locked out.</arg>
<doc>Verifies that element ``locator`` contains exact the text ``expected``.</doc>
<status status="PASS" start="2025-05-20T13:16:54.903620" elapsed="0.115864"/>
</kw>
<status status="PASS" start="2025-05-20T13:16:54.902524" elapsed="0.117210"/>
</kw>
<status status="PASS" start="2025-05-20T13:16:54.901541" elapsed="0.118303"/>
</branch>
<branch type="ELSE IF" condition="'${username}' == 'problem_user'">
<kw name="Verify the error message is displayed for wrong Credentials" owner="LoginResources">
<status status="NOT RUN" start="2025-05-20T13:16:55.020796" elapsed="0.000224"/>
</kw>
<status status="NOT RUN" start="2025-05-20T13:16:55.020188" elapsed="0.000951"/>
</branch>
<branch type="ELSE IF" condition="'${password}' == 'emptyusername'">
<kw name="verify the error message is displayed for empty username" owner="LoginResources">
<status status="NOT RUN" start="2025-05-20T13:16:55.021714" elapsed="0.000178"/>
</kw>
<status status="NOT RUN" start="2025-05-20T13:16:55.021256" elapsed="0.000738"/>
</branch>
<branch type="ELSE IF" condition="'${username}' == 'emptypassword'">
<kw name="Verify the error message is displayed for empty password" owner="LoginResources">
<status status="NOT RUN" start="2025-05-20T13:16:55.022564" elapsed="0.000184"/>
</kw>
<status status="NOT RUN" start="2025-05-20T13:16:55.022108" elapsed="0.000743"/>
</branch>
<status status="PASS" start="2025-05-20T13:16:54.900019" elapsed="0.122928"/>
</if>
<arg>username=locked_out_user</arg>
<arg>password=secret_sauce</arg>
<status status="PASS" start="2025-05-20T13:16:52.188046" elapsed="2.835087"/>
</kw>
<kw name="Close the browser Session" owner="GenericResources" type="TEARDOWN">
<kw name="Close Browser" owner="SeleniumLibrary">
<doc>Closes the current browser.</doc>
<status status="PASS" start="2025-05-20T13:16:55.024393" elapsed="4.664904"/>
</kw>
<status status="PASS" start="2025-05-20T13:16:55.023686" elapsed="4.665826"/>
</kw>
<status status="PASS" start="2025-05-20T13:16:46.208190" elapsed="13.481446"/>
</test>
<test id="s1-s1-t3" name="Validate Login with" line="17">
<kw name="Open the browser with URL" owner="GenericResources" type="SETUP">
<kw name="Create Webdriver" owner="SeleniumLibrary">
<msg time="2025-05-20T13:16:59.693855" level="INFO">Creating an instance of the Chrome WebDriver.</msg>
<arg>${browser_name}</arg>
<doc>Creates an instance of Selenium WebDriver.</doc>
<status status="PASS" start="2025-05-20T13:16:59.693354" elapsed="4.026086"/>
</kw>
<kw name="Go To" owner="SeleniumLibrary">
<msg time="2025-05-20T13:17:03.721373" level="INFO">Opening url 'https://www.saucedemo.com/'</msg>
<arg>${url}</arg>
<doc>Navigates the current browser window to the provided ``url``.</doc>
<status status="PASS" start="2025-05-20T13:17:03.720317" elapsed="2.475555"/>
</kw>
<kw name="Maximize Browser Window" owner="SeleniumLibrary">
<doc>Maximizes current browser window.</doc>
<status status="PASS" start="2025-05-20T13:17:06.196448" elapsed="0.298368"/>
</kw>
<kw name="Set Selenium Implicit Wait" owner="SeleniumLibrary">
<arg>5</arg>
<doc>Sets the implicit wait value used by Selenium.</doc>
<status status="PASS" start="2025-05-20T13:17:06.495379" elapsed="0.003997"/>
</kw>
<status status="PASS" start="2025-05-20T13:16:59.692489" elapsed="6.807137"/>
</kw>
<kw name="Validate Login Scenarios">
<kw name="Fill the login form" owner="LoginResources">
<kw name="Input Text" owner="SeleniumLibrary">
<msg time="2025-05-20T13:17:06.502301" level="INFO">Typing text 'problem_user' into text field 'id:user-name'.</msg>
<arg>id:user-name</arg>
<arg>${username}</arg>
<doc>Types the given ``text`` into the text field identified by ``locator``.</doc>
<status status="PASS" start="2025-05-20T13:17:06.501828" elapsed="0.846216"/>
</kw>
<kw name="Input Password" owner="SeleniumLibrary">
<msg time="2025-05-20T13:17:07.349108" level="INFO">Typing password into text field 'id:password'.</msg>
<msg time="2025-05-20T13:17:07.458499" level="INFO">Temporally setting log level to: NONE</msg>
<arg>id:password</arg>
<arg>${password}</arg>
<doc>Types the given password into the text field identified by ``locator``.</doc>
<status status="PASS" start="2025-05-20T13:17:07.348396" elapsed="0.732374"/>
</kw>
<kw name="Click Button" owner="SeleniumLibrary">
<msg time="2025-05-20T13:17:08.081824" level="INFO">Clicking button 'id:login-button'.</msg>
<arg>id:login-button</arg>
<doc>Clicks the button identified by ``locator``.</doc>
<status status="PASS" start="2025-05-20T13:17:08.081229" elapsed="0.286470"/>
</kw>
<arg>${username}</arg>
<arg>${password}</arg>
<status status="PASS" start="2025-05-20T13:17:06.501052" elapsed="1.866875"/>
</kw>
<if>
<branch type="IF" condition="'${username}' == 'standard_user' or '${username}'=='performance_glitch_user' or '${username}'=='error_user' or '${username}'=='visual_user'">
<kw name="Verify the product title" owner="LoginResources">
<status status="NOT RUN" start="2025-05-20T13:17:08.371471" elapsed="0.000353"/>
</kw>
<status status="NOT RUN" start="2025-05-20T13:17:08.368167" elapsed="0.003776"/>
</branch>
<branch type="ELSE IF" condition="'${username}' == 'locked_out_user'">
<kw name="Verify the error message is displayed for lockedoutuser" owner="LoginResources">
<status status="NOT RUN" start="2025-05-20T13:17:08.372678" elapsed="0.000159"/>
</kw>
<status status="NOT RUN" start="2025-05-20T13:17:08.372039" elapsed="0.000887"/>
</branch>
<branch type="ELSE IF" condition="'${username}' == 'problem_user'">
<kw name="Verify the error message is displayed for wrong Credentials" owner="LoginResources">
<kw name="Element Text Should Be" owner="SeleniumLibrary">
<msg time="2025-05-20T13:17:08.374542" level="INFO">Verifying element 'xpath://h3[@data-test='error']' contains exact text 'Epic sadface: Username and password do not match any user in this service'.</msg>
<arg>${error_msg}</arg>
<arg>Epic sadface: Username and password do not match any user in this service</arg>
<doc>Verifies that element ``locator`` contains exact the text ``expected``.</doc>
<status status="PASS" start="2025-05-20T13:17:08.374053" elapsed="0.037995"/>
</kw>
<status status="PASS" start="2025-05-20T13:17:08.373506" elapsed="0.038758"/>
</kw>
<status status="PASS" start="2025-05-20T13:17:08.373010" elapsed="0.039343"/>
</branch>
<branch type="ELSE IF" condition="'${password}' == 'emptyusername'">
<kw name="verify the error message is displayed for empty username" owner="LoginResources">
<status status="NOT RUN" start="2025-05-20T13:17:08.412902" elapsed="0.000164"/>
</kw>
<status status="NOT RUN" start="2025-05-20T13:17:08.412449" elapsed="0.000704"/>
</branch>
<branch type="ELSE IF" condition="'${username}' == 'emptypassword'">
<kw name="Verify the error message is displayed for empty password" owner="LoginResources">
<status status="NOT RUN" start="2025-05-20T13:17:08.413780" elapsed="0.000147"/>
</kw>
<status status="NOT RUN" start="2025-05-20T13:17:08.413230" elapsed="0.000776"/>
</branch>
<status status="PASS" start="2025-05-20T13:17:08.368098" elapsed="0.045981"/>
</if>
<arg>username=problem_user</arg>
<arg>password=secret_sau</arg>
<status status="PASS" start="2025-05-20T13:17:06.500172" elapsed="1.914059"/>
</kw>
<kw name="Close the browser Session" owner="GenericResources" type="TEARDOWN">
<kw name="Close Browser" owner="SeleniumLibrary">
<doc>Closes the current browser.</doc>
<status status="PASS" start="2025-05-20T13:17:08.415238" elapsed="4.068523"/>
</kw>
<status status="PASS" start="2025-05-20T13:17:08.414628" elapsed="4.069340"/>
</kw>
<status status="PASS" start="2025-05-20T13:16:59.690244" elapsed="12.793834"/>
</test>
<test id="s1-s1-t4" name="Validate Login with" line="17">
<kw name="Open the browser with URL" owner="GenericResources" type="SETUP">
<kw name="Create Webdriver" owner="SeleniumLibrary">
<msg time="2025-05-20T13:17:12.487693" level="INFO">Creating an instance of the Chrome WebDriver.</msg>
<arg>${browser_name}</arg>
<doc>Creates an instance of Selenium WebDriver.</doc>
<status status="PASS" start="2025-05-20T13:17:12.487413" elapsed="3.596171"/>
</kw>
<kw name="Go To" owner="SeleniumLibrary">
<msg time="2025-05-20T13:17:16.085201" level="INFO">Opening url 'https://www.saucedemo.com/'</msg>
<arg>${url}</arg>
<doc>Navigates the current browser window to the provided ``url``.</doc>
<status status="PASS" start="2025-05-20T13:17:16.084508" elapsed="1.372782"/>
</kw>
<kw name="Maximize Browser Window" owner="SeleniumLibrary">
<doc>Maximizes current browser window.</doc>
<status status="PASS" start="2025-05-20T13:17:17.457869" elapsed="1.324184"/>
</kw>
<kw name="Set Selenium Implicit Wait" owner="SeleniumLibrary">
<arg>5</arg>
<doc>Sets the implicit wait value used by Selenium.</doc>
<status status="PASS" start="2025-05-20T13:17:18.782510" elapsed="0.043493"/>
</kw>
<status status="PASS" start="2025-05-20T13:17:12.486878" elapsed="6.339495"/>
</kw>
<kw name="Validate Login Scenarios">
<kw name="Fill the login form" owner="LoginResources">
<kw name="Input Text" owner="SeleniumLibrary">
<msg time="2025-05-20T13:17:18.841198" level="INFO">Typing text 'performance_glitch_user' into text field 'id:user-name'.</msg>
<arg>id:user-name</arg>
<arg>${username}</arg>
<doc>Types the given ``text`` into the text field identified by ``locator``.</doc>
<status status="PASS" start="2025-05-20T13:17:18.837805" elapsed="1.240025"/>
</kw>
<kw name="Input Password" owner="SeleniumLibrary">
<msg time="2025-05-20T13:17:20.079303" level="INFO">Typing password into text field 'id:password'.</msg>
<msg time="2025-05-20T13:17:20.306924" level="INFO">Temporally setting log level to: NONE</msg>
<arg>id:password</arg>
<arg>${password}</arg>
<doc>Types the given password into the text field identified by ``locator``.</doc>
<status status="PASS" start="2025-05-20T13:17:20.078408" elapsed="0.715525"/>
</kw>
<kw name="Click Button" owner="SeleniumLibrary">
<msg time="2025-05-20T13:17:20.795345" level="INFO">Clicking button 'id:login-button'.</msg>
<arg>id:login-button</arg>
<doc>Clicks the button identified by ``locator``.</doc>
<status status="PASS" start="2025-05-20T13:17:20.794663" elapsed="6.686888"/>
</kw>
<arg>${username}</arg>
<arg>${password}</arg>
<status status="PASS" start="2025-05-20T13:17:18.828240" elapsed="8.653696"/>
</kw>
<if>
<branch type="IF" condition="'${username}' == 'standard_user' or '${username}'=='performance_glitch_user' or '${username}'=='error_user' or '${username}'=='visual_user'">
<kw name="Verify the product title" owner="LoginResources">
<kw name="Element Text Should Be" owner="SeleniumLibrary">
<msg time="2025-05-20T13:17:27.485240" level="INFO">Verifying element 'xpath://span[text()='Products']' contains exact text 'Products'.</msg>
<arg>${products_title}</arg>
<arg>Products</arg>
<doc>Verifies that element ``locator`` contains exact the text ``expected``.</doc>
<status status="PASS" start="2025-05-20T13:17:27.484611" elapsed="0.229917"/>
</kw>
<status status="PASS" start="2025-05-20T13:17:27.483818" elapsed="0.230941"/>
</kw>
<status status="PASS" start="2025-05-20T13:17:27.482225" elapsed="0.232630"/>
</branch>
<branch type="ELSE IF" condition="'${username}' == 'locked_out_user'">
<kw name="Verify the error message is displayed for lockedoutuser" owner="LoginResources">
<status status="NOT RUN" start="2025-05-20T13:17:27.715440" elapsed="0.000225"/>
</kw>
<status status="NOT RUN" start="2025-05-20T13:17:27.714958" elapsed="0.001968"/>
</branch>
<branch type="ELSE IF" condition="'${username}' == 'problem_user'">
<kw name="Verify the error message is displayed for wrong Credentials" owner="LoginResources">
<status status="NOT RUN" start="2025-05-20T13:17:27.717505" elapsed="0.000177"/>
</kw>
<status status="NOT RUN" start="2025-05-20T13:17:27.717041" elapsed="0.000736"/>
</branch>
<branch type="ELSE IF" condition="'${password}' == 'emptyusername'">
<kw name="verify the error message is displayed for empty username" owner="LoginResources">
<status status="NOT RUN" start="2025-05-20T13:17:27.718403" elapsed="0.000230"/>
</kw>
<status status="NOT RUN" start="2025-05-20T13:17:27.717861" elapsed="0.000862"/>
</branch>
<branch type="ELSE IF" condition="'${username}' == 'emptypassword'">
<kw name="Verify the error message is displayed for empty password" owner="LoginResources">
<status status="NOT RUN" start="2025-05-20T13:17:27.724236" elapsed="0.000339"/>
</kw>
<status status="NOT RUN" start="2025-05-20T13:17:27.723353" elapsed="0.001331"/>
</branch>
<status status="PASS" start="2025-05-20T13:17:27.482147" elapsed="0.242623"/>
</if>
<arg>username=performance_glitch_user</arg>
<arg>password=secret_sauce</arg>
<status status="PASS" start="2025-05-20T13:17:18.827085" elapsed="8.897808"/>
</kw>
<kw name="Close the browser Session" owner="GenericResources" type="TEARDOWN">
<kw name="Close Browser" owner="SeleniumLibrary">
<doc>Closes the current browser.</doc>
<status status="PASS" start="2025-05-20T13:17:27.727108" elapsed="4.186541"/>
</kw>
<status status="PASS" start="2025-05-20T13:17:27.725743" elapsed="4.188151"/>
</kw>
<status status="PASS" start="2025-05-20T13:17:12.484663" elapsed="19.429317"/>
</test>
<test id="s1-s1-t5" name="Validate Login with" line="17">
<kw name="Open the browser with URL" owner="GenericResources" type="SETUP">
<kw name="Create Webdriver" owner="SeleniumLibrary">
<msg time="2025-05-20T13:17:31.917865" level="INFO">Creating an instance of the Chrome WebDriver.</msg>
<arg>${browser_name}</arg>
<doc>Creates an instance of Selenium WebDriver.</doc>
<status status="PASS" start="2025-05-20T13:17:31.917108" elapsed="3.975494"/>
</kw>
<kw name="Go To" owner="SeleniumLibrary">
<msg time="2025-05-20T13:17:35.893406" level="INFO">Opening url 'https://www.saucedemo.com/'</msg>
<arg>${url}</arg>
<doc>Navigates the current browser window to the provided ``url``.</doc>
<status status="PASS" start="2025-05-20T13:17:35.892924" elapsed="1.511330"/>
</kw>
<kw name="Maximize Browser Window" owner="SeleniumLibrary">
<doc>Maximizes current browser window.</doc>
<status status="PASS" start="2025-05-20T13:17:37.404638" elapsed="0.209159"/>
</kw>
<kw name="Set Selenium Implicit Wait" owner="SeleniumLibrary">
<arg>5</arg>
<doc>Sets the implicit wait value used by Selenium.</doc>
<status status="PASS" start="2025-05-20T13:17:37.614238" elapsed="0.014482"/>
</kw>
<status status="PASS" start="2025-05-20T13:17:31.916139" elapsed="5.712810"/>
</kw>
<kw name="Validate Login Scenarios">
<kw name="Fill the login form" owner="LoginResources">
<kw name="Input Text" owner="SeleniumLibrary">
<msg time="2025-05-20T13:17:37.633296" level="INFO">Typing text 'error_user' into text field 'id:user-name'.</msg>
<arg>id:user-name</arg>
<arg>${username}</arg>
<doc>Types the given ``text`` into the text field identified by ``locator``.</doc>
<status status="PASS" start="2025-05-20T13:17:37.632063" elapsed="1.907454"/>
</kw>
<kw name="Input Password" owner="SeleniumLibrary">
<msg time="2025-05-20T13:17:39.541257" level="INFO">Typing password into text field 'id:password'.</msg>
<msg time="2025-05-20T13:17:39.812589" level="INFO">Temporally setting log level to: NONE</msg>
<arg>id:password</arg>
<arg>${password}</arg>
<doc>Types the given password into the text field identified by ``locator``.</doc>
<status status="PASS" start="2025-05-20T13:17:39.540431" elapsed="0.810787"/>
</kw>
<kw name="Click Button" owner="SeleniumLibrary">
<msg time="2025-05-20T13:17:40.351994" level="INFO">Clicking button 'id:login-button'.</msg>
<arg>id:login-button</arg>
<doc>Clicks the button identified by ``locator``.</doc>
<status status="PASS" start="2025-05-20T13:17:40.351534" elapsed="1.924375"/>
</kw>
<arg>${username}</arg>
<arg>${password}</arg>
<status status="PASS" start="2025-05-20T13:17:37.630472" elapsed="4.645834"/>
</kw>
<if>
<branch type="IF" condition="'${username}' == 'standard_user' or '${username}'=='performance_glitch_user' or '${username}'=='error_user' or '${username}'=='visual_user'">
<kw name="Verify the product title" owner="LoginResources">
<kw name="Element Text Should Be" owner="SeleniumLibrary">
<msg time="2025-05-20T13:17:42.279024" level="INFO">Verifying element 'xpath://span[text()='Products']' contains exact text 'Products'.</msg>
<arg>${products_title}</arg>
<arg>Products</arg>
<doc>Verifies that element ``locator`` contains exact the text ``expected``.</doc>
<status status="PASS" start="2025-05-20T13:17:42.278473" elapsed="0.394141"/>
</kw>
<status status="PASS" start="2025-05-20T13:17:42.277780" elapsed="0.395122"/>
</kw>
<status status="PASS" start="2025-05-20T13:17:42.276645" elapsed="0.396356"/>
</branch>
<branch type="ELSE IF" condition="'${username}' == 'locked_out_user'">
<kw name="Verify the error message is displayed for lockedoutuser" owner="LoginResources">
<status status="NOT RUN" start="2025-05-20T13:17:42.673695" elapsed="0.000176"/>
</kw>
<status status="NOT RUN" start="2025-05-20T13:17:42.673105" elapsed="0.000870"/>
</branch>
<branch type="ELSE IF" condition="'${username}' == 'problem_user'">
<kw name="Verify the error message is displayed for wrong Credentials" owner="LoginResources">
<status status="NOT RUN" start="2025-05-20T13:17:42.674387" elapsed="0.000142"/>
</kw>
<status status="NOT RUN" start="2025-05-20T13:17:42.674064" elapsed="0.000567"/>
</branch>
<branch type="ELSE IF" condition="'${password}' == 'emptyusername'">
<kw name="verify the error message is displayed for empty username" owner="LoginResources">
<status status="NOT RUN" start="2025-05-20T13:17:42.675035" elapsed="0.000153"/>
</kw>
<status status="NOT RUN" start="2025-05-20T13:17:42.674729" elapsed="0.000547"/>
</branch>
<branch type="ELSE IF" condition="'${username}' == 'emptypassword'">
<kw name="Verify the error message is displayed for empty password" owner="LoginResources">
<status status="NOT RUN" start="2025-05-20T13:17:42.675647" elapsed="0.000152"/>
</kw>
<status status="NOT RUN" start="2025-05-20T13:17:42.675355" elapsed="0.000527"/>
</branch>
<status status="PASS" start="2025-05-20T13:17:42.276566" elapsed="0.399394"/>
</if>
<arg>username=error_user</arg>
<arg>password=secret_sauce</arg>
<status status="PASS" start="2025-05-20T13:17:37.629487" elapsed="5.046721"/>
</kw>
<kw name="Close the browser Session" owner="GenericResources" type="TEARDOWN">
<kw name="Close Browser" owner="SeleniumLibrary">
<doc>Closes the current browser.</doc>
<status status="PASS" start="2025-05-20T13:17:42.684165" elapsed="3.426449"/>
</kw>
<status status="PASS" start="2025-05-20T13:17:42.682769" elapsed="3.428097"/>
</kw>
<status status="PASS" start="2025-05-20T13:17:31.914347" elapsed="14.196625"/>
</test>
<test id="s1-s1-t6" name="Validate Login with" line="17">
<kw name="Open the browser with URL" owner="GenericResources" type="SETUP">
<kw name="Create Webdriver" owner="SeleniumLibrary">
<msg time="2025-05-20T13:17:46.115390" level="INFO">Creating an instance of the Chrome WebDriver.</msg>
<arg>${browser_name}</arg>
<doc>Creates an instance of Selenium WebDriver.</doc>
<status status="PASS" start="2025-05-20T13:17:46.114786" elapsed="3.291100"/>
</kw>
<kw name="Go To" owner="SeleniumLibrary">
<msg time="2025-05-20T13:17:49.406965" level="INFO">Opening url 'https://www.saucedemo.com/'</msg>
<arg>${url}</arg>
<doc>Navigates the current browser window to the provided ``url``.</doc>
<status status="PASS" start="2025-05-20T13:17:49.406350" elapsed="2.578151"/>
</kw>
<kw name="Maximize Browser Window" owner="SeleniumLibrary">
<doc>Maximizes current browser window.</doc>
<status status="PASS" start="2025-05-20T13:17:51.985065" elapsed="0.728153"/>
</kw>
<kw name="Set Selenium Implicit Wait" owner="SeleniumLibrary">
<arg>5</arg>
<doc>Sets the implicit wait value used by Selenium.</doc>
<status status="PASS" start="2025-05-20T13:17:52.713721" elapsed="0.007082"/>
</kw>
<status status="PASS" start="2025-05-20T13:17:46.114021" elapsed="6.607019"/>
</kw>
<kw name="Validate Login Scenarios">
<kw name="Fill the login form" owner="LoginResources">
<kw name="Input Text" owner="SeleniumLibrary">
<msg time="2025-05-20T13:17:52.727925" level="INFO">Typing text 'visual_user' into text field 'id:user-name'.</msg>
<arg>id:user-name</arg>
<arg>${username}</arg>
<doc>Types the given ``text`` into the text field identified by ``locator``.</doc>
<status status="PASS" start="2025-05-20T13:17:52.723572" elapsed="1.130668"/>
</kw>
<kw name="Input Password" owner="SeleniumLibrary">
<msg time="2025-05-20T13:17:53.855239" level="INFO">Typing password into text field 'id:password'.</msg>
<msg time="2025-05-20T13:17:53.960646" level="INFO">Temporally setting log level to: NONE</msg>
<arg>id:password</arg>
<arg>${password}</arg>
<doc>Types the given password into the text field identified by ``locator``.</doc>
<status status="PASS" start="2025-05-20T13:17:53.854635" elapsed="0.901674"/>
</kw>
<kw name="Click Button" owner="SeleniumLibrary">
<msg time="2025-05-20T13:17:54.757201" level="INFO">Clicking button 'id:login-button'.</msg>
<arg>id:login-button</arg>
<doc>Clicks the button identified by ``locator``.</doc>
<status status="PASS" start="2025-05-20T13:17:54.756685" elapsed="0.984380"/>
</kw>
<arg>${username}</arg>
<arg>${password}</arg>
<status status="PASS" start="2025-05-20T13:17:52.722527" elapsed="3.018836"/>
</kw>
<if>
<branch type="IF" condition="'${username}' == 'standard_user' or '${username}'=='performance_glitch_user' or '${username}'=='error_user' or '${username}'=='visual_user'">
<kw name="Verify the product title" owner="LoginResources">
<kw name="Element Text Should Be" owner="SeleniumLibrary">
<msg time="2025-05-20T13:17:55.744507" level="INFO">Verifying element 'xpath://span[text()='Products']' contains exact text 'Products'.</msg>
<arg>${products_title}</arg>
<arg>Products</arg>
<doc>Verifies that element ``locator`` contains exact the text ``expected``.</doc>
<status status="PASS" start="2025-05-20T13:17:55.743825" elapsed="0.080295"/>
</kw>
<status status="PASS" start="2025-05-20T13:17:55.742666" elapsed="0.081703"/>
</kw>
<status status="PASS" start="2025-05-20T13:17:55.741615" elapsed="0.082853"/>
</branch>
<branch type="ELSE IF" condition="'${username}' == 'locked_out_user'">
<kw name="Verify the error message is displayed for lockedoutuser" owner="LoginResources">
<status status="NOT RUN" start="2025-05-20T13:17:55.825116" elapsed="0.000229"/>
</kw>
<status status="NOT RUN" start="2025-05-20T13:17:55.824589" elapsed="0.000861"/>
</branch>
<branch type="ELSE IF" condition="'${username}' == 'problem_user'">
<kw name="Verify the error message is displayed for wrong Credentials" owner="LoginResources">
<status status="NOT RUN" start="2025-05-20T13:17:55.825935" elapsed="0.000177"/>
</kw>
<status status="NOT RUN" start="2025-05-20T13:17:55.825540" elapsed="0.000665"/>
</branch>
<branch type="ELSE IF" condition="'${password}' == 'emptyusername'">
<kw name="verify the error message is displayed for empty username" owner="LoginResources">
<status status="NOT RUN" start="2025-05-20T13:17:56.117877" elapsed="0.000288"/>
</kw>
<status status="NOT RUN" start="2025-05-20T13:17:55.826281" elapsed="0.292019"/>
</branch>
<branch type="ELSE IF" condition="'${username}' == 'emptypassword'">
<kw name="Verify the error message is displayed for empty password" owner="LoginResources">
<status status="NOT RUN" start="2025-05-20T13:17:56.118823" elapsed="0.000189"/>
</kw>
<status status="NOT RUN" start="2025-05-20T13:17:56.118400" elapsed="0.000707"/>
</branch>
<status status="PASS" start="2025-05-20T13:17:55.741548" elapsed="0.377649"/>
</if>
<arg>username=visual_user</arg>
<arg>password=secret_sauce</arg>
<status status="PASS" start="2025-05-20T13:17:52.721537" elapsed="3.397790"/>
</kw>
<kw name="Close the browser Session" owner="GenericResources" type="TEARDOWN">
<kw name="Close Browser" owner="SeleniumLibrary">
<doc>Closes the current browser.</doc>
<status status="PASS" start="2025-05-20T13:17:56.120605" elapsed="3.033318"/>
</kw>
<status status="PASS" start="2025-05-20T13:17:56.119871" elapsed="3.034259"/>
</kw>
<status status="PASS" start="2025-05-20T13:17:46.111571" elapsed="13.042668"/>
</test>
<test id="s1-s1-t7" name="Validate Login with" line="17">
<kw name="Open the browser with URL" owner="GenericResources" type="SETUP">
<kw name="Create Webdriver" owner="SeleniumLibrary">
<msg time="2025-05-20T13:17:59.157577" level="INFO">Creating an instance of the Chrome WebDriver.</msg>
<arg>${browser_name}</arg>
<doc>Creates an instance of Selenium WebDriver.</doc>
<status status="PASS" start="2025-05-20T13:17:59.157121" elapsed="3.330766"/>
</kw>
<kw name="Go To" owner="SeleniumLibrary">
<msg time="2025-05-20T13:18:02.489541" level="INFO">Opening url 'https://www.saucedemo.com/'</msg>
<arg>${url}</arg>
<doc>Navigates the current browser window to the provided ``url``.</doc>
<status status="PASS" start="2025-05-20T13:18:02.488747" elapsed="0.469783"/>
</kw>
<kw name="Maximize Browser Window" owner="SeleniumLibrary">
<doc>Maximizes current browser window.</doc>
<status status="PASS" start="2025-05-20T13:18:02.958858" elapsed="0.786857"/>
</kw>
<kw name="Set Selenium Implicit Wait" owner="SeleniumLibrary">
<arg>5</arg>
<doc>Sets the implicit wait value used by Selenium.</doc>
<status status="PASS" start="2025-05-20T13:18:03.746578" elapsed="0.012482"/>
</kw>
<status status="PASS" start="2025-05-20T13:17:59.156546" elapsed="4.602783"/>
</kw>
<kw name="Validate Login Scenarios">
<kw name="Fill the login form" owner="LoginResources">
<kw name="Input Text" owner="SeleniumLibrary">
<msg time="2025-05-20T13:18:03.763993" level="INFO">Typing text '' into text field 'id:user-name'.</msg>
<arg>id:user-name</arg>
<arg>${username}</arg>
<doc>Types the given ``text`` into the text field identified by ``locator``.</doc>
<status status="PASS" start="2025-05-20T13:18:03.763021" elapsed="2.634654"/>
</kw>
<kw name="Input Password" owner="SeleniumLibrary">
<msg time="2025-05-20T13:18:06.399115" level="INFO">Typing password into text field 'id:password'.</msg>
<msg time="2025-05-20T13:18:06.831956" level="INFO">Temporally setting log level to: NONE</msg>
<arg>id:password</arg>
<arg>${password}</arg>
<doc>Types the given password into the text field identified by ``locator``.</doc>
<status status="PASS" start="2025-05-20T13:18:06.398302" elapsed="1.135572"/>
</kw>
<kw name="Click Button" owner="SeleniumLibrary">
<msg time="2025-05-20T13:18:07.535109" level="INFO">Clicking button 'id:login-button'.</msg>
<arg>id:login-button</arg>
<doc>Clicks the button identified by ``locator``.</doc>
<status status="PASS" start="2025-05-20T13:18:07.534415" elapsed="0.787185"/>
</kw>
<arg>${username}</arg>
<arg>${password}</arg>
<status status="PASS" start="2025-05-20T13:18:03.760790" elapsed="4.561106"/>
</kw>
<if>
<branch type="IF" condition="'${username}' == 'standard_user' or '${username}'=='performance_glitch_user' or '${username}'=='error_user' or '${username}'=='visual_user'">
<kw name="Verify the product title" owner="LoginResources">
<status status="NOT RUN" start="2025-05-20T13:18:08.323215" elapsed="0.000234"/>
</kw>
<status status="NOT RUN" start="2025-05-20T13:18:08.322142" elapsed="0.001407"/>
</branch>
<branch type="ELSE IF" condition="'${username}' == 'locked_out_user'">
<kw name="Verify the error message is displayed for lockedoutuser" owner="LoginResources">
<status status="NOT RUN" start="2025-05-20T13:18:08.324407" elapsed="0.000215"/>
</kw>
<status status="NOT RUN" start="2025-05-20T13:18:08.323641" elapsed="0.001275"/>
</branch>
<branch type="ELSE IF" condition="'${username}' == 'problem_user'">
<kw name="Verify the error message is displayed for wrong Credentials" owner="LoginResources">
<status status="NOT RUN" start="2025-05-20T13:18:08.330612" elapsed="0.000304"/>
</kw>
<status status="NOT RUN" start="2025-05-20T13:18:08.325064" elapsed="0.005982"/>
</branch>
<branch type="ELSE IF" condition="'${password}' == 'emptyusername'">
<kw name="verify the error message is displayed for empty username" owner="LoginResources">
<kw name="Element Text Should Be" owner="SeleniumLibrary">
<msg time="2025-05-20T13:18:08.338949" level="INFO">Verifying element 'xpath://h3[@data-test='error']' contains exact text 'Epic sadface: Username is required'.</msg>
<arg>${error_msg}</arg>
<arg>Epic sadface: Username is required</arg>
<doc>Verifies that element ``locator`` contains exact the text ``expected``.</doc>
<status status="PASS" start="2025-05-20T13:18:08.338079" elapsed="0.072786"/>
</kw>
<status status="PASS" start="2025-05-20T13:18:08.332840" elapsed="0.078317"/>
</kw>
<status status="PASS" start="2025-05-20T13:18:08.331140" elapsed="0.080123"/>
</branch>
<branch type="ELSE IF" condition="'${username}' == 'emptypassword'">
<kw name="Verify the error message is displayed for empty password" owner="LoginResources">
<status status="NOT RUN" start="2025-05-20T13:18:08.411985" elapsed="0.000224"/>
</kw>
<status status="NOT RUN" start="2025-05-20T13:18:08.411359" elapsed="0.000944"/>
</branch>
<status status="PASS" start="2025-05-20T13:18:08.322077" elapsed="0.090324"/>
</if>
<arg>username=</arg>
<arg>password=emptyusername</arg>
<status status="PASS" start="2025-05-20T13:18:03.759886" elapsed="4.652624"/>
</kw>
<kw name="Close the browser Session" owner="GenericResources" type="TEARDOWN">
<kw name="Close Browser" owner="SeleniumLibrary">
<doc>Closes the current browser.</doc>
<status status="PASS" start="2025-05-20T13:18:08.413979" elapsed="3.451082"/>
</kw>
<status status="PASS" start="2025-05-20T13:18:08.412979" elapsed="3.452302"/>
</kw>
<status status="PASS" start="2025-05-20T13:17:59.154704" elapsed="12.710670"/>
</test>
<test id="s1-s1-t8" name="Validate Login with" line="17">
<kw name="Open the browser with URL" owner="GenericResources" type="SETUP">
<kw name="Create Webdriver" owner="SeleniumLibrary">
<msg time="2025-05-20T13:18:11.868243" level="INFO">Creating an instance of the Chrome WebDriver.</msg>
<arg>${browser_name}</arg>
<doc>Creates an instance of Selenium WebDriver.</doc>
<status status="PASS" start="2025-05-20T13:18:11.867947" elapsed="4.222093"/>
</kw>
<kw name="Go To" owner="SeleniumLibrary">
<msg time="2025-05-20T13:18:16.091288" level="INFO">Opening url 'https://www.saucedemo.com/'</msg>
<arg>${url}</arg>
<doc>Navigates the current browser window to the provided ``url``.</doc>
<status status="PASS" start="2025-05-20T13:18:16.090627" elapsed="2.423694"/>
</kw>
<kw name="Maximize Browser Window" owner="SeleniumLibrary">
<doc>Maximizes current browser window.</doc>
<status status="PASS" start="2025-05-20T13:18:18.514872" elapsed="0.171827"/>
</kw>
<kw name="Set Selenium Implicit Wait" owner="SeleniumLibrary">
<arg>5</arg>
<doc>Sets the implicit wait value used by Selenium.</doc>
<status status="PASS" start="2025-05-20T13:18:18.687033" elapsed="0.013270"/>
</kw>
<status status="PASS" start="2025-05-20T13:18:11.867609" elapsed="6.832937"/>
</kw>
<kw name="Validate Login Scenarios">
<kw name="Fill the login form" owner="LoginResources">
<kw name="Input Text" owner="SeleniumLibrary">
<msg time="2025-05-20T13:18:18.704069" level="INFO">Typing text 'emptypassword' into text field 'id:user-name'.</msg>
<arg>id:user-name</arg>
<arg>${username}</arg>
<doc>Types the given ``text`` into the text field identified by ``locator``.</doc>
<status status="PASS" start="2025-05-20T13:18:18.703277" elapsed="1.648228"/>
</kw>
<kw name="Input Password" owner="SeleniumLibrary">
<msg time="2025-05-20T13:18:20.352762" level="INFO">Typing password into text field 'id:password'.</msg>
<msg time="2025-05-20T13:18:20.508166" level="INFO">Temporally setting log level to: NONE</msg>
<arg>id:password</arg>
<arg>${password}</arg>
<doc>Types the given password into the text field identified by ``locator``.</doc>
<status status="PASS" start="2025-05-20T13:18:20.352031" elapsed="0.549698"/>
</kw>
<kw name="Click Button" owner="SeleniumLibrary">
<msg time="2025-05-20T13:18:20.902797" level="INFO">Clicking button 'id:login-button'.</msg>
<arg>id:login-button</arg>
<doc>Clicks the button identified by ``locator``.</doc>
<status status="PASS" start="2025-05-20T13:18:20.902229" elapsed="0.610372"/>
</kw>
<arg>${username}</arg>
<arg>${password}</arg>
<status status="PASS" start="2025-05-20T13:18:18.702395" elapsed="2.810464"/>
</kw>
<if>
<branch type="IF" condition="'${username}' == 'standard_user' or '${username}'=='performance_glitch_user' or '${username}'=='error_user' or '${username}'=='visual_user'">
<kw name="Verify the product title" owner="LoginResources">
<status status="NOT RUN" start="2025-05-20T13:18:21.514128" elapsed="0.000195"/>
</kw>
<status status="NOT RUN" start="2025-05-20T13:18:21.513102" elapsed="0.001318"/>
</branch>
<branch type="ELSE IF" condition="'${username}' == 'locked_out_user'">
<kw name="Verify the error message is displayed for lockedoutuser" owner="LoginResources">
<status status="NOT RUN" start="2025-05-20T13:18:21.515096" elapsed="0.000146"/>
</kw>
<status status="NOT RUN" start="2025-05-20T13:18:21.514513" elapsed="0.000844"/>
</branch>
<branch type="ELSE IF" condition="'${username}' == 'problem_user'">
<kw name="Verify the error message is displayed for wrong Credentials" owner="LoginResources">
<status status="NOT RUN" start="2025-05-20T13:18:21.516104" elapsed="0.000153"/>
</kw>
<status status="NOT RUN" start="2025-05-20T13:18:21.515441" elapsed="0.000898"/>
</branch>
<branch type="ELSE IF" condition="'${password}' == 'emptyusername'">
<kw name="verify the error message is displayed for empty username" owner="LoginResources">
<status status="NOT RUN" start="2025-05-20T13:18:21.522088" elapsed="0.000200"/>
</kw>
<status status="NOT RUN" start="2025-05-20T13:18:21.516424" elapsed="0.005975"/>
</branch>
<branch type="ELSE IF" condition="'${username}' == 'emptypassword'">
<kw name="Verify the error message is displayed for empty password" owner="LoginResources">
<kw name="Element Text Should Be" owner="SeleniumLibrary">
<msg time="2025-05-20T13:18:21.524295" level="INFO">Verifying element 'xpath://h3[@data-test='error']' contains exact text 'Epic sadface: Password is required'.</msg>
<arg>${error_msg}</arg>
<arg>Epic sadface: Password is required</arg>
<doc>Verifies that element ``locator`` contains exact the text ``expected``.</doc>
<status status="PASS" start="2025-05-20T13:18:21.523775" elapsed="0.067698"/>
</kw>
<status status="PASS" start="2025-05-20T13:18:21.523142" elapsed="0.068599"/>
</kw>
<status status="PASS" start="2025-05-20T13:18:21.522501" elapsed="0.069334"/>
</branch>
<status status="PASS" start="2025-05-20T13:18:21.513040" elapsed="0.078896"/>
</if>
<arg>username=emptypassword</arg>
<arg>password=</arg>
<status status="PASS" start="2025-05-20T13:18:18.701107" elapsed="2.890954"/>
</kw>
<kw name="Close the browser Session" owner="GenericResources" type="TEARDOWN">
<kw name="Close Browser" owner="SeleniumLibrary">
<doc>Closes the current browser.</doc>
<status status="PASS" start="2025-05-20T13:18:21.593378" elapsed="3.063760"/>
</kw>
<status status="PASS" start="2025-05-20T13:18:21.592550" elapsed="3.064802"/>
</kw>
<status status="PASS" start="2025-05-20T13:18:11.865734" elapsed="12.791747"/>
</test>
<doc>Tests to Login to Login Page</doc>
<status status="PASS" start="2025-05-20T13:16:27.135415" elapsed="117.524465"/>
</suite>
<status status="PASS" start="2025-05-20T13:16:27.108173" elapsed="117.557060"/>
</suite>
<statistics>
<total>
<stat pass="8" fail="0" skip="0">All Tests</stat>
</total>
<tag>
</tag>
<suite>
<stat name="TestCases" id="s1" pass="8" fail="0" skip="0">TestCases</stat>
<stat name="Logintest" id="s1-s1" pass="8" fail="0" skip="0">TestCases.Logintest</stat>
</suite>
</statistics>
<errors>
<msg time="2025-05-20T13:16:46.208391" level="WARN">Multiple tests with name 'Validate Login with' executed in suite 'TestCases.Logintest'.</msg>
<msg time="2025-05-20T13:16:59.690328" level="WARN">Multiple tests with name 'Validate Login with' executed in suite 'TestCases.Logintest'.</msg>
<msg time="2025-05-20T13:17:12.484743" level="WARN">Multiple tests with name 'Validate Login with' executed in suite 'TestCases.Logintest'.</msg>
<msg time="2025-05-20T13:17:31.914454" level="WARN">Multiple tests with name 'Validate Login with' executed in suite 'TestCases.Logintest'.</msg>
<msg time="2025-05-20T13:17:46.111659" level="WARN">Multiple tests with name 'Validate Login with' executed in suite 'TestCases.Logintest'.</msg>
<msg time="2025-05-20T13:17:59.154765" level="WARN">Multiple tests with name 'Validate Login with' executed in suite 'TestCases.Logintest'.</msg>
<msg time="2025-05-20T13:18:11.865781" level="WARN">Multiple tests with name 'Validate Login with' executed in suite 'TestCases.Logintest'.</msg>
</errors>
</robot>
