<?xml version="1.0" encoding="UTF-8"?>
<robot generator="Robot 7.2.2 (Python 3.13.3 on win32)" generated="2025-05-20T13:16:27.040633" rpa="false" schemaversion="5">
<suite id="s1" name="TestCases" source="C:\Users\yuvar\ROBOTFRAMEWORK\POMRobotSwag\TestCases">
<suite id="s1-s1" name="Logintest" source="C:\Users\yuvar\ROBOTFRAMEWORK\POMRobotSwag\TestCases\Logintest.robot">
<test id="s1-s1-t1" name="Validate Login with" line="17">
<kw name="Open the browser with URL" owner="GenericResources" type="SETUP">
<kw name="Create Webdriver" owner="SeleniumLibrary">
<msg time="2025-05-20T13:16:30.299773" level="INFO">Creating an instance of the Chrome WebDriver.</msg>
<arg>${browser_name}</arg>
<doc>Creates an instance of Selenium WebDriver.</doc>
<status status="PASS" start="2025-05-20T13:16:30.299174" elapsed="3.832503"/>
</kw>
<kw name="Go To" owner="SeleniumLibrary">
<msg time="2025-05-20T13:16:34.132966" level="INFO">Opening url 'https://www.saucedemo.com/'</msg>
<arg>${url}</arg>
<doc>Navigates the current browser window to the provided ``url``.</doc>
<status status="PASS" start="2025-05-20T13:16:34.132336" elapsed="2.002836"/>
</kw>
<kw name="Maximize Browser Window" owner="SeleniumLibrary">
<doc>Maximizes current browser window.</doc>
<status status="PASS" start="2025-05-20T13:16:36.137099" elapsed="0.642320"/>
</kw>
<kw name="Set Selenium Implicit Wait" owner="SeleniumLibrary">
<arg>5</arg>
<doc>Sets the implicit wait value used by Selenium.</doc>
<status status="PASS" start="2025-05-20T13:16:36.779737" elapsed="0.056094"/>
</kw>
<status status="PASS" start="2025-05-20T13:16:30.297046" elapsed="6.539059"/>
</kw>
<kw name="Validate Login Scenarios">
<kw name="Fill the login form" owner="LoginResources">
<kw name="Input Text" owner="SeleniumLibrary">
<msg time="2025-05-20T13:16:36.843894" level="INFO">Typing text 'standard_user' into text field 'id:user-name'.</msg>
<arg>id:user-name</arg>
<arg>${username}</arg>
<doc>Types the given ``text`` into the text field identified by ``locator``.</doc>
<status status="PASS" start="2025-05-20T13:16:36.838267" elapsed="0.998341"/>
</kw>
<kw name="Input Password" owner="SeleniumLibrary">
<msg time="2025-05-20T13:16:37.837873" level="INFO">Typing password into text field 'id:password'.</msg>
<msg time="2025-05-20T13:16:37.922213" level="INFO">Temporally setting log level to: NONE</msg>
<arg>id:password</arg>
<arg>${password}</arg>
<doc>Types the given password into the text field identified by ``locator``.</doc>
<status status="PASS" start="2025-05-20T13:16:37.837062" elapsed="0.929955"/>
</kw>
<kw name="Click Button" owner="SeleniumLibrary">
<msg time="2025-05-20T13:16:38.767765" level="INFO">Clicking button 'id:login-button'.</msg>
<arg>id:login-button</arg>
<doc>Clicks the button identified by ``locator``.</doc>
<status status="PASS" start="2025-05-20T13:16:38.767323" elapsed="0.766923"/>
</kw>
<arg>${username}</arg>
<arg>${password}</arg>
<status status="PASS" start="2025-05-20T13:16:36.837579" elapsed="2.696962"/>
</kw>
<if>
<branch type="IF" condition="'${username}' == 'standard_user' or '${username}'=='performance_glitch_user' or '${username}'=='error_user' or '${username}'=='visual_user'">
<kw name="Verify the product title" owner="LoginResources">
<kw name="Element Text Should Be" owner="SeleniumLibrary">
<msg time="2025-05-20T13:16:39.547000" level="INFO">Verifying element 'xpath://span[text()='Products']' contains exact text 'Products'.</msg>
<arg>${products_title}</arg>
<arg>Products</arg>
<doc>Verifies that element ``locator`` contains exact the text ``expected``.</doc>
<status status="PASS" start="2025-05-20T13:16:39.537879" elapsed="0.193545"/>
</kw>
<status status="PASS" start="2025-05-20T13:16:39.537226" elapsed="0.194411"/>
</kw>
<status status="PASS" start="2025-05-20T13:16:39.534849" elapsed="0.196869"/>
</branch>
<branch type="ELSE IF" condition="'${username}' == 'locked_out_user'">
<kw name="Verify the error message is displayed for lockedoutuser" owner="LoginResources">
<status status="NOT RUN" start="2025-05-20T13:16:39.732327" elapsed="0.000169"/>
</kw>
<status status="NOT RUN" start="2025-05-20T13:16:39.731853" elapsed="0.000738"/>
</branch>
<branch type="ELSE IF" condition="'${username}' == 'problem_user'">
<kw name="Verify the error message is displayed for wrong Credentials" owner="LoginResources">
<status status="NOT RUN" start="2025-05-20T13:16:39.733009" elapsed="0.000154"/>
</kw>
<status status="NOT RUN" start="2025-05-20T13:16:39.732680" elapsed="0.000557"/>
</branch>
<branch type="ELSE IF" condition="'${password}' == 'emptyusername'">
<kw name="verify the error message is displayed for empty username" owner="LoginResources">
<status status="NOT RUN" start="2025-05-20T13:16:39.733650" elapsed="0.000204"/>
</kw>
<status status="NOT RUN" start="2025-05-20T13:16:39.733340" elapsed="0.000602"/>
</branch>
<branch type="ELSE IF" condition="'${username}' == 'emptypassword'">
<kw name="Verify the error message is displayed for empty password" owner="LoginResources">
<status status="NOT RUN" start="2025-05-20T13:16:39.734388" elapsed="0.000220"/>
</kw>
<status status="NOT RUN" start="2025-05-20T13:16:39.734022" elapsed="0.000670"/>
</branch>
<status status="PASS" start="2025-05-20T13:16:39.534749" elapsed="0.200014"/>
</if>
<arg>username=standard_user</arg>
<arg>password=secret_sauce</arg>
<status status="PASS" start="2025-05-20T13:16:36.836710" elapsed="2.898170"/>
</kw>
<kw name="Close the browser Session" owner="GenericResources" type="TEARDOWN">
<kw name="Close Browser" owner="SeleniumLibrary">
<doc>Closes the current browser.</doc>
<status status="PASS" start="2025-05-20T13:16:39.735843" elapsed="7.677474"/>
</kw>
<status status="PASS" start="2025-05-20T13:16:39.735297" elapsed="7.679091"/>
</kw>
<status status="PASS" start="2025-05-20T13:16:30.293455" elapsed="17.121121"/>
</test>
<test id="s1-s1-t2" name="Validate Login with" line="17">
<kw name="Open the browser with URL" owner="GenericResources" type="SETUP">
<kw name="Create Webdriver" owner="SeleniumLibrary">
<msg time="2025-05-20T13:16:47.485919" level="INFO">Creating an instance of the Chrome WebDriver.</msg>
<arg>${browser_name}</arg>
<doc>Creates an instance of Selenium WebDriver.</doc>
<status status="PASS" start="2025-05-20T13:16:47.485037" elapsed="4.222118"/>
</kw>
<kw name="Go To" owner="SeleniumLibrary">
<msg time="2025-05-20T13:16:51.708517" level="INFO">Opening url 'https://www.saucedemo.com/'</msg>
<arg>${url}</arg>
<doc>Navigates the current browser window to the provided ``url``.</doc>
<status status="PASS" start="2025-05-20T13:16:51.707877" elapsed="1.229024"/>
</kw>
<kw name="Maximize Browser Window" owner="SeleniumLibrary">
<doc>Maximizes current browser window.</doc>
<status status="PASS" start="2025-05-20T13:16:52.937954" elapsed="0.707470"/>
</kw>
<kw name="Set Selenium Implicit Wait" owner="SeleniumLibrary">
<arg>5</arg>
<doc>Sets the implicit wait value used by Selenium.</doc>
<status status="PASS" start="2025-05-20T13:16:53.645990" elapsed="0.063025"/>
</kw>
<status status="PASS" start="2025-05-20T13:16:47.483445" elapsed="6.225842"/>
</kw>
<kw name="Validate Login Scenarios">
<kw name="Fill the login form" owner="LoginResources">
<kw name="Input Text" owner="SeleniumLibrary">
<msg time="2025-05-20T13:16:53.712021" level="INFO">Typing text 'locked_out_user' into text field 'id:user-name'.</msg>
<arg>id:user-name</arg>
<arg>${username}</arg>
<doc>Types the given ``text`` into the text field identified by ``locator``.</doc>
<status status="PASS" start="2025-05-20T13:16:53.711519" elapsed="0.720579"/>
</kw>
<kw name="Input Password" owner="SeleniumLibrary">
<msg time="2025-05-20T13:16:54.433170" level="INFO">Typing password into text field 'id:password'.</msg>
<msg time="2025-05-20T13:16:54.495397" level="INFO">Temporally setting log level to: NONE</msg>
<arg>id:password</arg>
<arg>${password}</arg>
<doc>Types the given password into the text field identified by ``locator``.</doc>
<status status="PASS" start="2025-05-20T13:16:54.432540" elapsed="0.336805"/>
</kw>
<kw name="Click Button" owner="SeleniumLibrary">
<msg time="2025-05-20T13:16:54.770931" level="INFO">Clicking button 'id:login-button'.</msg>
<arg>id:login-button</arg>
<doc>Clicks the button identified by ``locator``.</doc>
<status status="PASS" start="2025-05-20T13:16:54.770309" elapsed="0.288851"/>
</kw>
<arg>${username}</arg>
<arg>${password}</arg>
<status status="PASS" start="2025-05-20T13:16:53.710821" elapsed="1.348620"/>
</kw>
<if>
<branch type="IF" condition="'${username}' == 'standard_user' or '${username}'=='performance_glitch_user' or '${username}'=='error_user' or '${username}'=='visual_user'">
<kw name="Verify the product title" owner="LoginResources">
<status status="NOT RUN" start="2025-05-20T13:16:55.061005" elapsed="0.000239"/>
</kw>
<status status="NOT RUN" start="2025-05-20T13:16:55.059729" elapsed="0.001727"/>
</branch>
<branch type="ELSE IF" condition="'${username}' == 'locked_out_user'">
<kw name="Verify the error message is displayed for lockedoutuser" owner="LoginResources">
<kw name="Element Text Should Be" owner="SeleniumLibrary">
<msg time="2025-05-20T13:16:55.063989" level="INFO">Verifying element 'xpath://h3[@data-test='error']' contains exact text 'Epic sadface: Sorry, this user has been locked out.'.</msg>
<arg>${error_msg}</arg>
<arg>Epic sadface: Sorry, this user has been locked out.</arg>
<doc>Verifies that element ``locator`` contains exact the text ``expected``.</doc>
<status status="PASS" start="2025-05-20T13:16:55.063304" elapsed="0.096263"/>
</kw>
<status status="PASS" start="2025-05-20T13:16:55.062381" elapsed="0.097463"/>
</kw>
<status status="PASS" start="2025-05-20T13:16:55.061624" elapsed="0.098322"/>
</branch>
<branch type="ELSE IF" condition="'${username}' == 'problem_user'">
<kw name="Verify the error message is displayed for wrong Credentials" owner="LoginResources">
<status status="NOT RUN" start="2025-05-20T13:16:55.160547" elapsed="0.000200"/>
</kw>
<status status="NOT RUN" start="2025-05-20T13:16:55.160049" elapsed="0.000793"/>
</branch>
<branch type="ELSE IF" condition="'${password}' == 'emptyusername'">
<kw name="verify the error message is displayed for empty username" owner="LoginResources">
<status status="NOT RUN" start="2025-05-20T13:16:55.161305" elapsed="0.000149"/>
</kw>
<status status="NOT RUN" start="2025-05-20T13:16:55.160938" elapsed="0.000601"/>
</branch>
<branch type="ELSE IF" condition="'${username}' == 'emptypassword'">
<kw name="Verify the error message is displayed for empty password" owner="LoginResources">
<status status="NOT RUN" start="2025-05-20T13:16:55.161963" elapsed="0.000160"/>
</kw>
<status status="NOT RUN" start="2025-05-20T13:16:55.161622" elapsed="0.000588"/>
</branch>
<status status="PASS" start="2025-05-20T13:16:55.059652" elapsed="0.102668"/>
</if>
<arg>username=locked_out_user</arg>
<arg>password=secret_sauce</arg>
<status status="PASS" start="2025-05-20T13:16:53.709884" elapsed="1.452555"/>
</kw>
<kw name="Close the browser Session" owner="GenericResources" type="TEARDOWN">
<kw name="Close Browser" owner="SeleniumLibrary">
<doc>Closes the current browser.</doc>
<status status="PASS" start="2025-05-20T13:16:55.163483" elapsed="4.185446"/>
</kw>
<status status="PASS" start="2025-05-20T13:16:55.162856" elapsed="4.186416"/>
</kw>
<status status="PASS" start="2025-05-20T13:16:47.417396" elapsed="11.932012"/>
</test>
<test id="s1-s1-t3" name="Validate Login with" line="17">
<kw name="Open the browser with URL" owner="GenericResources" type="SETUP">
<kw name="Create Webdriver" owner="SeleniumLibrary">
<msg time="2025-05-20T13:16:59.353942" level="INFO">Creating an instance of the Chrome WebDriver.</msg>
<arg>${browser_name}</arg>
<doc>Creates an instance of Selenium WebDriver.</doc>
<status status="PASS" start="2025-05-20T13:16:59.353454" elapsed="3.057737"/>
</kw>
<kw name="Go To" owner="SeleniumLibrary">
<msg time="2025-05-20T13:17:02.412185" level="INFO">Opening url 'https://www.saucedemo.com/'</msg>
<arg>${url}</arg>
<doc>Navigates the current browser window to the provided ``url``.</doc>
<status status="PASS" start="2025-05-20T13:17:02.411608" elapsed="2.284834"/>
</kw>
<kw name="Maximize Browser Window" owner="SeleniumLibrary">
<doc>Maximizes current browser window.</doc>
<status status="PASS" start="2025-05-20T13:17:04.696900" elapsed="0.239610"/>
</kw>
<kw name="Set Selenium Implicit Wait" owner="SeleniumLibrary">
<arg>5</arg>
<doc>Sets the implicit wait value used by Selenium.</doc>
<status status="PASS" start="2025-05-20T13:17:04.937973" elapsed="0.041415"/>
</kw>
<status status="PASS" start="2025-05-20T13:16:59.352562" elapsed="5.627063"/>
</kw>
<kw name="Validate Login Scenarios">
<kw name="Fill the login form" owner="LoginResources">
<kw name="Input Text" owner="SeleniumLibrary">
<msg time="2025-05-20T13:17:04.982241" level="INFO">Typing text 'problem_user' into text field 'id:user-name'.</msg>
<arg>id:user-name</arg>
<arg>${username}</arg>
<doc>Types the given ``text`` into the text field identified by ``locator``.</doc>
<status status="PASS" start="2025-05-20T13:17:04.981610" elapsed="2.052606"/>
</kw>
<kw name="Input Password" owner="SeleniumLibrary">
<msg time="2025-05-20T13:17:07.036492" level="INFO">Typing password into text field 'id:password'.</msg>
<msg time="2025-05-20T13:17:07.330089" level="INFO">Temporally setting log level to: NONE</msg>
<arg>id:password</arg>
<arg>${password}</arg>
<doc>Types the given password into the text field identified by ``locator``.</doc>
<status status="PASS" start="2025-05-20T13:17:07.034764" elapsed="0.657273"/>
</kw>
<kw name="Click Button" owner="SeleniumLibrary">
<msg time="2025-05-20T13:17:07.693204" level="INFO">Clicking button 'id:login-button'.</msg>
<arg>id:login-button</arg>
<doc>Clicks the button identified by ``locator``.</doc>
<status status="PASS" start="2025-05-20T13:17:07.692567" elapsed="0.704351"/>
</kw>
<arg>${username}</arg>
<arg>${password}</arg>
<status status="PASS" start="2025-05-20T13:17:04.980941" elapsed="3.416366"/>
</kw>
<if>
<branch type="IF" condition="'${username}' == 'standard_user' or '${username}'=='performance_glitch_user' or '${username}'=='error_user' or '${username}'=='visual_user'">
<kw name="Verify the product title" owner="LoginResources">
<status status="NOT RUN" start="2025-05-20T13:17:08.398704" elapsed="0.000212"/>
</kw>
<status status="NOT RUN" start="2025-05-20T13:17:08.397603" elapsed="0.001419"/>
</branch>
<branch type="ELSE IF" condition="'${username}' == 'locked_out_user'">
<kw name="Verify the error message is displayed for lockedoutuser" owner="LoginResources">
<status status="NOT RUN" start="2025-05-20T13:17:08.399675" elapsed="0.000168"/>
</kw>
<status status="NOT RUN" start="2025-05-20T13:17:08.399124" elapsed="0.000816"/>
</branch>
<branch type="ELSE IF" condition="'${username}' == 'problem_user'">
<kw name="Verify the error message is displayed for wrong Credentials" owner="LoginResources">
<kw name="Element Text Should Be" owner="SeleniumLibrary">
<msg time="2025-05-20T13:17:08.402069" level="INFO">Verifying element 'xpath://h3[@data-test='error']' contains exact text 'Epic sadface: Username and password do not match any user in this service'.</msg>
<arg>${error_msg}</arg>
<arg>Epic sadface: Username and password do not match any user in this service</arg>
<doc>Verifies that element ``locator`` contains exact the text ``expected``.</doc>
<status status="PASS" start="2025-05-20T13:17:08.401311" elapsed="0.095767"/>
</kw>
<status status="PASS" start="2025-05-20T13:17:08.400656" elapsed="0.096954"/>
</kw>
<status status="PASS" start="2025-05-20T13:17:08.400031" elapsed="0.097810"/>
</branch>
<branch type="ELSE IF" condition="'${password}' == 'emptyusername'">
<kw name="verify the error message is displayed for empty username" owner="LoginResources">
<status status="NOT RUN" start="2025-05-20T13:17:08.498587" elapsed="0.000352"/>
</kw>
<status status="NOT RUN" start="2025-05-20T13:17:08.498013" elapsed="0.001023"/>
</branch>
<branch type="ELSE IF" condition="'${username}' == 'emptypassword'">
<kw name="Verify the error message is displayed for empty password" owner="LoginResources">
<status status="NOT RUN" start="2025-05-20T13:17:08.499698" elapsed="0.000163"/>
</kw>
<status status="NOT RUN" start="2025-05-20T13:17:08.499129" elapsed="0.000836"/>
</branch>
<status status="PASS" start="2025-05-20T13:17:08.397528" elapsed="0.102542"/>
</if>
<arg>username=problem_user</arg>
<arg>password=secret_sau</arg>
<status status="PASS" start="2025-05-20T13:17:04.980129" elapsed="3.520065"/>
</kw>
<kw name="Close the browser Session" owner="GenericResources" type="TEARDOWN">
<kw name="Close Browser" owner="SeleniumLibrary">
<doc>Closes the current browser.</doc>
<status status="PASS" start="2025-05-20T13:17:08.501176" elapsed="3.904455"/>
</kw>
<status status="PASS" start="2025-05-20T13:17:08.500604" elapsed="3.905418"/>
</kw>
<status status="PASS" start="2025-05-20T13:16:59.350091" elapsed="13.056068"/>
</test>
<test id="s1-s1-t4" name="Validate Login with" line="17">
<kw name="Open the browser with URL" owner="GenericResources" type="SETUP">
<kw name="Create Webdriver" owner="SeleniumLibrary">
<msg time="2025-05-20T13:17:12.409938" level="INFO">Creating an instance of the Chrome WebDriver.</msg>
<arg>${browser_name}</arg>
<doc>Creates an instance of Selenium WebDriver.</doc>
<status status="PASS" start="2025-05-20T13:17:12.409498" elapsed="3.541908"/>
</kw>
<kw name="Go To" owner="SeleniumLibrary">
<msg time="2025-05-20T13:17:15.953355" level="INFO">Opening url 'https://www.saucedemo.com/'</msg>
<arg>${url}</arg>
<doc>Navigates the current browser window to the provided ``url``.</doc>
<status status="PASS" start="2025-05-20T13:17:15.952083" elapsed="1.610795"/>
</kw>
<kw name="Maximize Browser Window" owner="SeleniumLibrary">
<doc>Maximizes current browser window.</doc>
<status status="PASS" start="2025-05-20T13:17:17.563540" elapsed="0.958839"/>
</kw>
<kw name="Set Selenium Implicit Wait" owner="SeleniumLibrary">
<arg>5</arg>
<doc>Sets the implicit wait value used by Selenium.</doc>
<status status="PASS" start="2025-05-20T13:17:18.522951" elapsed="0.003289"/>
</kw>
<status status="PASS" start="2025-05-20T13:17:12.408809" elapsed="6.117672"/>
</kw>
<kw name="Validate Login Scenarios">
<kw name="Fill the login form" owner="LoginResources">
<kw name="Input Text" owner="SeleniumLibrary">
<msg time="2025-05-20T13:17:18.537969" level="INFO">Typing text 'performance_glitch_user' into text field 'id:user-name'.</msg>
<arg>id:user-name</arg>
<arg>${username}</arg>
<doc>Types the given ``text`` into the text field identified by ``locator``.</doc>
<status status="PASS" start="2025-05-20T13:17:18.528833" elapsed="1.234878"/>
</kw>
<kw name="Input Password" owner="SeleniumLibrary">
<msg time="2025-05-20T13:17:19.766325" level="INFO">Typing password into text field 'id:password'.</msg>
<msg time="2025-05-20T13:17:20.207596" level="INFO">Temporally setting log level to: NONE</msg>
<arg>id:password</arg>
<arg>${password}</arg>
<doc>Types the given password into the text field identified by ``locator``.</doc>
<status status="PASS" start="2025-05-20T13:17:19.765449" elapsed="0.639498"/>
</kw>
<kw name="Click Button" owner="SeleniumLibrary">
<msg time="2025-05-20T13:17:20.406230" level="INFO">Clicking button 'id:login-button'.</msg>
<arg>id:login-button</arg>
<doc>Clicks the button identified by ``locator``.</doc>
<status status="PASS" start="2025-05-20T13:17:20.405452" elapsed="6.073212"/>
</kw>
<arg>${username}</arg>
<arg>${password}</arg>
<status status="PASS" start="2025-05-20T13:17:18.528075" elapsed="7.950968"/>
</kw>
<if>
<branch type="IF" condition="'${username}' == 'standard_user' or '${username}'=='performance_glitch_user' or '${username}'=='error_user' or '${username}'=='visual_user'">
<kw name="Verify the product title" owner="LoginResources">
<kw name="Element Text Should Be" owner="SeleniumLibrary">
<msg time="2025-05-20T13:17:26.492613" level="INFO">Verifying element 'xpath://span[text()='Products']' contains exact text 'Products'.</msg>
<arg>${products_title}</arg>
<arg>Products</arg>
<doc>Verifies that element ``locator`` contains exact the text ``expected``.</doc>
<status status="PASS" start="2025-05-20T13:17:26.483758" elapsed="0.537505"/>
</kw>
<status status="PASS" start="2025-05-20T13:17:26.481373" elapsed="0.540120"/>
</kw>
<status status="PASS" start="2025-05-20T13:17:26.479316" elapsed="0.542265"/>
</branch>
<branch type="ELSE IF" condition="'${username}' == 'locked_out_user'">
<kw name="Verify the error message is displayed for lockedoutuser" owner="LoginResources">
<status status="NOT RUN" start="2025-05-20T13:17:27.022265" elapsed="0.000187"/>
</kw>
<status status="NOT RUN" start="2025-05-20T13:17:27.021679" elapsed="0.000867"/>
</branch>
<branch type="ELSE IF" condition="'${username}' == 'problem_user'">
<kw name="Verify the error message is displayed for wrong Credentials" owner="LoginResources">
<status status="NOT RUN" start="2025-05-20T13:17:27.022982" elapsed="0.000139"/>
</kw>
<status status="NOT RUN" start="2025-05-20T13:17:27.022656" elapsed="0.000545"/>
</branch>
<branch type="ELSE IF" condition="'${password}' == 'emptyusername'">
<kw name="verify the error message is displayed for empty username" owner="LoginResources">
<status status="NOT RUN" start="2025-05-20T13:17:27.023578" elapsed="0.000126"/>
</kw>
<status status="NOT RUN" start="2025-05-20T13:17:27.023297" elapsed="0.000485"/>
</branch>
<branch type="ELSE IF" condition="'${username}' == 'emptypassword'">
<kw name="Verify the error message is displayed for empty password" owner="LoginResources">
<status status="NOT RUN" start="2025-05-20T13:17:27.024170" elapsed="0.000130"/>
</kw>
<status status="NOT RUN" start="2025-05-20T13:17:27.023882" elapsed="0.000496"/>
</branch>
<status status="PASS" start="2025-05-20T13:17:26.479243" elapsed="0.545226"/>
</if>
<arg>username=performance_glitch_user</arg>
<arg>password=secret_sauce</arg>
<status status="PASS" start="2025-05-20T13:17:18.527073" elapsed="8.497508"/>
</kw>
<kw name="Close the browser Session" owner="GenericResources" type="TEARDOWN">
<kw name="Close Browser" owner="SeleniumLibrary">
<doc>Closes the current browser.</doc>
<status status="PASS" start="2025-05-20T13:17:27.025535" elapsed="4.780811"/>
</kw>
<status status="PASS" start="2025-05-20T13:17:27.024955" elapsed="4.781618"/>
</kw>
<status status="PASS" start="2025-05-20T13:17:12.406840" elapsed="19.399827"/>
</test>
<test id="s1-s1-t5" name="Validate Login with" line="17">
<kw name="Open the browser with URL" owner="GenericResources" type="SETUP">
<kw name="Create Webdriver" owner="SeleniumLibrary">
<msg time="2025-05-20T13:17:31.809418" level="INFO">Creating an instance of the Chrome WebDriver.</msg>
<arg>${browser_name}</arg>
<doc>Creates an instance of Selenium WebDriver.</doc>
<status status="PASS" start="2025-05-20T13:17:31.809135" elapsed="4.057081"/>
</kw>
<kw name="Go To" owner="SeleniumLibrary">
<msg time="2025-05-20T13:17:35.867841" level="INFO">Opening url 'https://www.saucedemo.com/'</msg>
<arg>${url}</arg>
<doc>Navigates the current browser window to the provided ``url``.</doc>
<status status="PASS" start="2025-05-20T13:17:35.866688" elapsed="1.539203"/>
</kw>
<kw name="Maximize Browser Window" owner="SeleniumLibrary">
<doc>Maximizes current browser window.</doc>
<status status="PASS" start="2025-05-20T13:17:37.406379" elapsed="0.206059"/>
</kw>
<kw name="Set Selenium Implicit Wait" owner="SeleniumLibrary">
<arg>5</arg>
<doc>Sets the implicit wait value used by Selenium.</doc>
<status status="PASS" start="2025-05-20T13:17:37.613097" elapsed="0.011085"/>
</kw>
<status status="PASS" start="2025-05-20T13:17:31.808657" elapsed="5.815754"/>
</kw>
<kw name="Validate Login Scenarios">
<kw name="Fill the login form" owner="LoginResources">
<kw name="Input Text" owner="SeleniumLibrary">
<msg time="2025-05-20T13:17:37.628318" level="INFO">Typing text 'error_user' into text field 'id:user-name'.</msg>
<arg>id:user-name</arg>
<arg>${username}</arg>
<doc>Types the given ``text`` into the text field identified by ``locator``.</doc>
<status status="PASS" start="2025-05-20T13:17:37.627731" elapsed="1.964571"/>
</kw>
<kw name="Input Password" owner="SeleniumLibrary">
<msg time="2025-05-20T13:17:39.593936" level="INFO">Typing password into text field 'id:password'.</msg>
<msg time="2025-05-20T13:17:39.906237" level="INFO">Temporally setting log level to: NONE</msg>
<arg>id:password</arg>
<arg>${password}</arg>
<doc>Types the given password into the text field identified by ``locator``.</doc>
<status status="PASS" start="2025-05-20T13:17:39.593150" elapsed="1.184506"/>
</kw>
<kw name="Click Button" owner="SeleniumLibrary">
<msg time="2025-05-20T13:17:40.778858" level="INFO">Clicking button 'id:login-button'.</msg>
<arg>id:login-button</arg>
<doc>Clicks the button identified by ``locator``.</doc>
<status status="PASS" start="2025-05-20T13:17:40.778216" elapsed="0.767084"/>
</kw>
<arg>${username}</arg>
<arg>${password}</arg>
<status status="PASS" start="2025-05-20T13:17:37.626991" elapsed="3.918619"/>
</kw>
<if>
<branch type="IF" condition="'${username}' == 'standard_user' or '${username}'=='performance_glitch_user' or '${username}'=='error_user' or '${username}'=='visual_user'">
<kw name="Verify the product title" owner="LoginResources">
<kw name="Element Text Should Be" owner="SeleniumLibrary">
<msg time="2025-05-20T13:17:41.549002" level="INFO">Verifying element 'xpath://span[text()='Products']' contains exact text 'Products'.</msg>
<arg>${products_title}</arg>
<arg>Products</arg>
<doc>Verifies that element ``locator`` contains exact the text ``expected``.</doc>
<status status="PASS" start="2025-05-20T13:17:41.548391" elapsed="0.405830"/>
</kw>
<status status="PASS" start="2025-05-20T13:17:41.547104" elapsed="0.407405"/>
</kw>
<status status="PASS" start="2025-05-20T13:17:41.545869" elapsed="0.408750"/>
</branch>
<branch type="ELSE IF" condition="'${username}' == 'locked_out_user'">
<kw name="Verify the error message is displayed for lockedoutuser" owner="LoginResources">
<status status="NOT RUN" start="2025-05-20T13:17:41.955333" elapsed="0.000220"/>
</kw>
<status status="NOT RUN" start="2025-05-20T13:17:41.954726" elapsed="0.000937"/>
</branch>
<branch type="ELSE IF" condition="'${username}' == 'problem_user'">
<kw name="Verify the error message is displayed for wrong Credentials" owner="LoginResources">
<status status="NOT RUN" start="2025-05-20T13:17:41.956425" elapsed="0.000426"/>
</kw>
<status status="NOT RUN" start="2025-05-20T13:17:41.955775" elapsed="0.001334"/>
</branch>
<branch type="ELSE IF" condition="'${password}' == 'emptyusername'">
<kw name="verify the error message is displayed for empty username" owner="LoginResources">
<status status="NOT RUN" start="2025-05-20T13:17:41.957808" elapsed="0.000192"/>
</kw>
<status status="NOT RUN" start="2025-05-20T13:17:41.957223" elapsed="0.000898"/>
</branch>
<branch type="ELSE IF" condition="'${username}' == 'emptypassword'">
<kw name="Verify the error message is displayed for empty password" owner="LoginResources">
<status status="NOT RUN" start="2025-05-20T13:17:41.958577" elapsed="0.000220"/>
</kw>
<status status="NOT RUN" start="2025-05-20T13:17:41.958210" elapsed="0.000685"/>
</branch>
<status status="PASS" start="2025-05-20T13:17:41.545799" elapsed="0.413182"/>
</if>
<arg>username=error_user</arg>
<arg>password=secret_sauce</arg>
<status status="PASS" start="2025-05-20T13:17:37.626035" elapsed="4.333081"/>
</kw>
<kw name="Close the browser Session" owner="GenericResources" type="TEARDOWN">
<kw name="Close Browser" owner="SeleniumLibrary">
<doc>Closes the current browser.</doc>
<status status="PASS" start="2025-05-20T13:17:41.960157" elapsed="3.826260"/>
</kw>
<status status="PASS" start="2025-05-20T13:17:41.959530" elapsed="3.827132"/>
</kw>
<status status="PASS" start="2025-05-20T13:17:31.807053" elapsed="13.979725"/>
</test>
<test id="s1-s1-t6" name="Validate Login with" line="17">
<kw name="Open the browser with URL" owner="GenericResources" type="SETUP">
<kw name="Create Webdriver" owner="SeleniumLibrary">
<msg time="2025-05-20T13:17:45.789259" level="INFO">Creating an instance of the Chrome WebDriver.</msg>
<arg>${browser_name}</arg>
<doc>Creates an instance of Selenium WebDriver.</doc>
<status status="PASS" start="2025-05-20T13:17:45.789042" elapsed="3.641787"/>
</kw>
<kw name="Go To" owner="SeleniumLibrary">
<msg time="2025-05-20T13:17:49.432348" level="INFO">Opening url 'https://www.saucedemo.com/'</msg>
<arg>${url}</arg>
<doc>Navigates the current browser window to the provided ``url``.</doc>
<status status="PASS" start="2025-05-20T13:17:49.431753" elapsed="0.407301"/>
</kw>
<kw name="Maximize Browser Window" owner="SeleniumLibrary">
<doc>Maximizes current browser window.</doc>
<status status="PASS" start="2025-05-20T13:17:49.839411" elapsed="0.680082"/>
</kw>
<kw name="Set Selenium Implicit Wait" owner="SeleniumLibrary">
<arg>5</arg>
<doc>Sets the implicit wait value used by Selenium.</doc>
<status status="PASS" start="2025-05-20T13:17:50.519868" elapsed="0.004377"/>
</kw>
<status status="PASS" start="2025-05-20T13:17:45.788656" elapsed="4.735831"/>
</kw>
<kw name="Validate Login Scenarios">
<kw name="Fill the login form" owner="LoginResources">
<kw name="Input Text" owner="SeleniumLibrary">
<msg time="2025-05-20T13:17:50.528813" level="INFO">Typing text 'visual_user' into text field 'id:user-name'.</msg>
<arg>id:user-name</arg>
<arg>${username}</arg>
<doc>Types the given ``text`` into the text field identified by ``locator``.</doc>
<status status="PASS" start="2025-05-20T13:17:50.528015" elapsed="1.149572"/>
</kw>
<kw name="Input Password" owner="SeleniumLibrary">
<msg time="2025-05-20T13:17:51.678720" level="INFO">Typing password into text field 'id:password'.</msg>
<msg time="2025-05-20T13:17:51.794155" level="INFO">Temporally setting log level to: NONE</msg>
<arg>id:password</arg>
<arg>${password}</arg>
<doc>Types the given password into the text field identified by ``locator``.</doc>
<status status="PASS" start="2025-05-20T13:17:51.678018" elapsed="0.765955"/>
</kw>
<kw name="Click Button" owner="SeleniumLibrary">
<msg time="2025-05-20T13:17:52.444841" level="INFO">Clicking button 'id:login-button'.</msg>
<arg>id:login-button</arg>
<doc>Clicks the button identified by ``locator``.</doc>
<status status="PASS" start="2025-05-20T13:17:52.444327" elapsed="0.316811"/>
</kw>
<arg>${username}</arg>
<arg>${password}</arg>
<status status="PASS" start="2025-05-20T13:17:50.527145" elapsed="2.234246"/>
</kw>
<if>
<branch type="IF" condition="'${username}' == 'standard_user' or '${username}'=='performance_glitch_user' or '${username}'=='error_user' or '${username}'=='visual_user'">
<kw name="Verify the product title" owner="LoginResources">
<kw name="Element Text Should Be" owner="SeleniumLibrary">
<msg time="2025-05-20T13:17:52.766824" level="INFO">Verifying element 'xpath://span[text()='Products']' contains exact text 'Products'.</msg>
<arg>${products_title}</arg>
<arg>Products</arg>
<doc>Verifies that element ``locator`` contains exact the text ``expected``.</doc>
<status status="PASS" start="2025-05-20T13:17:52.765493" elapsed="0.395765"/>
</kw>
<status status="PASS" start="2025-05-20T13:17:52.763553" elapsed="0.397944"/>
</kw>
<status status="PASS" start="2025-05-20T13:17:52.761621" elapsed="0.399973"/>
</branch>
<branch type="ELSE IF" condition="'${username}' == 'locked_out_user'">
<kw name="Verify the error message is displayed for lockedoutuser" owner="LoginResources">
<status status="NOT RUN" start="2025-05-20T13:17:53.162309" elapsed="0.001953"/>
</kw>
<status status="NOT RUN" start="2025-05-20T13:17:53.161717" elapsed="0.003340"/>
</branch>
<branch type="ELSE IF" condition="'${username}' == 'problem_user'">
<kw name="Verify the error message is displayed for wrong Credentials" owner="LoginResources">
<status status="NOT RUN" start="2025-05-20T13:17:53.166614" elapsed="0.000293"/>
</kw>
<status status="NOT RUN" start="2025-05-20T13:17:53.165631" elapsed="0.006045"/>
</branch>
<branch type="ELSE IF" condition="'${password}' == 'emptyusername'">
<kw name="verify the error message is displayed for empty username" owner="LoginResources">
<status status="NOT RUN" start="2025-05-20T13:17:53.172972" elapsed="0.001150"/>
</kw>
<status status="NOT RUN" start="2025-05-20T13:17:53.171898" elapsed="0.002370"/>
</branch>
<branch type="ELSE IF" condition="'${username}' == 'emptypassword'">
<kw name="Verify the error message is displayed for empty password" owner="LoginResources">
<status status="NOT RUN" start="2025-05-20T13:17:53.177205" elapsed="0.000292"/>
</kw>
<status status="NOT RUN" start="2025-05-20T13:17:53.174371" elapsed="0.003254"/>
</branch>
<status status="PASS" start="2025-05-20T13:17:52.761560" elapsed="0.416160"/>
</if>
<arg>username=visual_user</arg>
<arg>password=secret_sauce</arg>
<status status="PASS" start="2025-05-20T13:17:50.525148" elapsed="2.652717"/>
</kw>
<kw name="Close the browser Session" owner="GenericResources" type="TEARDOWN">
<kw name="Close Browser" owner="SeleniumLibrary">
<doc>Closes the current browser.</doc>
<status status="PASS" start="2025-05-20T13:17:53.181026" elapsed="6.144624"/>
</kw>
<status status="PASS" start="2025-05-20T13:17:53.178318" elapsed="6.147547"/>
</kw>
<status status="PASS" start="2025-05-20T13:17:45.787316" elapsed="13.538625"/>
</test>
<test id="s1-s1-t7" name="Validate Login with" line="17">
<kw name="Open the browser with URL" owner="GenericResources" type="SETUP">
<kw name="Create Webdriver" owner="SeleniumLibrary">
<msg time="2025-05-20T13:17:59.329582" level="INFO">Creating an instance of the Chrome WebDriver.</msg>
<arg>${browser_name}</arg>
<doc>Creates an instance of Selenium WebDriver.</doc>
<status status="PASS" start="2025-05-20T13:17:59.328917" elapsed="3.278384"/>
</kw>
<kw name="Go To" owner="SeleniumLibrary">
<msg time="2025-05-20T13:18:02.608283" level="INFO">Opening url 'https://www.saucedemo.com/'</msg>
<arg>${url}</arg>
<doc>Navigates the current browser window to the provided ``url``.</doc>
<status status="PASS" start="2025-05-20T13:18:02.607787" elapsed="2.795495"/>
</kw>
<kw name="Maximize Browser Window" owner="SeleniumLibrary">
<doc>Maximizes current browser window.</doc>
<status status="PASS" start="2025-05-20T13:18:05.403919" elapsed="0.400143"/>
</kw>
<kw name="Set Selenium Implicit Wait" owner="SeleniumLibrary">
<arg>5</arg>
<doc>Sets the implicit wait value used by Selenium.</doc>
<status status="PASS" start="2025-05-20T13:18:05.804444" elapsed="0.005842"/>
</kw>
<status status="PASS" start="2025-05-20T13:17:59.327940" elapsed="6.482604"/>
</kw>
<kw name="Validate Login Scenarios">
<kw name="Fill the login form" owner="LoginResources">
<kw name="Input Text" owner="SeleniumLibrary">
<msg time="2025-05-20T13:18:05.813813" level="INFO">Typing text '' into text field 'id:user-name'.</msg>
<arg>id:user-name</arg>
<arg>${username}</arg>
<doc>Types the given ``text`` into the text field identified by ``locator``.</doc>
<status status="PASS" start="2025-05-20T13:18:05.813246" elapsed="0.620145"/>
</kw>
<kw name="Input Password" owner="SeleniumLibrary">
<msg time="2025-05-20T13:18:06.434850" level="INFO">Typing password into text field 'id:password'.</msg>
<msg time="2025-05-20T13:18:06.656768" level="INFO">Temporally setting log level to: NONE</msg>
<arg>id:password</arg>
<arg>${password}</arg>
<doc>Types the given password into the text field identified by ``locator``.</doc>
<status status="PASS" start="2025-05-20T13:18:06.434051" elapsed="0.587347"/>
</kw>
<kw name="Click Button" owner="SeleniumLibrary">
<msg time="2025-05-20T13:18:07.022592" level="INFO">Clicking button 'id:login-button'.</msg>
<arg>id:login-button</arg>
<doc>Clicks the button identified by ``locator``.</doc>
<status status="PASS" start="2025-05-20T13:18:07.021750" elapsed="0.896920"/>
</kw>
<arg>${username}</arg>
<arg>${password}</arg>
<status status="PASS" start="2025-05-20T13:18:05.812347" elapsed="2.106661"/>
</kw>
<if>
<branch type="IF" condition="'${username}' == 'standard_user' or '${username}'=='performance_glitch_user' or '${username}'=='error_user' or '${username}'=='visual_user'">
<kw name="Verify the product title" owner="LoginResources">
<status status="NOT RUN" start="2025-05-20T13:18:07.920368" elapsed="0.000209"/>
</kw>
<status status="NOT RUN" start="2025-05-20T13:18:07.919258" elapsed="0.001425"/>
</branch>
<branch type="ELSE IF" condition="'${username}' == 'locked_out_user'">
<kw name="Verify the error message is displayed for lockedoutuser" owner="LoginResources">
<status status="NOT RUN" start="2025-05-20T13:18:07.921748" elapsed="0.000208"/>
</kw>
<status status="NOT RUN" start="2025-05-20T13:18:07.920769" elapsed="0.001285"/>
</branch>
<branch type="ELSE IF" condition="'${username}' == 'problem_user'">
<kw name="Verify the error message is displayed for wrong Credentials" owner="LoginResources">
<status status="NOT RUN" start="2025-05-20T13:18:07.922909" elapsed="0.000189"/>
</kw>
<status status="NOT RUN" start="2025-05-20T13:18:07.922154" elapsed="0.001057"/>
</branch>
<branch type="ELSE IF" condition="'${password}' == 'emptyusername'">
<kw name="verify the error message is displayed for empty username" owner="LoginResources">
<kw name="Element Text Should Be" owner="SeleniumLibrary">
<msg time="2025-05-20T13:18:07.925356" level="INFO">Verifying element 'xpath://h3[@data-test='error']' contains exact text 'Epic sadface: Username is required'.</msg>
<arg>${error_msg}</arg>
<arg>Epic sadface: Username is required</arg>
<doc>Verifies that element ``locator`` contains exact the text ``expected``.</doc>
<status status="PASS" start="2025-05-20T13:18:07.924815" elapsed="0.161959"/>
</kw>
<status status="PASS" start="2025-05-20T13:18:07.924157" elapsed="0.162868"/>
</kw>
<status status="PASS" start="2025-05-20T13:18:07.923332" elapsed="0.163784"/>
</branch>
<branch type="ELSE IF" condition="'${username}' == 'emptypassword'">
<kw name="Verify the error message is displayed for empty password" owner="LoginResources">
<status status="NOT RUN" start="2025-05-20T13:18:08.087845" elapsed="0.000274"/>
</kw>
<status status="NOT RUN" start="2025-05-20T13:18:08.087213" elapsed="0.001040"/>
</branch>
<status status="PASS" start="2025-05-20T13:18:07.919178" elapsed="0.169167"/>
</if>
<arg>username=</arg>
<arg>password=emptyusername</arg>
<status status="PASS" start="2025-05-20T13:18:05.811124" elapsed="2.277344"/>
</kw>
<kw name="Close the browser Session" owner="GenericResources" type="TEARDOWN">
<kw name="Close Browser" owner="SeleniumLibrary">
<doc>Closes the current browser.</doc>
<status status="PASS" start="2025-05-20T13:18:08.089704" elapsed="3.998449"/>
</kw>
<status status="PASS" start="2025-05-20T13:18:08.088940" elapsed="3.999475"/>
</kw>
<status status="PASS" start="2025-05-20T13:17:59.326327" elapsed="12.762183"/>
</test>
<test id="s1-s1-t8" name="Validate Login with" line="17">
<kw name="Open the browser with URL" owner="GenericResources" type="SETUP">
<kw name="Create Webdriver" owner="SeleniumLibrary">
<msg time="2025-05-20T13:18:12.092535" level="INFO">Creating an instance of the Chrome WebDriver.</msg>
<arg>${browser_name}</arg>
<doc>Creates an instance of Selenium WebDriver.</doc>
<status status="PASS" start="2025-05-20T13:18:12.092159" elapsed="4.296887"/>
</kw>
<kw name="Go To" owner="SeleniumLibrary">
<msg time="2025-05-20T13:18:16.390133" level="INFO">Opening url 'https://www.saucedemo.com/'</msg>
<arg>${url}</arg>
<doc>Navigates the current browser window to the provided ``url``.</doc>
<status status="PASS" start="2025-05-20T13:18:16.389537" elapsed="4.685823"/>
</kw>
<kw name="Maximize Browser Window" owner="SeleniumLibrary">
<doc>Maximizes current browser window.</doc>
<status status="PASS" start="2025-05-20T13:18:21.076036" elapsed="0.076812"/>
</kw>
<kw name="Set Selenium Implicit Wait" owner="SeleniumLibrary">
<arg>5</arg>
<doc>Sets the implicit wait value used by Selenium.</doc>
<status status="PASS" start="2025-05-20T13:18:21.153201" elapsed="0.002320"/>
</kw>
<status status="PASS" start="2025-05-20T13:18:12.091573" elapsed="9.064189"/>
</kw>
<kw name="Validate Login Scenarios">
<kw name="Fill the login form" owner="LoginResources">
<kw name="Input Text" owner="SeleniumLibrary">
<msg time="2025-05-20T13:18:21.158694" level="INFO">Typing text 'emptypassword' into text field 'id:user-name'.</msg>
<arg>id:user-name</arg>
<arg>${username}</arg>
<doc>Types the given ``text`` into the text field identified by ``locator``.</doc>
<status status="PASS" start="2025-05-20T13:18:21.158154" elapsed="0.564265"/>
</kw>
<kw name="Input Password" owner="SeleniumLibrary">
<msg time="2025-05-20T13:18:21.723688" level="INFO">Typing password into text field 'id:password'.</msg>
<msg time="2025-05-20T13:18:21.782107" level="INFO">Temporally setting log level to: NONE</msg>
<arg>id:password</arg>
<arg>${password}</arg>
<doc>Types the given password into the text field identified by ``locator``.</doc>
<status status="PASS" start="2025-05-20T13:18:21.722940" elapsed="0.130302"/>
</kw>
<kw name="Click Button" owner="SeleniumLibrary">
<msg time="2025-05-20T13:18:21.854077" level="INFO">Clicking button 'id:login-button'.</msg>
<arg>id:login-button</arg>
<doc>Clicks the button identified by ``locator``.</doc>
<status status="PASS" start="2025-05-20T13:18:21.853569" elapsed="0.124191"/>
</kw>
<arg>${username}</arg>
<arg>${password}</arg>
<status status="PASS" start="2025-05-20T13:18:21.157360" elapsed="0.820618"/>
</kw>
<if>
<branch type="IF" condition="'${username}' == 'standard_user' or '${username}'=='performance_glitch_user' or '${username}'=='error_user' or '${username}'=='visual_user'">
<kw name="Verify the product title" owner="LoginResources">
<status status="NOT RUN" start="2025-05-20T13:18:21.979327" elapsed="0.000250"/>
</kw>
<status status="NOT RUN" start="2025-05-20T13:18:21.978200" elapsed="0.001510"/>
</branch>
<branch type="ELSE IF" condition="'${username}' == 'locked_out_user'">
<kw name="Verify the error message is displayed for lockedoutuser" owner="LoginResources">
<status status="NOT RUN" start="2025-05-20T13:18:21.980611" elapsed="0.000166"/>
</kw>
<status status="NOT RUN" start="2025-05-20T13:18:21.979817" elapsed="0.001060"/>
</branch>
<branch type="ELSE IF" condition="'${username}' == 'problem_user'">
<kw name="Verify the error message is displayed for wrong Credentials" owner="LoginResources">
<status status="NOT RUN" start="2025-05-20T13:18:21.981558" elapsed="0.000188"/>
</kw>
<status status="NOT RUN" start="2025-05-20T13:18:21.980968" elapsed="0.000876"/>
</branch>
<branch type="ELSE IF" condition="'${password}' == 'emptyusername'">
<kw name="verify the error message is displayed for empty username" owner="LoginResources">
<status status="NOT RUN" start="2025-05-20T13:18:21.982612" elapsed="0.000153"/>
</kw>
<status status="NOT RUN" start="2025-05-20T13:18:21.981932" elapsed="0.000923"/>
</branch>
<branch type="ELSE IF" condition="'${username}' == 'emptypassword'">
<kw name="Verify the error message is displayed for empty password" owner="LoginResources">
<kw name="Element Text Should Be" owner="SeleniumLibrary">
<msg time="2025-05-20T13:18:21.984547" level="INFO">Verifying element 'xpath://h3[@data-test='error']' contains exact text 'Epic sadface: Password is required'.</msg>
<arg>${error_msg}</arg>
<arg>Epic sadface: Password is required</arg>
<doc>Verifies that element ``locator`` contains exact the text ``expected``.</doc>
<status status="PASS" start="2025-05-20T13:18:21.984099" elapsed="0.037639"/>
</kw>
<status status="PASS" start="2025-05-20T13:18:21.983540" elapsed="0.038435"/>
</kw>
<status status="PASS" start="2025-05-20T13:18:21.982941" elapsed="0.039119"/>
</branch>
<status status="PASS" start="2025-05-20T13:18:21.978146" elapsed="0.044005"/>
</if>
<arg>username=emptypassword</arg>
<arg>password=</arg>
<status status="PASS" start="2025-05-20T13:18:21.156350" elapsed="0.865886"/>
</kw>
<kw name="Close the browser Session" owner="GenericResources" type="TEARDOWN">
<kw name="Close Browser" owner="SeleniumLibrary">
<doc>Closes the current browser.</doc>
<status status="PASS" start="2025-05-20T13:18:22.023284" elapsed="2.726968"/>
</kw>
<status status="PASS" start="2025-05-20T13:18:22.022664" elapsed="2.727794"/>
</kw>
<status status="PASS" start="2025-05-20T13:18:12.089048" elapsed="12.661501"/>
</test>
<doc>Tests to Login to Login Page</doc>
<status status="PASS" start="2025-05-20T13:16:27.116120" elapsed="117.635628"/>
</suite>
<status status="PASS" start="2025-05-20T13:16:27.084688" elapsed="117.670807"/>
</suite>
<statistics>
<total>
<stat pass="8" fail="0" skip="0">All Tests</stat>
</total>
<tag>
</tag>
<suite>
<stat name="TestCases" id="s1" pass="8" fail="0" skip="0">TestCases</stat>
<stat name="Logintest" id="s1-s1" pass="8" fail="0" skip="0">TestCases.Logintest</stat>
</suite>
</statistics>
<errors>
<msg time="2025-05-20T13:16:47.417660" level="WARN">Multiple tests with name 'Validate Login with' executed in suite 'TestCases.Logintest'.</msg>
<msg time="2025-05-20T13:16:59.350199" level="WARN">Multiple tests with name 'Validate Login with' executed in suite 'TestCases.Logintest'.</msg>
<msg time="2025-05-20T13:17:12.406937" level="WARN">Multiple tests with name 'Validate Login with' executed in suite 'TestCases.Logintest'.</msg>
<msg time="2025-05-20T13:17:31.807178" level="WARN">Multiple tests with name 'Validate Login with' executed in suite 'TestCases.Logintest'.</msg>
<msg time="2025-05-20T13:17:45.787382" level="WARN">Multiple tests with name 'Validate Login with' executed in suite 'TestCases.Logintest'.</msg>
<msg time="2025-05-20T13:17:59.326384" level="WARN">Multiple tests with name 'Validate Login with' executed in suite 'TestCases.Logintest'.</msg>
<msg time="2025-05-20T13:18:12.089183" level="WARN">Multiple tests with name 'Validate Login with' executed in suite 'TestCases.Logintest'.</msg>
</errors>
</robot>
