<?xml version="1.0" encoding="UTF-8"?>
<robot generator="Robot 7.2.2 (Python 3.13.3 on win32)" generated="2025-05-15T16:57:12.206980" rpa="false" schemaversion="5">
<suite id="s1" name="Test Checkbox" source="C:\Users\yuvar\ROBOTFRAMEWORK\RobotFrameWorkDemo\Tests\test_checkbox.robot">
<test id="s1-t1" name="Select an option of checkbox" line="10">
<kw name="Open the browser with URL">
<kw name="Open Browser" owner="SeleniumLibrary">
<msg time="2025-05-15T16:57:12.547414" level="INFO">Opening browser 'firefox' to base url 'None'.</msg>
<arg>browser=firefox</arg>
<doc>Opens a new browser instance to the optional ``url``.</doc>
<status status="PASS" start="2025-05-15T16:57:12.547219" elapsed="5.452256"/>
</kw>
<kw name="Go To" owner="SeleniumLibrary">
<msg time="2025-05-15T16:57:18.000183" level="INFO">Opening url 'https://demo.automationtesting.in/Register.html'</msg>
<arg>${url}</arg>
<doc>Navigates the current browser window to the provided ``url``.</doc>
<status status="PASS" start="2025-05-15T16:57:17.999859" elapsed="5.566252"/>
</kw>
<kw name="Maximize Browser Window" owner="SeleniumLibrary">
<doc>Maximizes current browser window.</doc>
<status status="PASS" start="2025-05-15T16:57:23.566510" elapsed="0.264513"/>
</kw>
<kw name="Set Selenium Implicit Wait" owner="SeleniumLibrary">
<arg>10</arg>
<doc>Sets the implicit wait value used by Selenium.</doc>
<status status="PASS" start="2025-05-15T16:57:23.831345" elapsed="0.003909"/>
</kw>
<status status="PASS" start="2025-05-15T16:57:12.546654" elapsed="11.288816"/>
</kw>
<kw name="verify page contains a checkbox">
<kw name="Page Should Contain Checkbox" owner="SeleniumLibrary">
<msg time="2025-05-15T16:57:23.863219" level="INFO">Current page contains checkbox 'id:checkbox1'.</msg>
<arg>id:checkbox1</arg>
<doc>Verifies checkbox ``locator`` is found from the current page.</doc>
<status status="PASS" start="2025-05-15T16:57:23.836520" elapsed="0.026854"/>
</kw>
<kw name="Page Should Not Contain Checkbox" owner="SeleniumLibrary">
<msg time="2025-05-15T16:57:23.887247" level="INFO">Current page does not contain checkbox 'name:radiooptions'.</msg>
<arg>name:radiooptions</arg>
<doc>Verifies checkbox ``locator`` is not found from the current page.</doc>
<status status="PASS" start="2025-05-15T16:57:23.863941" elapsed="0.023393"/>
</kw>
<status status="PASS" start="2025-05-15T16:57:23.836047" elapsed="0.051389"/>
</kw>
<kw name="select the checkbox options Cricket and Hockey">
<kw name="Select Checkbox" owner="SeleniumLibrary">
<msg time="2025-05-15T16:57:23.888447" level="INFO">Selecting checkbox 'id:checkbox1'.</msg>
<arg>id:checkbox1</arg>
<doc>Selects the checkbox identified by ``locator``.</doc>
<status status="PASS" start="2025-05-15T16:57:23.888246" elapsed="0.245643"/>
</kw>
<kw name="Select Checkbox" owner="SeleniumLibrary">
<msg time="2025-05-15T16:57:24.134221" level="INFO">Selecting checkbox 'id:checkbox3'.</msg>
<arg>id:checkbox3</arg>
<doc>Selects the checkbox identified by ``locator``.</doc>
<status status="PASS" start="2025-05-15T16:57:24.134062" elapsed="0.220693"/>
</kw>
<status status="PASS" start="2025-05-15T16:57:23.887959" elapsed="0.466902"/>
</kw>
<kw name="Unselect the checkbox option Hockey">
<kw name="Unselect Checkbox" owner="SeleniumLibrary">
<msg time="2025-05-15T16:57:24.355601" level="INFO">Unselecting checkbox 'id:checkbox3'.</msg>
<arg>id:checkbox3</arg>
<doc>Removes the selection of checkbox identified by ``locator``.</doc>
<status status="PASS" start="2025-05-15T16:57:24.355426" elapsed="0.223812"/>
</kw>
<status status="PASS" start="2025-05-15T16:57:24.355168" elapsed="0.224275"/>
</kw>
<kw name="Verify Checkbox option cricket is selected">
<kw name="Checkbox Should Be Selected" owner="SeleniumLibrary">
<msg time="2025-05-15T16:57:24.580399" level="INFO">Verifying checkbox 'id:checkbox1' is selected.</msg>
<arg>id:checkbox1</arg>
<doc>Verifies checkbox ``locator`` is selected/checked.</doc>
<status status="PASS" start="2025-05-15T16:57:24.580215" elapsed="0.012658"/>
</kw>
<status status="PASS" start="2025-05-15T16:57:24.579893" elapsed="0.013080"/>
</kw>
<kw name="Verify Checkbox option Hockey is selected">
<kw name="Checkbox Should Not Be Selected" owner="SeleniumLibrary">
<msg time="2025-05-15T16:57:24.593563" level="INFO">Verifying checkbox 'id:checkbox3' is not selected.</msg>
<arg>id:checkbox3</arg>
<doc>Verifies checkbox ``locator`` is not selected/checked.</doc>
<status status="PASS" start="2025-05-15T16:57:24.593431" elapsed="0.028955"/>
</kw>
<status status="PASS" start="2025-05-15T16:57:24.593191" elapsed="0.029299"/>
</kw>
<kw name="Close Browser Session" type="TEARDOWN">
<kw name="Close Browser" owner="SeleniumLibrary">
<doc>Closes the current browser.</doc>
<status status="PASS" start="2025-05-15T16:57:24.623219" elapsed="2.909394"/>
</kw>
<status status="PASS" start="2025-05-15T16:57:24.622961" elapsed="2.909803"/>
</kw>
<status status="PASS" start="2025-05-15T16:57:12.545918" elapsed="14.987229"/>
</test>
<doc>To validate the checkBox</doc>
<status status="PASS" start="2025-05-15T16:57:12.208312" elapsed="15.325945"/>
</suite>
<statistics>
<total>
<stat pass="1" fail="0" skip="0">All Tests</stat>
</total>
<tag>
</tag>
<suite>
<stat name="Test Checkbox" id="s1" pass="1" fail="0" skip="0">Test Checkbox</stat>
</suite>
</statistics>
<errors>
</errors>
</robot>
