<?xml version="1.0" encoding="UTF-8"?>
<robot generator="Robot 7.2.2 (Python 3.13.3 on win32)" generated="2025-05-19T10:45:05.159247" rpa="false" schemaversion="5">
<suite id="s1" name="Test Draganddrop" source="C:\Users\yuvar\ROBOTFRAMEWORK\RobotFrameWorkDemo\Tests\test_draganddrop.robot">
<test id="s1-t1" name="Verify that user can drag and drop elements" line="10">
<kw name="Open the browser with URL">
<kw name="Create Webdriver" owner="SeleniumLibrary">
<msg time="2025-05-19T10:45:05.477173" level="INFO">Creating an instance of the Firefox WebDriver.</msg>
<arg>${browser_name}</arg>
<doc>Creates an instance of Selenium WebDriver.</doc>
<status status="PASS" start="2025-05-19T10:45:05.477017" elapsed="5.372243"/>
</kw>
<kw name="Go To" owner="SeleniumLibrary">
<msg time="2025-05-19T10:45:10.849824" level="INFO">Opening url 'https://demoqa.com/droppable'</msg>
<arg>https://demoqa.com/droppable</arg>
<doc>Navigates the current browser window to the provided ``url``.</doc>
<status status="PASS" start="2025-05-19T10:45:10.849600" elapsed="8.795869"/>
</kw>
<kw name="Maximize Browser Window" owner="SeleniumLibrary">
<doc>Maximizes current browser window.</doc>
<status status="PASS" start="2025-05-19T10:45:19.645765" elapsed="0.273309"/>
</kw>
<kw name="Set Selenium Implicit Wait" owner="SeleniumLibrary">
<arg>5</arg>
<doc>Sets the implicit wait value used by Selenium.</doc>
<status status="PASS" start="2025-05-19T10:45:19.919369" elapsed="0.004744"/>
</kw>
<status status="PASS" start="2025-05-19T10:45:05.476413" elapsed="14.447865"/>
</kw>
<kw name="Verify element Text before drag">
<kw name="Element Text Should Be" owner="SeleniumLibrary">
<msg time="2025-05-19T10:45:19.925925" level="INFO">Verifying element 'id:droppable' contains exact text 'Drop here'.</msg>
<arg>id:droppable</arg>
<arg>Drop here</arg>
<arg>timeouts=5</arg>
<doc>Verifies that element ``locator`` contains exact the text ``expected``.</doc>
<status status="PASS" start="2025-05-19T10:45:19.925411" elapsed="0.034106"/>
</kw>
<status status="PASS" start="2025-05-19T10:45:19.924985" elapsed="0.034740"/>
</kw>
<kw name="Drag the element and drop">
<kw name="Drag And Drop" owner="SeleniumLibrary">
<arg>id:draggable</arg>
<arg>id:droppable</arg>
<doc>Drags the element identified by ``locator`` into the ``target`` element.</doc>
<status status="PASS" start="2025-05-19T10:45:19.960505" elapsed="0.583259"/>
</kw>
<status status="PASS" start="2025-05-19T10:45:19.960117" elapsed="0.583788"/>
</kw>
<kw name="verify element text after drag">
<kw name="Element Text Should Be" owner="SeleniumLibrary">
<msg time="2025-05-19T10:45:20.544939" level="INFO">Verifying element 'id:droppable' contains exact text 'Dropped!'.</msg>
<arg>id:droppable</arg>
<arg>Dropped!</arg>
<arg>timeout=5</arg>
<doc>Verifies that element ``locator`` contains exact the text ``expected``.</doc>
<status status="PASS" start="2025-05-19T10:45:20.544719" elapsed="0.014207"/>
</kw>
<status status="PASS" start="2025-05-19T10:45:20.544406" elapsed="0.014616"/>
</kw>
<kw name="Close Browser" owner="SeleniumLibrary" type="TEARDOWN">
<doc>Closes the current browser.</doc>
<status status="PASS" start="2025-05-19T10:45:20.559293" elapsed="3.023547"/>
</kw>
<status status="PASS" start="2025-05-19T10:45:05.475652" elapsed="18.107607"/>
</test>
<doc>To validate the Drag and drop</doc>
<status status="PASS" start="2025-05-19T10:45:05.160768" elapsed="18.423747"/>
</suite>
<statistics>
<total>
<stat pass="1" fail="0" skip="0">All Tests</stat>
</total>
<tag>
</tag>
<suite>
<stat name="Test Draganddrop" id="s1" pass="1" fail="0" skip="0">Test Draganddrop</stat>
</suite>
</statistics>
<errors>
</errors>
</robot>
