<?xml version="1.0" encoding="UTF-8"?>
<robot generator="Robot 7.2.2 (Python 3.13.3 on win32)" generated="2025-05-19T15:43:14.824172" rpa="false" schemaversion="5">
<suite id="s1" name="LoginTestExcel" source="C:\Users\yuvar\ROBOTFRAMEWORK\POMRobot\TestCases\LoginTestExcel.robot">
<test id="s1-t1" name="Login to form using" line="15">
<kw name="Validate unsucessful login">
<kw name="Open the browser with URL">
<kw name="Create Webdriver" owner="SeleniumLibrary">
<msg time="2025-05-19T15:43:15.815667" level="INFO">Creating an instance of the Chrome WebDriver.</msg>
<arg>${browser}</arg>
<doc>Creates an instance of Selenium WebDriver.</doc>
<status status="PASS" start="2025-05-19T15:43:15.815493" elapsed="1.311614"/>
</kw>
<kw name="Go To" owner="SeleniumLibrary">
<msg time="2025-05-19T15:43:17.129205" level="INFO">Opening url 'https://opensource-demo.orangehrmlive.com/web/index.php/auth/login'</msg>
<arg>https://opensource-demo.orangehrmlive.com/web/index.php/auth/login</arg>
<doc>Navigates the current browser window to the provided ``url``.</doc>
<status status="PASS" start="2025-05-19T15:43:17.128844" elapsed="4.324377"/>
</kw>
<kw name="Maximize Browser Window" owner="SeleniumLibrary">
<doc>Maximizes current browser window.</doc>
<status status="PASS" start="2025-05-19T15:43:21.454452" elapsed="0.028999"/>
</kw>
<kw name="Set Selenium Implicit Wait" owner="SeleniumLibrary">
<arg>5</arg>
<doc>Sets the implicit wait value used by Selenium.</doc>
<status status="PASS" start="2025-05-19T15:43:21.484096" elapsed="0.002047"/>
</kw>
<status status="PASS" start="2025-05-19T15:43:15.814926" elapsed="5.671641"/>
</kw>
<kw name="Fill the login Form">
<kw name="Input Text" owner="SeleniumLibrary">
<msg time="2025-05-19T15:43:21.487741" level="INFO">Typing text 'abc' into text field 'css:input[name=username]'.</msg>
<arg>css:input[name=username]</arg>
<arg>${username}</arg>
<doc>Types the given ``text`` into the text field identified by ``locator``.</doc>
<status status="PASS" start="2025-05-19T15:43:21.487355" elapsed="0.488613"/>
</kw>
<kw name="Input Password" owner="SeleniumLibrary">
<msg time="2025-05-19T15:43:21.977464" level="INFO">Typing password into text field 'css:input[name=password]'.</msg>
<msg time="2025-05-19T15:43:22.011280" level="INFO">Temporally setting log level to: NONE</msg>
<arg>css:input[name=password]</arg>
<arg>${password}</arg>
<doc>Types the given password into the text field identified by ``locator``.</doc>
<status status="PASS" start="2025-05-19T15:43:21.977040" elapsed="0.090493"/>
</kw>
<kw name="Click Button" owner="SeleniumLibrary">
<msg time="2025-05-19T15:43:22.069236" level="INFO">Clicking button 'css:.orangehrm-login-button'.</msg>
<arg>${login_btn}</arg>
<doc>Clicks the button identified by ``locator``.</doc>
<status status="PASS" start="2025-05-19T15:43:22.068811" elapsed="0.085559"/>
</kw>
<arg>${username}</arg>
<arg>${password}</arg>
<status status="PASS" start="2025-05-19T15:43:21.486978" elapsed="0.669176"/>
</kw>
<kw name="Verify the error message is correct">
<kw name="Element Text Should Be" owner="SeleniumLibrary">
<msg time="2025-05-19T15:43:22.157421" level="INFO">Verifying element 'css:.oxd-alert-content--error' contains exact text 'Invalid credentials'.</msg>
<arg>${login_error_message}</arg>
<arg>Invalid credentials</arg>
<doc>Verifies that element ``locator`` contains exact the text ``expected``.</doc>
<status status="PASS" start="2025-05-19T15:43:22.157079" elapsed="1.564187"/>
</kw>
<status status="PASS" start="2025-05-19T15:43:22.156629" elapsed="1.565855"/>
</kw>
<arg>username=abc</arg>
<arg>password=admin123</arg>
<status status="PASS" start="2025-05-19T15:43:15.814556" elapsed="7.908097"/>
</kw>
<status status="PASS" start="2025-05-19T15:43:15.813019" elapsed="7.910016"/>
</test>
<test id="s1-t2" name="Login to form using" line="15">
<kw name="Validate unsucessful login">
<kw name="Open the browser with URL">
<kw name="Create Webdriver" owner="SeleniumLibrary">
<msg time="2025-05-19T15:43:23.727568" level="INFO">Creating an instance of the Chrome WebDriver.</msg>
<arg>${browser}</arg>
<doc>Creates an instance of Selenium WebDriver.</doc>
<status status="PASS" start="2025-05-19T15:43:23.727411" elapsed="1.263505"/>
</kw>
<kw name="Go To" owner="SeleniumLibrary">
<msg time="2025-05-19T15:43:24.992462" level="INFO">Opening url 'https://opensource-demo.orangehrmlive.com/web/index.php/auth/login'</msg>
<arg>https://opensource-demo.orangehrmlive.com/web/index.php/auth/login</arg>
<doc>Navigates the current browser window to the provided ``url``.</doc>
<status status="PASS" start="2025-05-19T15:43:24.992179" elapsed="4.262580"/>
</kw>
<kw name="Maximize Browser Window" owner="SeleniumLibrary">
<doc>Maximizes current browser window.</doc>
<status status="PASS" start="2025-05-19T15:43:29.255941" elapsed="0.025462"/>
</kw>
<kw name="Set Selenium Implicit Wait" owner="SeleniumLibrary">
<arg>5</arg>
<doc>Sets the implicit wait value used by Selenium.</doc>
<status status="PASS" start="2025-05-19T15:43:29.281691" elapsed="0.002989"/>
</kw>
<status status="PASS" start="2025-05-19T15:43:23.727199" elapsed="5.557806"/>
</kw>
<kw name="Fill the login Form">
<kw name="Input Text" owner="SeleniumLibrary">
<msg time="2025-05-19T15:43:29.286005" level="INFO">Typing text 'Admin' into text field 'css:input[name=username]'.</msg>
<arg>css:input[name=username]</arg>
<arg>${username}</arg>
<doc>Types the given ``text`` into the text field identified by ``locator``.</doc>
<status status="PASS" start="2025-05-19T15:43:29.285755" elapsed="0.575664"/>
</kw>
<kw name="Input Password" owner="SeleniumLibrary">
<msg time="2025-05-19T15:43:29.863379" level="INFO">Typing password into text field 'css:input[name=password]'.</msg>
<msg time="2025-05-19T15:43:29.894095" level="INFO">Temporally setting log level to: NONE</msg>
<arg>css:input[name=password]</arg>
<arg>${password}</arg>
<doc>Types the given password into the text field identified by ``locator``.</doc>
<status status="PASS" start="2025-05-19T15:43:29.862905" elapsed="0.077288"/>
</kw>
<kw name="Click Button" owner="SeleniumLibrary">
<msg time="2025-05-19T15:43:29.941804" level="INFO">Clicking button 'css:.orangehrm-login-button'.</msg>
<arg>${login_btn}</arg>
<doc>Clicks the button identified by ``locator``.</doc>
<status status="PASS" start="2025-05-19T15:43:29.941436" elapsed="0.082251"/>
</kw>
<arg>${username}</arg>
<arg>${password}</arg>
<status status="PASS" start="2025-05-19T15:43:29.285346" elapsed="0.739378"/>
</kw>
<kw name="Verify the error message is correct">
<kw name="Element Text Should Be" owner="SeleniumLibrary">
<msg time="2025-05-19T15:43:30.025492" level="INFO">Verifying element 'css:.oxd-alert-content--error' contains exact text 'Invalid credentials'.</msg>
<arg>${login_error_message}</arg>
<arg>Invalid credentials</arg>
<doc>Verifies that element ``locator`` contains exact the text ``expected``.</doc>
<status status="PASS" start="2025-05-19T15:43:30.025233" elapsed="1.800698"/>
</kw>
<status status="PASS" start="2025-05-19T15:43:30.024964" elapsed="1.802286"/>
</kw>
<arg>username=Admin</arg>
<arg>password=asda</arg>
<status status="PASS" start="2025-05-19T15:43:23.726889" elapsed="8.100618"/>
</kw>
<status status="PASS" start="2025-05-19T15:43:23.725425" elapsed="8.102723"/>
</test>
<test id="s1-t3" name="Login to form using" line="15">
<kw name="Validate unsucessful login">
<kw name="Open the browser with URL">
<kw name="Create Webdriver" owner="SeleniumLibrary">
<msg time="2025-05-19T15:43:31.832349" level="INFO">Creating an instance of the Chrome WebDriver.</msg>
<arg>${browser}</arg>
<doc>Creates an instance of Selenium WebDriver.</doc>
<status status="PASS" start="2025-05-19T15:43:31.832183" elapsed="1.240295"/>
</kw>
<kw name="Go To" owner="SeleniumLibrary">
<msg time="2025-05-19T15:43:33.074221" level="INFO">Opening url 'https://opensource-demo.orangehrmlive.com/web/index.php/auth/login'</msg>
<arg>https://opensource-demo.orangehrmlive.com/web/index.php/auth/login</arg>
<doc>Navigates the current browser window to the provided ``url``.</doc>
<status status="PASS" start="2025-05-19T15:43:33.073936" elapsed="3.407366"/>
</kw>
<kw name="Maximize Browser Window" owner="SeleniumLibrary">
<doc>Maximizes current browser window.</doc>
<status status="PASS" start="2025-05-19T15:43:36.482467" elapsed="0.048235"/>
</kw>
<kw name="Set Selenium Implicit Wait" owner="SeleniumLibrary">
<arg>5</arg>
<doc>Sets the implicit wait value used by Selenium.</doc>
<status status="PASS" start="2025-05-19T15:43:36.531237" elapsed="0.003957"/>
</kw>
<status status="PASS" start="2025-05-19T15:43:31.831948" elapsed="4.703675"/>
</kw>
<kw name="Fill the login Form">
<kw name="Input Text" owner="SeleniumLibrary">
<msg time="2025-05-19T15:43:36.536888" level="INFO">Typing text '1231' into text field 'css:input[name=username]'.</msg>
<arg>css:input[name=username]</arg>
<arg>${username}</arg>
<doc>Types the given ``text`` into the text field identified by ``locator``.</doc>
<status status="PASS" start="2025-05-19T15:43:36.536607" elapsed="0.494288"/>
</kw>
<kw name="Input Password" owner="SeleniumLibrary">
<msg time="2025-05-19T15:43:37.033284" level="INFO">Typing password into text field 'css:input[name=password]'.</msg>
<msg time="2025-05-19T15:43:37.066533" level="INFO">Temporally setting log level to: NONE</msg>
<arg>css:input[name=password]</arg>
<arg>${password}</arg>
<doc>Types the given password into the text field identified by ``locator``.</doc>
<status status="PASS" start="2025-05-19T15:43:37.032305" elapsed="0.096068"/>
</kw>
<kw name="Click Button" owner="SeleniumLibrary">
<msg time="2025-05-19T15:43:37.130223" level="INFO">Clicking button 'css:.orangehrm-login-button'.</msg>
<arg>${login_btn}</arg>
<doc>Clicks the button identified by ``locator``.</doc>
<status status="PASS" start="2025-05-19T15:43:37.129792" elapsed="1.125015"/>
</kw>
<arg>${username}</arg>
<arg>${password}</arg>
<status status="PASS" start="2025-05-19T15:43:36.536069" elapsed="1.719734"/>
</kw>
<kw name="Verify the error message is correct">
<kw name="Element Text Should Be" owner="SeleniumLibrary">
<msg time="2025-05-19T15:43:38.256672" level="INFO">Verifying element 'css:.oxd-alert-content--error' contains exact text 'Invalid credentials'.</msg>
<arg>${login_error_message}</arg>
<arg>Invalid credentials</arg>
<doc>Verifies that element ``locator`` contains exact the text ``expected``.</doc>
<status status="PASS" start="2025-05-19T15:43:38.256470" elapsed="0.439581"/>
</kw>
<status status="PASS" start="2025-05-19T15:43:38.256163" elapsed="0.440959"/>
</kw>
<arg>username=1231</arg>
<arg>password=12312</arg>
<status status="PASS" start="2025-05-19T15:43:31.831634" elapsed="6.865723"/>
</kw>
<status status="PASS" start="2025-05-19T15:43:31.830467" elapsed="6.867306"/>
</test>
<status status="PASS" start="2025-05-19T15:43:14.897015" elapsed="23.803683"/>
</suite>
<statistics>
<total>
<stat pass="3" fail="0" skip="0">All Tests</stat>
</total>
<tag>
</tag>
<suite>
<stat name="LoginTestExcel" id="s1" pass="3" fail="0" skip="0">LoginTestExcel</stat>
</suite>
</statistics>
<errors>
<msg time="2025-05-19T15:43:23.725546" level="WARN">Multiple tests with name 'Login to form using' executed in suite 'LoginTestExcel'.</msg>
<msg time="2025-05-19T15:43:31.830541" level="WARN">Multiple tests with name 'Login to form using' executed in suite 'LoginTestExcel'.</msg>
</errors>
</robot>
